-------------------------------------------------------------------------------
Test set: com.geriatriccare.integration.api.PatientApiTest
-------------------------------------------------------------------------------
Tests run: 19, Failures: 5, Errors: 0, Skipped: 0, Time elapsed: 31.11 s <<< FAILURE! -- in com.geriatriccare.integration.api.PatientApiTest
com.geriatriccare.integration.api.PatientApiTest.createPatient_asFamily_returns403 -- Time elapsed: 0.482 s <<< FAILURE!
org.opentest4j.AssertionFailedError: 

expected: 403 FORBIDDEN
 but was: 401 UNAUTHORIZED
	at java.base/jdk.internal.reflect.NativeConstructorAccessorImpl.newInstance0(Native Method)
	at java.base/jdk.internal.reflect.NativeConstructorAccessorImpl.newInstance(NativeConstructorAccessorImpl.java:77)
	at java.base/jdk.internal.reflect.DelegatingConstructorAccessorImpl.newInstance(DelegatingConstructorAccessorImpl.java:45)
	at java.base/java.lang.reflect.Constructor.newInstanceWithCaller(Constructor.java:500)
	at com.geriatriccare.integration.api.PatientApiTest.createPatient_asFamily_returns403(PatientApiTest.java:66)
	at java.base/java.lang.reflect.Method.invoke(Method.java:569)
	at java.base/java.util.ArrayList.forEach(ArrayList.java:1511)
	at java.base/java.util.ArrayList.forEach(ArrayList.java:1511)

com.geriatriccare.integration.api.PatientApiTest.createPatient_missingFirstName_returns400 -- Time elapsed: 0.488 s <<< FAILURE!
org.opentest4j.AssertionFailedError: 

expected: 400 BAD_REQUEST
 but was: 401 UNAUTHORIZED
	at java.base/jdk.internal.reflect.NativeConstructorAccessorImpl.newInstance0(Native Method)
	at java.base/jdk.internal.reflect.NativeConstructorAccessorImpl.newInstance(NativeConstructorAccessorImpl.java:77)
	at java.base/jdk.internal.reflect.DelegatingConstructorAccessorImpl.newInstance(DelegatingConstructorAccessorImpl.java:45)
	at java.base/java.lang.reflect.Constructor.newInstanceWithCaller(Constructor.java:500)
	at com.geriatriccare.integration.api.PatientApiTest.createPatient_missingFirstName_returns400(PatientApiTest.java:82)
	at java.base/java.lang.reflect.Method.invoke(Method.java:569)
	at java.base/java.util.ArrayList.forEach(ArrayList.java:1511)
	at java.base/java.util.ArrayList.forEach(ArrayList.java:1511)

com.geriatriccare.integration.api.PatientApiTest.deletePatient_asPhysician_returns403 -- Time elapsed: 0.747 s <<< FAILURE!
org.opentest4j.AssertionFailedError: 

expected: 403 FORBIDDEN
 but was: 401 UNAUTHORIZED
	at java.base/jdk.internal.reflect.NativeConstructorAccessorImpl.newInstance0(Native Method)
	at java.base/jdk.internal.reflect.NativeConstructorAccessorImpl.newInstance(NativeConstructorAccessorImpl.java:77)
	at java.base/jdk.internal.reflect.DelegatingConstructorAccessorImpl.newInstance(DelegatingConstructorAccessorImpl.java:45)
	at java.base/java.lang.reflect.Constructor.newInstanceWithCaller(Constructor.java:500)
	at com.geriatriccare.integration.api.PatientApiTest.deletePatient_asPhysician_returns403(PatientApiTest.java:180)
	at java.base/java.lang.reflect.Method.invoke(Method.java:569)
	at java.base/java.util.ArrayList.forEach(ArrayList.java:1511)
	at java.base/java.util.ArrayList.forEach(ArrayList.java:1511)

com.geriatriccare.integration.api.PatientApiTest.createPatient_futureDOB_returns400 -- Time elapsed: 0.463 s <<< FAILURE!
org.opentest4j.AssertionFailedError: 

expected: 400 BAD_REQUEST
 but was: 401 UNAUTHORIZED
	at java.base/jdk.internal.reflect.NativeConstructorAccessorImpl.newInstance0(Native Method)
	at java.base/jdk.internal.reflect.NativeConstructorAccessorImpl.newInstance(NativeConstructorAccessorImpl.java:77)
	at java.base/jdk.internal.reflect.DelegatingConstructorAccessorImpl.newInstance(DelegatingConstructorAccessorImpl.java:45)
	at java.base/java.lang.reflect.Constructor.newInstanceWithCaller(Constructor.java:500)
	at com.geriatriccare.integration.api.PatientApiTest.createPatient_futureDOB_returns400(PatientApiTest.java:91)
	at java.base/java.lang.reflect.Method.invoke(Method.java:569)
	at java.base/java.util.ArrayList.forEach(ArrayList.java:1511)
	at java.base/java.util.ArrayList.forEach(ArrayList.java:1511)

com.geriatriccare.integration.api.PatientApiTest.listPatients_asCaregiver_returns403 -- Time elapsed: 0.453 s <<< FAILURE!
org.opentest4j.AssertionFailedError: 

expected: 403 FORBIDDEN
 but was: 401 UNAUTHORIZED
	at java.base/jdk.internal.reflect.NativeConstructorAccessorImpl.newInstance0(Native Method)
	at java.base/jdk.internal.reflect.NativeConstructorAccessorImpl.newInstance(NativeConstructorAccessorImpl.java:77)
	at java.base/jdk.internal.reflect.DelegatingConstructorAccessorImpl.newInstance(DelegatingConstructorAccessorImpl.java:45)
	at java.base/java.lang.reflect.Constructor.newInstanceWithCaller(Constructor.java:500)
	at com.geriatriccare.integration.api.PatientApiTest.listPatients_asCaregiver_returns403(PatientApiTest.java:138)
	at java.base/java.lang.reflect.Method.invoke(Method.java:569)
	at java.base/java.util.ArrayList.forEach(ArrayList.java:1511)
	at java.base/java.util.ArrayList.forEach(ArrayList.java:1511)

