<?xml version="1.0" encoding="UTF-8"?>
<testsuite xmlns:xsi="http://www.w3.org/2001/XMLSchema-instance" xsi:noNamespaceSchemaLocation="https://maven.apache.org/surefire/maven-surefire-plugin/xsd/surefire-test-report-3.0.xsd" version="3.0" name="com.geriatriccare.unit.repository.MedicationRepositoryTest" time="10.013" tests="23" errors="0" skipped="0" failures="0">
  <properties>
[...]
</properties>
  <testcase name="shouldNotIncludeFarFutureMedicationsInExpiringSoon" classname="com.geriatriccare.unit.repository.MedicationRepositoryTest" time="0.965">
    <system-out><![CDATA[09:27:33.653 [main] INFO org.springframework.test.context.support.AnnotationConfigContextLoaderUtils -- Could not detect default configuration classes for test class [com.geriatriccare.unit.repository.MedicationRepositoryTest]: MedicationRepositoryTest does not declare any static, non-private, non-final, nested classes annotated with @Configuration.
09:27:33.854 [main] INFO org.springframework.boot.test.context.SpringBootTestContextBootstrapper -- Found @SpringBootConfiguration com.geriatriccare.GeriatricHomeCareApplication for test class com.geriatriccare.unit.repository.MedicationRepositoryTest

  .   ____          _            __ _ _
 /\\ / ___'_ __ _ _(_)_ __  __ _ \ \ \ \
( ( )\___ | '_ | '_| | '_ \/ _` | \ \ \ \
 \\/  ___)| |_)| | | | | || (_| |  ) ) ) )
  '  |____| .__|_| |_|_| |_\__, | / / / /
 =========|_|==============|___/=/_/_/_/
 :: Spring Boot ::                (v3.2.0)

2026-02-20T09:27:34.410Z  INFO 4340 --- [Geriatric Home Care System] [           main] c.g.u.r.MedicationRepositoryTest         : Starting MedicationRepositoryTest using Java 17.0.17 with PID 4340 (started by codespace in /workspaces/geriatric-home-care-java)
2026-02-20T09:27:34.413Z  INFO 4340 --- [Geriatric Home Care System] [           main] c.g.u.r.MedicationRepositoryTest         : The following 1 profile is active: "test"
2026-02-20T09:27:36.405Z  WARN 4340 --- [Geriatric Home Care System] [           main] org.hibernate.dialect.Dialect            : HHH000511: The 2.2.0 version for [org.hibernate.dialect.PostgreSQLDialect] is no longer supported, hence certain features may not work properly. The minimum supported version is 11.0.0. Check the community dialects project for available legacy versions.
2026-02-20T09:27:36.410Z  WARN 4340 --- [Geriatric Home Care System] [           main] org.hibernate.orm.deprecation            : HHH90000025: PostgreSQLDialect does not need to be specified explicitly using 'hibernate.dialect' (remove the property setting and it will be selected by default)
2026-02-20T09:27:38.513Z DEBUG 4340 --- [Geriatric Home Care System] [           main] org.hibernate.SQL                        : alter table if exists care_plan_templates drop constraint if exists FKlcorcjmr7l6htyjdjoa9f7he1
Hibernate: alter table if exists care_plan_templates drop constraint if exists FKlcorcjmr7l6htyjdjoa9f7he1
2026-02-20T09:27:38.516Z DEBUG 4340 --- [Geriatric Home Care System] [           main] org.hibernate.SQL                        : alter table if exists care_plans drop constraint if exists FKof70oep6dqrg2sosil1vwlp2m
Hibernate: alter table if exists care_plans drop constraint if exists FKof70oep6dqrg2sosil1vwlp2m
2026-02-20T09:27:38.516Z DEBUG 4340 --- [Geriatric Home Care System] [           main] org.hibernate.SQL                        : alter table if exists care_plans drop constraint if exists FK300sutt4cisnuj3v9p33mhcj
Hibernate: alter table if exists care_plans drop constraint if exists FK300sutt4cisnuj3v9p33mhcj
2026-02-20T09:27:38.516Z DEBUG 4340 --- [Geriatric Home Care System] [           main] org.hibernate.SQL                        : alter table if exists care_plans drop constraint if exists FKpw3witvl1xxkor8axo2si7rot
Hibernate: alter table if exists care_plans drop constraint if exists FKpw3witvl1xxkor8axo2si7rot
2026-02-20T09:27:38.517Z DEBUG 4340 --- [Geriatric Home Care System] [           main] org.hibernate.SQL                        : alter table if exists care_task_templates drop constraint if exists FKq8m28b6smcgjs96nidi7y1fx2
Hibernate: alter table if exists care_task_templates drop constraint if exists FKq8m28b6smcgjs96nidi7y1fx2
2026-02-20T09:27:38.517Z DEBUG 4340 --- [Geriatric Home Care System] [           main] org.hibernate.SQL                        : alter table if exists care_tasks drop constraint if exists FKrco9brw2cr6tjk6r3w4wc8yx8
Hibernate: alter table if exists care_tasks drop constraint if exists FKrco9brw2cr6tjk6r3w4wc8yx8
2026-02-20T09:27:38.518Z DEBUG 4340 --- [Geriatric Home Care System] [           main] org.hibernate.SQL                        : alter table if exists medical_specialties drop constraint if exists FKopvnsmewctm3u4tb8y86mnwss
Hibernate: alter table if exists medical_specialties drop constraint if exists FKopvnsmewctm3u4tb8y86mnwss
2026-02-20T09:27:38.518Z DEBUG 4340 --- [Geriatric Home Care System] [           main] org.hibernate.SQL                        : alter table if exists medications drop constraint if exists FKj3eykmor8aarm28inp05fvp79
Hibernate: alter table if exists medications drop constraint if exists FKj3eykmor8aarm28inp05fvp79
2026-02-20T09:27:38.519Z DEBUG 4340 --- [Geriatric Home Care System] [           main] org.hibernate.SQL                        : alter table if exists medications drop constraint if exists FK3yq08nlqi4gnimrf9mwr4gmhi
Hibernate: alter table if exists medications drop constraint if exists FK3yq08nlqi4gnimrf9mwr4gmhi
2026-02-20T09:27:38.519Z DEBUG 4340 --- [Geriatric Home Care System] [           main] org.hibernate.SQL                        : alter table if exists patient_caregivers drop constraint if exists FKt6gpw452tc1qi6mk0i46hdrj7
Hibernate: alter table if exists patient_caregivers drop constraint if exists FKt6gpw452tc1qi6mk0i46hdrj7
2026-02-20T09:27:38.519Z DEBUG 4340 --- [Geriatric Home Care System] [           main] org.hibernate.SQL                        : alter table if exists patient_caregivers drop constraint if exists FKeufjwtohknbi4w3p2xfq4sw4n
Hibernate: alter table if exists patient_caregivers drop constraint if exists FKeufjwtohknbi4w3p2xfq4sw4n
2026-02-20T09:27:38.519Z DEBUG 4340 --- [Geriatric Home Care System] [           main] org.hibernate.SQL                        : alter table if exists patient_caregivers drop constraint if exists FKcoybsvpbaumogb4akh8rr2jai
Hibernate: alter table if exists patient_caregivers drop constraint if exists FKcoybsvpbaumogb4akh8rr2jai
2026-02-20T09:27:38.521Z DEBUG 4340 --- [Geriatric Home Care System] [           main] org.hibernate.SQL                        : alter table if exists patient_family_members drop constraint if exists FK2dctcovlc1xljctriqwvlgvxi
Hibernate: alter table if exists patient_family_members drop constraint if exists FK2dctcovlc1xljctriqwvlgvxi
2026-02-20T09:27:38.521Z DEBUG 4340 --- [Geriatric Home Care System] [           main] org.hibernate.SQL                        : alter table if exists patient_family_members drop constraint if exists FKmjd4xovo9qfhlex5v2tl8w377
Hibernate: alter table if exists patient_family_members drop constraint if exists FKmjd4xovo9qfhlex5v2tl8w377
2026-02-20T09:27:38.521Z DEBUG 4340 --- [Geriatric Home Care System] [           main] org.hibernate.SQL                        : alter table if exists patient_family_members drop constraint if exists FK7gbnfnj6ydryvwlccu1636cou
Hibernate: alter table if exists patient_family_members drop constraint if exists FK7gbnfnj6ydryvwlccu1636cou
2026-02-20T09:27:38.521Z DEBUG 4340 --- [Geriatric Home Care System] [           main] org.hibernate.SQL                        : drop table if exists adherence_reports cascade
Hibernate: drop table if exists adherence_reports cascade
2026-02-20T09:27:38.522Z DEBUG 4340 --- [Geriatric Home Care System] [           main] org.hibernate.SQL                        : drop table if exists ai_audit_logs cascade
Hibernate: drop table if exists ai_audit_logs cascade
2026-02-20T09:27:38.522Z DEBUG 4340 --- [Geriatric Home Care System] [           main] org.hibernate.SQL                        : drop table if exists alert_rules cascade
Hibernate: drop table if exists alert_rules cascade
2026-02-20T09:27:38.522Z DEBUG 4340 --- [Geriatric Home Care System] [           main] org.hibernate.SQL                        : drop table if exists alerts cascade
Hibernate: drop table if exists alerts cascade
2026-02-20T09:27:38.523Z DEBUG 4340 --- [Geriatric Home Care System] [           main] org.hibernate.SQL                        : drop table if exists care_plan_templates cascade
Hibernate: drop table if exists care_plan_templates cascade
2026-02-20T09:27:38.525Z DEBUG 4340 --- [Geriatric Home Care System] [           main] org.hibernate.SQL                        : drop table if exists care_plans cascade
Hibernate: drop table if exists care_plans cascade
2026-02-20T09:27:38.525Z DEBUG 4340 --- [Geriatric Home Care System] [           main] org.hibernate.SQL                        : drop table if exists care_task_templates cascade
Hibernate: drop table if exists care_task_templates cascade
2026-02-20T09:27:38.525Z DEBUG 4340 --- [Geriatric Home Care System] [           main] org.hibernate.SQL                        : drop table if exists care_tasks cascade
Hibernate: drop table if exists care_tasks cascade
2026-02-20T09:27:38.525Z DEBUG 4340 --- [Geriatric Home Care System] [           main] org.hibernate.SQL                        : drop table if exists diagnoses cascade
Hibernate: drop table if exists diagnoses cascade
2026-02-20T09:27:38.526Z DEBUG 4340 --- [Geriatric Home Care System] [           main] org.hibernate.SQL                        : drop table if exists drug_catalog cascade
Hibernate: drop table if exists drug_catalog cascade
2026-02-20T09:27:38.526Z DEBUG 4340 --- [Geriatric Home Care System] [           main] org.hibernate.SQL                        : drop table if exists drug_interactions cascade
Hibernate: drop table if exists drug_interactions cascade
2026-02-20T09:27:38.526Z DEBUG 4340 --- [Geriatric Home Care System] [           main] org.hibernate.SQL                        : drop table if exists medical_specialties cascade
Hibernate: drop table if exists medical_specialties cascade
2026-02-20T09:27:38.526Z DEBUG 4340 --- [Geriatric Home Care System] [           main] org.hibernate.SQL                        : drop table if exists medication_adherence_reports cascade
Hibernate: drop table if exists medication_adherence_reports cascade
2026-02-20T09:27:38.527Z DEBUG 4340 --- [Geriatric Home Care System] [           main] org.hibernate.SQL                        : drop table if exists medications cascade
Hibernate: drop table if exists medications cascade
2026-02-20T09:27:38.527Z DEBUG 4340 --- [Geriatric Home Care System] [           main] org.hibernate.SQL                        : drop table if exists password_history cascade
Hibernate: drop table if exists password_history cascade
2026-02-20T09:27:38.529Z DEBUG 4340 --- [Geriatric Home Care System] [           main] org.hibernate.SQL                        : drop table if exists patient_caregivers cascade
Hibernate: drop table if exists patient_caregivers cascade
2026-02-20T09:27:38.529Z DEBUG 4340 --- [Geriatric Home Care System] [           main] org.hibernate.SQL                        : drop table if exists patient_family_members cascade
Hibernate: drop table if exists patient_family_members cascade
2026-02-20T09:27:38.530Z DEBUG 4340 --- [Geriatric Home Care System] [           main] org.hibernate.SQL                        : drop table if exists patients cascade
Hibernate: drop table if exists patients cascade
2026-02-20T09:27:38.530Z DEBUG 4340 --- [Geriatric Home Care System] [           main] org.hibernate.SQL                        : drop table if exists procedures cascade
Hibernate: drop table if exists procedures cascade
2026-02-20T09:27:38.530Z DEBUG 4340 --- [Geriatric Home Care System] [           main] org.hibernate.SQL                        : drop table if exists prompt_templates cascade
Hibernate: drop table if exists prompt_templates cascade
2026-02-20T09:27:38.530Z DEBUG 4340 --- [Geriatric Home Care System] [           main] org.hibernate.SQL                        : drop table if exists users cascade
Hibernate: drop table if exists users cascade
2026-02-20T09:27:38.530Z DEBUG 4340 --- [Geriatric Home Care System] [           main] org.hibernate.SQL                        : drop table if exists vital_signs cascade
Hibernate: drop table if exists vital_signs cascade
2026-02-20T09:27:38.536Z DEBUG 4340 --- [Geriatric Home Care System] [           main] org.hibernate.SQL                        : create table adherence_reports (adherence_percentage float(53), completed_tasks integer, missed_tasks integer, total_tasks integer, end_date timestamp(6) not null, expires_at timestamp(6), file_size bigint, generated_at timestamp(6) not null, start_date timestamp(6) not null, format varchar(10) check (format in ('PDF','CSV','JSON')), generated_by uuid, id uuid not null, patient_id uuid not null, time_period varchar(20) not null check (time_period in ('LAST_7_DAYS','LAST_30_DAYS','LAST_90_DAYS','CUSTOM')), trend varchar(20), report_type varchar(30) not null check (report_type in ('CARE_PLAN_ADHERENCE','MEDICATION_ADHERENCE','VITAL_SIGNS_SUMMARY','HEALTH_OUTCOMES','ALERT_SUMMARY')), file_path varchar(500), report_summary varchar(1000), report_title varchar(255), primary key (id))
Hibernate: create table adherence_reports (adherence_percentage float(53), completed_tasks integer, missed_tasks integer, total_tasks integer, end_date timestamp(6) not null, expires_at timestamp(6), file_size bigint, generated_at timestamp(6) not null, start_date timestamp(6) not null, format varchar(10) check (format in ('PDF','CSV','JSON')), generated_by uuid, id uuid not null, patient_id uuid not null, time_period varchar(20) not null check (time_period in ('LAST_7_DAYS','LAST_30_DAYS','LAST_90_DAYS','CUSTOM')), trend varchar(20), report_type varchar(30) not null check (report_type in ('CARE_PLAN_ADHERENCE','MEDICATION_ADHERENCE','VITAL_SIGNS_SUMMARY','HEALTH_OUTCOMES','ALERT_SUMMARY')), file_path varchar(500), report_summary varchar(1000), report_title varchar(255), primary key (id))
2026-02-20T09:27:38.548Z DEBUG 4340 --- [Geriatric Home Care System] [           main] org.hibernate.SQL                        : create table ai_audit_logs (approved boolean, confidence_score float(53), success boolean not null, tokens_used integer, approved_at timestamp(6), response_time_ms bigint, timestamp timestamp(6) not null, approved_by uuid, id uuid not null, patient_id uuid, user_id uuid, request_type varchar(50) not null, error_message TEXT, prompt TEXT, response TEXT, primary key (id))
Hibernate: create table ai_audit_logs (approved boolean, confidence_score float(53), success boolean not null, tokens_used integer, approved_at timestamp(6), response_time_ms bigint, timestamp timestamp(6) not null, approved_by uuid, id uuid not null, patient_id uuid, user_id uuid, request_type varchar(50) not null, error_message TEXT, prompt TEXT, response TEXT, primary key (id))
2026-02-20T09:27:38.551Z DEBUG 4340 --- [Geriatric Home Care System] [           main] org.hibernate.SQL                        : create table alert_rules (cooldown_minutes integer, is_active boolean not null, threshold_value float(53) not null, threshold_value_max float(53), created_at timestamp(6) not null, updated_at timestamp(6), created_by uuid, id uuid not null, patient_id uuid, comparison_operator varchar(20) not null check (comparison_operator in ('GREATER_THAN','LESS_THAN','BETWEEN','EQUALS')), severity varchar(20) not null check (severity in ('INFO','WARNING','CRITICAL')), vital_sign_type varchar(30) not null check (vital_sign_type in ('BLOOD_PRESSURE','HEART_RATE','TEMPERATURE','RESPIRATORY_RATE','OXYGEN_SATURATION')), alert_message varchar(500) not null, primary key (id))
Hibernate: create table alert_rules (cooldown_minutes integer, is_active boolean not null, threshold_value float(53) not null, threshold_value_max float(53), created_at timestamp(6) not null, updated_at timestamp(6), created_by uuid, id uuid not null, patient_id uuid, comparison_operator varchar(20) not null check (comparison_operator in ('GREATER_THAN','LESS_THAN','BETWEEN','EQUALS')), severity varchar(20) not null check (severity in ('INFO','WARNING','CRITICAL')), vital_sign_type varchar(30) not null check (vital_sign_type in ('BLOOD_PRESSURE','HEART_RATE','TEMPERATURE','RESPIRATORY_RATE','OXYGEN_SATURATION')), alert_message varchar(500) not null, primary key (id))
2026-02-20T09:27:38.555Z DEBUG 4340 --- [Geriatric Home Care System] [           main] org.hibernate.SQL                        : create table alerts (acknowledged_at timestamp(6), created_at timestamp(6) not null, resolved_at timestamp(6), triggered_at timestamp(6) not null, acknowledged_by uuid, id uuid not null, patient_id uuid not null, resolved_by uuid, triggered_rule_id uuid not null, vital_sign_id uuid not null, severity varchar(20) not null check (severity in ('INFO','WARNING','CRITICAL')), status varchar(20) not null check (status in ('NEW','ACKNOWLEDGED','RESOLVED')), message varchar(500) not null, notes varchar(1000), primary key (id))
Hibernate: create table alerts (acknowledged_at timestamp(6), created_at timestamp(6) not null, resolved_at timestamp(6), triggered_at timestamp(6) not null, acknowledged_by uuid, id uuid not null, patient_id uuid not null, resolved_by uuid, triggered_rule_id uuid not null, vital_sign_id uuid not null, severity varchar(20) not null check (severity in ('INFO','WARNING','CRITICAL')), status varchar(20) not null check (status in ('NEW','ACKNOWLEDGED','RESOLVED')), message varchar(500) not null, notes varchar(1000), primary key (id))
2026-02-20T09:27:38.560Z DEBUG 4340 --- [Geriatric Home Care System] [           main] org.hibernate.SQL                        : create table care_plan_templates (is_active boolean not null, created_at timestamp(6) not null, updated_at timestamp(6), created_by_id uuid not null, id uuid not null, category varchar(255), default_priority varchar(255) not null check (default_priority in ('LOW','MEDIUM','HIGH','URGENT')), description TEXT, name varchar(255) not null, primary key (id))
Hibernate: create table care_plan_templates (is_active boolean not null, created_at timestamp(6) not null, updated_at timestamp(6), created_by_id uuid not null, id uuid not null, category varchar(255), default_priority varchar(255) not null check (default_priority in ('LOW','MEDIUM','HIGH','URGENT')), description TEXT, name varchar(255) not null, primary key (id))
2026-02-20T09:27:38.563Z DEBUG 4340 --- [Geriatric Home Care System] [           main] org.hibernate.SQL                        : create table care_plans (end_date date, is_active boolean not null, start_date date not null, created_at timestamp(6) not null, updated_at timestamp(6), assigned_caregiver_id uuid, created_by_user_id uuid not null, id uuid not null, patient_id uuid not null, description TEXT, priority varchar(255) not null check (priority in ('LOW','MEDIUM','HIGH','URGENT')), status varchar(255) not null check (status in ('DRAFT','ACTIVE','COMPLETED','SUSPENDED','CANCELLED')), title varchar(255) not null, primary key (id))
Hibernate: create table care_plans (end_date date, is_active boolean not null, start_date date not null, created_at timestamp(6) not null, updated_at timestamp(6), assigned_caregiver_id uuid, created_by_user_id uuid not null, id uuid not null, patient_id uuid not null, description TEXT, priority varchar(255) not null check (priority in ('LOW','MEDIUM','HIGH','URGENT')), status varchar(255) not null check (status in ('DRAFT','ACTIVE','COMPLETED','SUSPENDED','CANCELLED')), title varchar(255) not null, primary key (id))
2026-02-20T09:27:38.568Z DEBUG 4340 --- [Geriatric Home Care System] [           main] org.hibernate.SQL                        : create table care_task_templates (estimated_duration_minutes integer, requires_caregiver_presence boolean not null, scheduled_time time(6), created_at timestamp(6) not null, id uuid not null, template_id uuid not null, category varchar(255) not null check (category in ('MEDICATION','PERSONAL_CARE','NUTRITION','MOBILITY','SAFETY','SOCIAL','MEDICAL','HYGIENE','MENTAL_HEALTH','EMERGENCY')), description TEXT, frequency varchar(255) not null check (frequency in ('ONCE','DAILY','TWICE_DAILY','THREE_TIMES_DAILY','FOUR_TIMES_DAILY','WEEKLY','BIWEEKLY','MONTHLY','AS_NEEDED')), instructions TEXT, priority varchar(255) not null check (priority in ('LOW','MEDIUM','HIGH','URGENT')), task_name varchar(255) not null, primary key (id))
Hibernate: create table care_task_templates (estimated_duration_minutes integer, requires_caregiver_presence boolean not null, scheduled_time time(6), created_at timestamp(6) not null, id uuid not null, template_id uuid not null, category varchar(255) not null check (category in ('MEDICATION','PERSONAL_CARE','NUTRITION','MOBILITY','SAFETY','SOCIAL','MEDICAL','HYGIENE','MENTAL_HEALTH','EMERGENCY')), description TEXT, frequency varchar(255) not null check (frequency in ('ONCE','DAILY','TWICE_DAILY','THREE_TIMES_DAILY','FOUR_TIMES_DAILY','WEEKLY','BIWEEKLY','MONTHLY','AS_NEEDED')), instructions TEXT, priority varchar(255) not null check (priority in ('LOW','MEDIUM','HIGH','URGENT')), task_name varchar(255) not null, primary key (id))
2026-02-20T09:27:38.572Z DEBUG 4340 --- [Geriatric Home Care System] [           main] org.hibernate.SQL                        : create table care_tasks (estimated_duration_minutes integer, is_active boolean not null, requires_caregiver_presence boolean, scheduled_time time(6), created_at timestamp(6) not null, updated_at timestamp(6), care_plan_id uuid not null, id uuid not null, category varchar(255) not null check (category in ('MEDICATION','PERSONAL_CARE','NUTRITION','MOBILITY','SAFETY','SOCIAL','MEDICAL','HYGIENE','MENTAL_HEALTH','EMERGENCY')), description TEXT, frequency varchar(255) not null check (frequency in ('ONCE','DAILY','TWICE_DAILY','THREE_TIMES_DAILY','FOUR_TIMES_DAILY','WEEKLY','BIWEEKLY','MONTHLY','AS_NEEDED')), instructions TEXT, priority varchar(255) not null check (priority in ('LOW','MEDIUM','HIGH','URGENT')), task_name varchar(255) not null, primary key (id))
Hibernate: create table care_tasks (estimated_duration_minutes integer, is_active boolean not null, requires_caregiver_presence boolean, scheduled_time time(6), created_at timestamp(6) not null, updated_at timestamp(6), care_plan_id uuid not null, id uuid not null, category varchar(255) not null check (category in ('MEDICATION','PERSONAL_CARE','NUTRITION','MOBILITY','SAFETY','SOCIAL','MEDICAL','HYGIENE','MENTAL_HEALTH','EMERGENCY')), description TEXT, frequency varchar(255) not null check (frequency in ('ONCE','DAILY','TWICE_DAILY','THREE_TIMES_DAILY','FOUR_TIMES_DAILY','WEEKLY','BIWEEKLY','MONTHLY','AS_NEEDED')), instructions TEXT, priority varchar(255) not null check (priority in ('LOW','MEDIUM','HIGH','URGENT')), task_name varchar(255) not null, primary key (id))
2026-02-20T09:27:38.580Z DEBUG 4340 --- [Geriatric Home Care System] [           main] org.hibernate.SQL                        : create table diagnoses (is_active boolean not null, created_at timestamp(6) not null, updated_at timestamp(6) not null, id uuid not null, code varchar(20) not null unique, severity varchar(20), created_by varchar(50), updated_by varchar(50), category varchar(100), name varchar(200) not null, clinical_notes TEXT, description TEXT, synonyms TEXT, primary key (id))
Hibernate: create table diagnoses (is_active boolean not null, created_at timestamp(6) not null, updated_at timestamp(6) not null, id uuid not null, code varchar(20) not null unique, severity varchar(20), created_by varchar(50), updated_by varchar(50), category varchar(100), name varchar(200) not null, clinical_notes TEXT, description TEXT, synonyms TEXT, primary key (id))
2026-02-20T09:27:38.586Z DEBUG 4340 --- [Geriatric Home Care System] [           main] org.hibernate.SQL                        : create table drug_catalog (is_active boolean not null, created_at timestamp(6) not null, updated_at timestamp(6) not null, id uuid not null, controlled_substance_schedule varchar(20), created_by varchar(50), fda_status varchar(50), updated_by varchar(50), category varchar(100), therapeutic_class varchar(100), generic_name varchar(200) not null, brand_names TEXT, contraindications TEXT, description TEXT, dosage_forms TEXT, geriatric_considerations TEXT, indications TEXT, interactions TEXT, side_effects TEXT, strength_options TEXT, primary key (id))
Hibernate: create table drug_catalog (is_active boolean not null, created_at timestamp(6) not null, updated_at timestamp(6) not null, id uuid not null, controlled_substance_schedule varchar(20), created_by varchar(50), fda_status varchar(50), updated_by varchar(50), category varchar(100), therapeutic_class varchar(100), generic_name varchar(200) not null, brand_names TEXT, contraindications TEXT, description TEXT, dosage_forms TEXT, geriatric_considerations TEXT, indications TEXT, interactions TEXT, side_effects TEXT, strength_options TEXT, primary key (id))
2026-02-20T09:27:38.588Z DEBUG 4340 --- [Geriatric Home Care System] [           main] org.hibernate.SQL                        : create table drug_interactions (created_at timestamp(6), updated_at timestamp(6), id uuid not null, description TEXT, medication1name varchar(255) not null, medication2name varchar(255) not null, recommendation TEXT, severity varchar(255) not null check (severity in ('MINOR','MODERATE','SEVERE','CONTRAINDICATED')), primary key (id))
Hibernate: create table drug_interactions (created_at timestamp(6), updated_at timestamp(6), id uuid not null, description TEXT, medication1name varchar(255) not null, medication2name varchar(255) not null, recommendation TEXT, severity varchar(255) not null check (severity in ('MINOR','MODERATE','SEVERE','CONTRAINDICATED')), primary key (id))
2026-02-20T09:27:38.590Z DEBUG 4340 --- [Geriatric Home Care System] [           main] org.hibernate.SQL                        : create table medical_specialties (is_active boolean not null, created_at timestamp(6) not null, updated_at timestamp(6) not null, id uuid not null, parent_specialty_id uuid, code varchar(20) not null unique, created_by varchar(50), updated_by varchar(50), name varchar(100) not null, typical_patient_population varchar(200), common_conditions TEXT, description TEXT, primary key (id))
Hibernate: create table medical_specialties (is_active boolean not null, created_at timestamp(6) not null, updated_at timestamp(6) not null, id uuid not null, parent_specialty_id uuid, code varchar(20) not null unique, created_by varchar(50), updated_by varchar(50), name varchar(100) not null, typical_patient_population varchar(200), common_conditions TEXT, description TEXT, primary key (id))
2026-02-20T09:27:38.592Z DEBUG 4340 --- [Geriatric Home Care System] [           main] org.hibernate.SQL                        : create table medication_adherence_reports (adherence_percentage float(53), evening_adherence float(53), is_high_risk boolean, late_doses integer, missed_doses integer, morning_adherence float(53), taken_doses integer, total_scheduled_doses integer, weekday_adherence float(53), weekend_adherence float(53), end_date timestamp(6) not null, expires_at timestamp(6), file_size bigint, generated_at timestamp(6) not null, start_date timestamp(6) not null, format varchar(10) check (format in ('PDF','CSV','JSON')), generated_by uuid, id uuid not null, medication_id uuid, patient_id uuid not null, time_period varchar(20) not null check (time_period in ('LAST_7_DAYS','LAST_30_DAYS','LAST_90_DAYS','CUSTOM')), trend varchar(20), report_type varchar(30) not null check (report_type in ('CARE_PLAN_ADHERENCE','MEDICATION_ADHERENCE','VITAL_SIGNS_SUMMARY','HEALTH_OUTCOMES','ALERT_SUMMARY')), most_missed_time varchar(50), file_path varchar(500), report_summary varchar(1000), report_title varchar(255), primary key (id))
Hibernate: create table medication_adherence_reports (adherence_percentage float(53), evening_adherence float(53), is_high_risk boolean, late_doses integer, missed_doses integer, morning_adherence float(53), taken_doses integer, total_scheduled_doses integer, weekday_adherence float(53), weekend_adherence float(53), end_date timestamp(6) not null, expires_at timestamp(6), file_size bigint, generated_at timestamp(6) not null, start_date timestamp(6) not null, format varchar(10) check (format in ('PDF','CSV','JSON')), generated_by uuid, id uuid not null, medication_id uuid, patient_id uuid not null, time_period varchar(20) not null check (time_period in ('LAST_7_DAYS','LAST_30_DAYS','LAST_90_DAYS','CUSTOM')), trend varchar(20), report_type varchar(30) not null check (report_type in ('CARE_PLAN_ADHERENCE','MEDICATION_ADHERENCE','VITAL_SIGNS_SUMMARY','HEALTH_OUTCOMES','ALERT_SUMMARY')), most_missed_time varchar(50), file_path varchar(500), report_summary varchar(1000), report_title varchar(255), primary key (id))
2026-02-20T09:27:38.599Z DEBUG 4340 --- [Geriatric Home Care System] [           main] org.hibernate.SQL                        : create table medications (expiration_date date not null, is_active boolean not null, quantity_in_stock integer not null, reorder_level integer not null, created_at timestamp(6) not null, updated_at timestamp(6) not null, created_by uuid not null, id uuid not null, updated_by uuid not null, dosage varchar(255) not null, form varchar(255) not null check (form in ('TABLET','CAPSULE','LIQUID','INJECTION','TOPICAL')), generic_name varchar(255), manufacturer varchar(255), name varchar(255) not null, primary key (id))
Hibernate: create table medications (expiration_date date not null, is_active boolean not null, quantity_in_stock integer not null, reorder_level integer not null, created_at timestamp(6) not null, updated_at timestamp(6) not null, created_by uuid not null, id uuid not null, updated_by uuid not null, dosage varchar(255) not null, form varchar(255) not null check (form in ('TABLET','CAPSULE','LIQUID','INJECTION','TOPICAL')), generic_name varchar(255), manufacturer varchar(255), name varchar(255) not null, primary key (id))
2026-02-20T09:27:38.600Z DEBUG 4340 --- [Geriatric Home Care System] [           main] org.hibernate.SQL                        : create table password_history (changed_at timestamp(6) not null, id uuid not null, user_id uuid not null, password_hash varchar(255) not null, primary key (id))
Hibernate: create table password_history (changed_at timestamp(6) not null, id uuid not null, user_id uuid not null, password_hash varchar(255) not null, primary key (id))
2026-02-20T09:27:38.601Z DEBUG 4340 --- [Geriatric Home Care System] [           main] org.hibernate.SQL                        : create table patient_caregivers (is_active boolean not null, is_primary boolean not null, assigned_at timestamp(6) not null, updated_at timestamp(6), assigned_by_id uuid not null, caregiver_id uuid not null, patient_id uuid not null, primary key (caregiver_id, patient_id))
Hibernate: create table patient_caregivers (is_active boolean not null, is_primary boolean not null, assigned_at timestamp(6) not null, updated_at timestamp(6), assigned_by_id uuid not null, caregiver_id uuid not null, patient_id uuid not null, primary key (caregiver_id, patient_id))
2026-02-20T09:27:38.604Z DEBUG 4340 --- [Geriatric Home Care System] [           main] org.hibernate.SQL                        : create table patient_family_members (is_active boolean not null, assigned_at timestamp(6) not null, created_at timestamp(6) not null, updated_at timestamp(6), assigned_by_id uuid not null, family_member_id uuid not null, id uuid not null, patient_id uuid not null, primary key (id), unique (patient_id, family_member_id))
Hibernate: create table patient_family_members (is_active boolean not null, assigned_at timestamp(6) not null, created_at timestamp(6) not null, updated_at timestamp(6), assigned_by_id uuid not null, family_member_id uuid not null, id uuid not null, patient_id uuid not null, primary key (id), unique (patient_id, family_member_id))
2026-02-20T09:27:38.608Z DEBUG 4340 --- [Geriatric Home Care System] [           main] org.hibernate.SQL                        : create table patients (date_of_birth date not null, is_active boolean not null, created_at timestamp(6) not null, updated_at timestamp(6), id uuid not null, emergency_contact varchar(255), emergency_phone varchar(255), first_name varchar(255) not null, last_name varchar(255) not null, medical_conditions TEXT, primary key (id))
Hibernate: create table patients (date_of_birth date not null, is_active boolean not null, created_at timestamp(6) not null, updated_at timestamp(6), id uuid not null, emergency_contact varchar(255), emergency_phone varchar(255), first_name varchar(255) not null, last_name varchar(255) not null, medical_conditions TEXT, primary key (id))
2026-02-20T09:27:38.609Z DEBUG 4340 --- [Geriatric Home Care System] [           main] org.hibernate.SQL                        : create table procedures (estimated_duration_minutes integer, is_active boolean not null, created_at timestamp(6) not null, updated_at timestamp(6) not null, id uuid not null, code varchar(20) not null unique, created_by varchar(50), updated_by varchar(50), category varchar(100), typical_specialty varchar(100), name varchar(200) not null, description TEXT, post_care_instructions TEXT, preparation TEXT, required_equipment TEXT, primary key (id))
Hibernate: create table procedures (estimated_duration_minutes integer, is_active boolean not null, created_at timestamp(6) not null, updated_at timestamp(6) not null, id uuid not null, code varchar(20) not null unique, created_by varchar(50), updated_by varchar(50), category varchar(100), typical_specialty varchar(100), name varchar(200) not null, description TEXT, post_care_instructions TEXT, preparation TEXT, required_equipment TEXT, primary key (id))
2026-02-20T09:27:38.612Z DEBUG 4340 --- [Geriatric Home Care System] [           main] org.hibernate.SQL                        : create table prompt_templates (is_active boolean not null, version integer not null, created_at timestamp(6) not null, updated_at timestamp(6), created_by uuid, id uuid not null, updated_by uuid, category varchar(50) not null check (category in ('MEDICATION_RECOMMENDATION','DRUG_INTERACTION','DOSAGE_CALCULATION','CARE_PLAN','SYMPTOM_ANALYSIS','ADVERSE_EVENT','MEDICATION_REVIEW')), name varchar(100) not null, description TEXT, expected_variables TEXT, medical_context TEXT, safety_guidelines TEXT, template TEXT not null, primary key (id), unique (name, version))
Hibernate: create table prompt_templates (is_active boolean not null, version integer not null, created_at timestamp(6) not null, updated_at timestamp(6), created_by uuid, id uuid not null, updated_by uuid, category varchar(50) not null check (category in ('MEDICATION_RECOMMENDATION','DRUG_INTERACTION','DOSAGE_CALCULATION','CARE_PLAN','SYMPTOM_ANALYSIS','ADVERSE_EVENT','MEDICATION_REVIEW')), name varchar(100) not null, description TEXT, expected_variables TEXT, medical_context TEXT, safety_guidelines TEXT, template TEXT not null, primary key (id), unique (name, version))
2026-02-20T09:27:38.616Z DEBUG 4340 --- [Geriatric Home Care System] [           main] org.hibernate.SQL                        : create table users (deleted boolean not null, email_verified boolean not null, failed_login_attempts integer not null, mfa_enabled boolean not null, must_change_password boolean not null, created_at timestamp(6) not null, deleted_at timestamp(6), email_verification_token_expiry timestamp(6), last_login_at timestamp(6), locked_until timestamp(6), password_changed_at timestamp(6), updated_at timestamp(6) not null, id uuid not null, phone_number varchar(20), role varchar(20) not null check (role in ('ADMIN','PHYSICIAN','CAREGIVER','FAMILY','PATIENT')), status varchar(30) not null check (status in ('ACTIVE','INACTIVE','SUSPENDED','PENDING_VERIFICATION')), last_login_ip varchar(45), created_by varchar(50), first_name varchar(50) not null, last_name varchar(50) not null, updated_by varchar(50), username varchar(50) not null unique, email varchar(100) not null unique, email_verification_token varchar(100), mfa_secret varchar(100), profile_picture_url varchar(500), deleted_by varchar(255), password varchar(255) not null, preferences TEXT, primary key (id))
Hibernate: create table users (deleted boolean not null, email_verified boolean not null, failed_login_attempts integer not null, mfa_enabled boolean not null, must_change_password boolean not null, created_at timestamp(6) not null, deleted_at timestamp(6), email_verification_token_expiry timestamp(6), last_login_at timestamp(6), locked_until timestamp(6), password_changed_at timestamp(6), updated_at timestamp(6) not null, id uuid not null, phone_number varchar(20), role varchar(20) not null check (role in ('ADMIN','PHYSICIAN','CAREGIVER','FAMILY','PATIENT')), status varchar(30) not null check (status in ('ACTIVE','INACTIVE','SUSPENDED','PENDING_VERIFICATION')), last_login_ip varchar(45), created_by varchar(50), first_name varchar(50) not null, last_name varchar(50) not null, updated_by varchar(50), username varchar(50) not null unique, email varchar(100) not null unique, email_verification_token varchar(100), mfa_secret varchar(100), profile_picture_url varchar(500), deleted_by varchar(255), password varchar(255) not null, preferences TEXT, primary key (id))
2026-02-20T09:27:38.621Z DEBUG 4340 --- [Geriatric Home Care System] [           main] org.hibernate.SQL                        : create table vital_signs (blood_pressure_diastolic integer, blood_pressure_systolic integer, deleted boolean not null, heart_rate integer, oxygen_saturation integer, respiratory_rate integer, temperature float(53), created_at timestamp(6) not null, measured_at timestamp(6) not null, id uuid not null, patient_id uuid not null, recorded_by uuid, measurement_method varchar(20), position varchar(20), notes varchar(500), primary key (id))
Hibernate: create table vital_signs (blood_pressure_diastolic integer, blood_pressure_systolic integer, deleted boolean not null, heart_rate integer, oxygen_saturation integer, respiratory_rate integer, temperature float(53), created_at timestamp(6) not null, measured_at timestamp(6) not null, id uuid not null, patient_id uuid not null, recorded_by uuid, measurement_method varchar(20), position varchar(20), notes varchar(500), primary key (id))
2026-02-20T09:27:38.623Z DEBUG 4340 --- [Geriatric Home Care System] [           main] org.hibernate.SQL                        : create index idx_report_patient on adherence_reports (patient_id)
Hibernate: create index idx_report_patient on adherence_reports (patient_id)
2026-02-20T09:27:38.623Z DEBUG 4340 --- [Geriatric Home Care System] [           main] org.hibernate.SQL                        : create index idx_report_type on adherence_reports (report_type)
Hibernate: create index idx_report_type on adherence_reports (report_type)
2026-02-20T09:27:38.624Z DEBUG 4340 --- [Geriatric Home Care System] [           main] org.hibernate.SQL                        : create index idx_report_generated on adherence_reports (generated_at)
Hibernate: create index idx_report_generated on adherence_reports (generated_at)
2026-02-20T09:27:38.626Z DEBUG 4340 --- [Geriatric Home Care System] [           main] org.hibernate.SQL                        : create index idx_timestamp on ai_audit_logs (timestamp)
Hibernate: create index idx_timestamp on ai_audit_logs (timestamp)
2026-02-20T09:27:38.626Z DEBUG 4340 --- [Geriatric Home Care System] [           main] org.hibernate.SQL                        : create index idx_user_id on ai_audit_logs (user_id)
Hibernate: create index idx_user_id on ai_audit_logs (user_id)
2026-02-20T09:27:38.627Z DEBUG 4340 --- [Geriatric Home Care System] [           main] org.hibernate.SQL                        : create index idx_patient_id on ai_audit_logs (patient_id)
Hibernate: create index idx_patient_id on ai_audit_logs (patient_id)
2026-02-20T09:27:38.627Z DEBUG 4340 --- [Geriatric Home Care System] [           main] org.hibernate.SQL                        : create index idx_alert_rule_patient on alert_rules (patient_id)
Hibernate: create index idx_alert_rule_patient on alert_rules (patient_id)
2026-02-20T09:27:38.629Z DEBUG 4340 --- [Geriatric Home Care System] [           main] org.hibernate.SQL                        : create index idx_alert_rule_active on alert_rules (is_active)
Hibernate: create index idx_alert_rule_active on alert_rules (is_active)
2026-02-20T09:27:38.630Z DEBUG 4340 --- [Geriatric Home Care System] [           main] org.hibernate.SQL                        : create index idx_alert_patient on alerts (patient_id)
Hibernate: create index idx_alert_patient on alerts (patient_id)
2026-02-20T09:27:38.631Z DEBUG 4340 --- [Geriatric Home Care System] [           main] org.hibernate.SQL                        : create index idx_alert_status on alerts (status)
Hibernate: create index idx_alert_status on alerts (status)
2026-02-20T09:27:38.631Z DEBUG 4340 --- [Geriatric Home Care System] [           main] org.hibernate.SQL                        : create index idx_alert_triggered on alerts (triggered_at)
Hibernate: create index idx_alert_triggered on alerts (triggered_at)
2026-02-20T09:27:38.632Z DEBUG 4340 --- [Geriatric Home Care System] [           main] org.hibernate.SQL                        : create index idx_diagnosis_code on diagnoses (code)
Hibernate: create index idx_diagnosis_code on diagnoses (code)
2026-02-20T09:27:38.632Z DEBUG 4340 --- [Geriatric Home Care System] [           main] org.hibernate.SQL                        : create index idx_diagnosis_category on diagnoses (category)
Hibernate: create index idx_diagnosis_category on diagnoses (category)
2026-02-20T09:27:38.633Z DEBUG 4340 --- [Geriatric Home Care System] [           main] org.hibernate.SQL                        : create index idx_diagnosis_active on diagnoses (is_active)
Hibernate: create index idx_diagnosis_active on diagnoses (is_active)
2026-02-20T09:27:38.634Z DEBUG 4340 --- [Geriatric Home Care System] [           main] org.hibernate.SQL                        : create index idx_drug_generic on drug_catalog (generic_name)
Hibernate: create index idx_drug_generic on drug_catalog (generic_name)
2026-02-20T09:27:38.634Z DEBUG 4340 --- [Geriatric Home Care System] [           main] org.hibernate.SQL                        : create index idx_drug_category on drug_catalog (category)
Hibernate: create index idx_drug_category on drug_catalog (category)
2026-02-20T09:27:38.635Z DEBUG 4340 --- [Geriatric Home Care System] [           main] org.hibernate.SQL                        : create index idx_drug_active on drug_catalog (is_active)
Hibernate: create index idx_drug_active on drug_catalog (is_active)
2026-02-20T09:27:38.636Z DEBUG 4340 --- [Geriatric Home Care System] [           main] org.hibernate.SQL                        : create index idx_specialty_code on medical_specialties (code)
Hibernate: create index idx_specialty_code on medical_specialties (code)
2026-02-20T09:27:38.637Z DEBUG 4340 --- [Geriatric Home Care System] [           main] org.hibernate.SQL                        : create index idx_specialty_active on medical_specialties (is_active)
Hibernate: create index idx_specialty_active on medical_specialties (is_active)
2026-02-20T09:27:38.637Z DEBUG 4340 --- [Geriatric Home Care System] [           main] org.hibernate.SQL                        : create index idx_med_report_patient on medication_adherence_reports (patient_id)
Hibernate: create index idx_med_report_patient on medication_adherence_reports (patient_id)
2026-02-20T09:27:38.640Z DEBUG 4340 --- [Geriatric Home Care System] [           main] org.hibernate.SQL                        : create index idx_med_report_medication on medication_adherence_reports (medication_id)
Hibernate: create index idx_med_report_medication on medication_adherence_reports (medication_id)
2026-02-20T09:27:38.641Z DEBUG 4340 --- [Geriatric Home Care System] [           main] org.hibernate.SQL                        : create index idx_med_report_generated on medication_adherence_reports (generated_at)
Hibernate: create index idx_med_report_generated on medication_adherence_reports (generated_at)
2026-02-20T09:27:38.641Z DEBUG 4340 --- [Geriatric Home Care System] [           main] org.hibernate.SQL                        : create index idx_procedure_code on procedures (code)
Hibernate: create index idx_procedure_code on procedures (code)
2026-02-20T09:27:38.642Z DEBUG 4340 --- [Geriatric Home Care System] [           main] org.hibernate.SQL                        : create index idx_procedure_category on procedures (category)
Hibernate: create index idx_procedure_category on procedures (category)
2026-02-20T09:27:38.643Z DEBUG 4340 --- [Geriatric Home Care System] [           main] org.hibernate.SQL                        : create index idx_procedure_active on procedures (is_active)
Hibernate: create index idx_procedure_active on procedures (is_active)
2026-02-20T09:27:38.646Z DEBUG 4340 --- [Geriatric Home Care System] [           main] org.hibernate.SQL                        : create index idx_prompt_category on prompt_templates (category)
Hibernate: create index idx_prompt_category on prompt_templates (category)
2026-02-20T09:27:38.646Z DEBUG 4340 --- [Geriatric Home Care System] [           main] org.hibernate.SQL                        : create index idx_prompt_active on prompt_templates (is_active)
Hibernate: create index idx_prompt_active on prompt_templates (is_active)
2026-02-20T09:27:38.647Z DEBUG 4340 --- [Geriatric Home Care System] [           main] org.hibernate.SQL                        : create index idx_user_email on users (email)
Hibernate: create index idx_user_email on users (email)
2026-02-20T09:27:38.647Z DEBUG 4340 --- [Geriatric Home Care System] [           main] org.hibernate.SQL                        : create index idx_user_username on users (username)
Hibernate: create index idx_user_username on users (username)
2026-02-20T09:27:38.649Z DEBUG 4340 --- [Geriatric Home Care System] [           main] org.hibernate.SQL                        : create index idx_user_role on users (role)
Hibernate: create index idx_user_role on users (role)
2026-02-20T09:27:38.650Z DEBUG 4340 --- [Geriatric Home Care System] [           main] org.hibernate.SQL                        : create index idx_user_status on users (status)
Hibernate: create index idx_user_status on users (status)
2026-02-20T09:27:38.650Z DEBUG 4340 --- [Geriatric Home Care System] [           main] org.hibernate.SQL                        : create index idx_vital_patient_measured on vital_signs (patient_id, measured_at)
Hibernate: create index idx_vital_patient_measured on vital_signs (patient_id, measured_at)
2026-02-20T09:27:38.652Z DEBUG 4340 --- [Geriatric Home Care System] [           main] org.hibernate.SQL                        : create index idx_vital_measured_at on vital_signs (measured_at)
Hibernate: create index idx_vital_measured_at on vital_signs (measured_at)
2026-02-20T09:27:38.652Z DEBUG 4340 --- [Geriatric Home Care System] [           main] org.hibernate.SQL                        : alter table if exists care_plan_templates add constraint FKlcorcjmr7l6htyjdjoa9f7he1 foreign key (created_by_id) references users
Hibernate: alter table if exists care_plan_templates add constraint FKlcorcjmr7l6htyjdjoa9f7he1 foreign key (created_by_id) references users
2026-02-20T09:27:38.663Z DEBUG 4340 --- [Geriatric Home Care System] [           main] org.hibernate.SQL                        : alter table if exists care_plans add constraint FKof70oep6dqrg2sosil1vwlp2m foreign key (assigned_caregiver_id) references users
Hibernate: alter table if exists care_plans add constraint FKof70oep6dqrg2sosil1vwlp2m foreign key (assigned_caregiver_id) references users
2026-02-20T09:27:38.667Z DEBUG 4340 --- [Geriatric Home Care System] [           main] org.hibernate.SQL                        : alter table if exists care_plans add constraint FK300sutt4cisnuj3v9p33mhcj foreign key (created_by_user_id) references users
Hibernate: alter table if exists care_plans add constraint FK300sutt4cisnuj3v9p33mhcj foreign key (created_by_user_id) references users
2026-02-20T09:27:38.669Z DEBUG 4340 --- [Geriatric Home Care System] [           main] org.hibernate.SQL                        : alter table if exists care_plans add constraint FKpw3witvl1xxkor8axo2si7rot foreign key (patient_id) references patients
Hibernate: alter table if exists care_plans add constraint FKpw3witvl1xxkor8axo2si7rot foreign key (patient_id) references patients
2026-02-20T09:27:38.673Z DEBUG 4340 --- [Geriatric Home Care System] [           main] org.hibernate.SQL                        : alter table if exists care_task_templates add constraint FKq8m28b6smcgjs96nidi7y1fx2 foreign key (template_id) references care_plan_templates
Hibernate: alter table if exists care_task_templates add constraint FKq8m28b6smcgjs96nidi7y1fx2 foreign key (template_id) references care_plan_templates
2026-02-20T09:27:38.674Z DEBUG 4340 --- [Geriatric Home Care System] [           main] org.hibernate.SQL                        : alter table if exists care_tasks add constraint FKrco9brw2cr6tjk6r3w4wc8yx8 foreign key (care_plan_id) references care_plans
Hibernate: alter table if exists care_tasks add constraint FKrco9brw2cr6tjk6r3w4wc8yx8 foreign key (care_plan_id) references care_plans
2026-02-20T09:27:38.676Z DEBUG 4340 --- [Geriatric Home Care System] [           main] org.hibernate.SQL                        : alter table if exists medical_specialties add constraint FKopvnsmewctm3u4tb8y86mnwss foreign key (parent_specialty_id) references medical_specialties
Hibernate: alter table if exists medical_specialties add constraint FKopvnsmewctm3u4tb8y86mnwss foreign key (parent_specialty_id) references medical_specialties
2026-02-20T09:27:38.678Z DEBUG 4340 --- [Geriatric Home Care System] [           main] org.hibernate.SQL                        : alter table if exists medications add constraint FKj3eykmor8aarm28inp05fvp79 foreign key (created_by) references users
Hibernate: alter table if exists medications add constraint FKj3eykmor8aarm28inp05fvp79 foreign key (created_by) references users
2026-02-20T09:27:38.681Z DEBUG 4340 --- [Geriatric Home Care System] [           main] org.hibernate.SQL                        : alter table if exists medications add constraint FK3yq08nlqi4gnimrf9mwr4gmhi foreign key (updated_by) references users
Hibernate: alter table if exists medications add constraint FK3yq08nlqi4gnimrf9mwr4gmhi foreign key (updated_by) references users
2026-02-20T09:27:38.684Z DEBUG 4340 --- [Geriatric Home Care System] [           main] org.hibernate.SQL                        : alter table if exists patient_caregivers add constraint FKt6gpw452tc1qi6mk0i46hdrj7 foreign key (assigned_by_id) references users
Hibernate: alter table if exists patient_caregivers add constraint FKt6gpw452tc1qi6mk0i46hdrj7 foreign key (assigned_by_id) references users
2026-02-20T09:27:38.685Z DEBUG 4340 --- [Geriatric Home Care System] [           main] org.hibernate.SQL                        : alter table if exists patient_caregivers add constraint FKeufjwtohknbi4w3p2xfq4sw4n foreign key (caregiver_id) references users
Hibernate: alter table if exists patient_caregivers add constraint FKeufjwtohknbi4w3p2xfq4sw4n foreign key (caregiver_id) references users
2026-02-20T09:27:38.691Z DEBUG 4340 --- [Geriatric Home Care System] [           main] org.hibernate.SQL                        : alter table if exists patient_caregivers add constraint FKcoybsvpbaumogb4akh8rr2jai foreign key (patient_id) references patients
Hibernate: alter table if exists patient_caregivers add constraint FKcoybsvpbaumogb4akh8rr2jai foreign key (patient_id) references patients
2026-02-20T09:27:38.692Z DEBUG 4340 --- [Geriatric Home Care System] [           main] org.hibernate.SQL                        : alter table if exists patient_family_members add constraint FK2dctcovlc1xljctriqwvlgvxi foreign key (assigned_by_id) references users
Hibernate: alter table if exists patient_family_members add constraint FK2dctcovlc1xljctriqwvlgvxi foreign key (assigned_by_id) references users
2026-02-20T09:27:38.696Z DEBUG 4340 --- [Geriatric Home Care System] [           main] org.hibernate.SQL                        : alter table if exists patient_family_members add constraint FKmjd4xovo9qfhlex5v2tl8w377 foreign key (family_member_id) references users
Hibernate: alter table if exists patient_family_members add constraint FKmjd4xovo9qfhlex5v2tl8w377 foreign key (family_member_id) references users
2026-02-20T09:27:38.697Z DEBUG 4340 --- [Geriatric Home Care System] [           main] org.hibernate.SQL                        : alter table if exists patient_family_members add constraint FK7gbnfnj6ydryvwlccu1636cou foreign key (patient_id) references patients
Hibernate: alter table if exists patient_family_members add constraint FK7gbnfnj6ydryvwlccu1636cou foreign key (patient_id) references patients
2026-02-20T09:27:42.024Z  INFO 4340 --- [Geriatric Home Care System] [           main] c.g.u.r.MedicationRepositoryTest         : Started MedicationRepositoryTest in 8.106 seconds (process running for 11.344)
2026-02-20T09:27:42.867Z DEBUG 4340 --- [Geriatric Home Care System] [           main] org.hibernate.SQL                        : insert into users (created_at,created_by,deleted,deleted_at,deleted_by,email,email_verification_token,email_verification_token_expiry,email_verified,failed_login_attempts,first_name,last_login_at,last_login_ip,last_name,locked_until,mfa_enabled,mfa_secret,must_change_password,password,password_changed_at,phone_number,preferences,profile_picture_url,role,status,updated_at,updated_by,username,id) values (?,?,?,?,?,?,?,?,?,?,?,?,?,?,?,?,?,?,?,?,?,?,?,?,?,?,?,?,?)
Hibernate: insert into users (created_at,created_by,deleted,deleted_at,deleted_by,email,email_verification_token,email_verification_token_expiry,email_verified,failed_login_attempts,first_name,last_login_at,last_login_ip,last_name,locked_until,mfa_enabled,mfa_secret,must_change_password,password,password_changed_at,phone_number,preferences,profile_picture_url,role,status,updated_at,updated_by,username,id) values (?,?,?,?,?,?,?,?,?,?,?,?,?,?,?,?,?,?,?,?,?,?,?,?,?,?,?,?,?)
2026-02-20T09:27:42.943Z DEBUG 4340 --- [Geriatric Home Care System] [           main] org.hibernate.SQL                        : insert into medications (created_at,created_by,dosage,expiration_date,form,generic_name,is_active,manufacturer,name,quantity_in_stock,reorder_level,updated_at,updated_by,id) values (?,?,?,?,?,?,?,?,?,?,?,?,?,?)
Hibernate: insert into medications (created_at,created_by,dosage,expiration_date,form,generic_name,is_active,manufacturer,name,quantity_in_stock,reorder_level,updated_at,updated_by,id) values (?,?,?,?,?,?,?,?,?,?,?,?,?,?)
2026-02-20T09:27:42.948Z DEBUG 4340 --- [Geriatric Home Care System] [           main] org.hibernate.SQL                        : insert into medications (created_at,created_by,dosage,expiration_date,form,generic_name,is_active,manufacturer,name,quantity_in_stock,reorder_level,updated_at,updated_by,id) values (?,?,?,?,?,?,?,?,?,?,?,?,?,?)
Hibernate: insert into medications (created_at,created_by,dosage,expiration_date,form,generic_name,is_active,manufacturer,name,quantity_in_stock,reorder_level,updated_at,updated_by,id) values (?,?,?,?,?,?,?,?,?,?,?,?,?,?)
2026-02-20T09:27:42.952Z DEBUG 4340 --- [Geriatric Home Care System] [           main] org.hibernate.SQL                        : insert into medications (created_at,created_by,dosage,expiration_date,form,generic_name,is_active,manufacturer,name,quantity_in_stock,reorder_level,updated_at,updated_by,id) values (?,?,?,?,?,?,?,?,?,?,?,?,?,?)
Hibernate: insert into medications (created_at,created_by,dosage,expiration_date,form,generic_name,is_active,manufacturer,name,quantity_in_stock,reorder_level,updated_at,updated_by,id) values (?,?,?,?,?,?,?,?,?,?,?,?,?,?)
2026-02-20T09:27:42.953Z DEBUG 4340 --- [Geriatric Home Care System] [           main] org.hibernate.SQL                        : insert into medications (created_at,created_by,dosage,expiration_date,form,generic_name,is_active,manufacturer,name,quantity_in_stock,reorder_level,updated_at,updated_by,id) values (?,?,?,?,?,?,?,?,?,?,?,?,?,?)
Hibernate: insert into medications (created_at,created_by,dosage,expiration_date,form,generic_name,is_active,manufacturer,name,quantity_in_stock,reorder_level,updated_at,updated_by,id) values (?,?,?,?,?,?,?,?,?,?,?,?,?,?)
2026-02-20T09:27:42.977Z DEBUG 4340 --- [Geriatric Home Care System] [           main] org.hibernate.SQL                        : select m1_0.id,m1_0.created_at,m1_0.created_by,m1_0.dosage,m1_0.expiration_date,m1_0.form,m1_0.generic_name,m1_0.is_active,m1_0.manufacturer,m1_0.name,m1_0.quantity_in_stock,m1_0.reorder_level,m1_0.updated_at,m1_0.updated_by from medications m1_0 where m1_0.is_active=true and m1_0.expiration_date between current_date and ?
Hibernate: select m1_0.id,m1_0.created_at,m1_0.created_by,m1_0.dosage,m1_0.expiration_date,m1_0.form,m1_0.generic_name,m1_0.is_active,m1_0.manufacturer,m1_0.name,m1_0.quantity_in_stock,m1_0.reorder_level,m1_0.updated_at,m1_0.updated_by from medications m1_0 where m1_0.is_active=true and m1_0.expiration_date between current_date and ?
]]></system-out>
  </testcase>
  <testcase name="shouldFindExpiredMedications" classname="com.geriatriccare.unit.repository.MedicationRepositoryTest" time="0.031">
    <system-out><![CDATA[2026-02-20T09:27:43.023Z DEBUG 4340 --- [Geriatric Home Care System] [           main] org.hibernate.SQL                        : insert into users (created_at,created_by,deleted,deleted_at,deleted_by,email,email_verification_token,email_verification_token_expiry,email_verified,failed_login_attempts,first_name,last_login_at,last_login_ip,last_name,locked_until,mfa_enabled,mfa_secret,must_change_password,password,password_changed_at,phone_number,preferences,profile_picture_url,role,status,updated_at,updated_by,username,id) values (?,?,?,?,?,?,?,?,?,?,?,?,?,?,?,?,?,?,?,?,?,?,?,?,?,?,?,?,?)
Hibernate: insert into users (created_at,created_by,deleted,deleted_at,deleted_by,email,email_verification_token,email_verification_token_expiry,email_verified,failed_login_attempts,first_name,last_login_at,last_login_ip,last_name,locked_until,mfa_enabled,mfa_secret,must_change_password,password,password_changed_at,phone_number,preferences,profile_picture_url,role,status,updated_at,updated_by,username,id) values (?,?,?,?,?,?,?,?,?,?,?,?,?,?,?,?,?,?,?,?,?,?,?,?,?,?,?,?,?)
2026-02-20T09:27:43.027Z DEBUG 4340 --- [Geriatric Home Care System] [           main] org.hibernate.SQL                        : insert into medications (created_at,created_by,dosage,expiration_date,form,generic_name,is_active,manufacturer,name,quantity_in_stock,reorder_level,updated_at,updated_by,id) values (?,?,?,?,?,?,?,?,?,?,?,?,?,?)
Hibernate: insert into medications (created_at,created_by,dosage,expiration_date,form,generic_name,is_active,manufacturer,name,quantity_in_stock,reorder_level,updated_at,updated_by,id) values (?,?,?,?,?,?,?,?,?,?,?,?,?,?)
2026-02-20T09:27:43.028Z DEBUG 4340 --- [Geriatric Home Care System] [           main] org.hibernate.SQL                        : insert into medications (created_at,created_by,dosage,expiration_date,form,generic_name,is_active,manufacturer,name,quantity_in_stock,reorder_level,updated_at,updated_by,id) values (?,?,?,?,?,?,?,?,?,?,?,?,?,?)
Hibernate: insert into medications (created_at,created_by,dosage,expiration_date,form,generic_name,is_active,manufacturer,name,quantity_in_stock,reorder_level,updated_at,updated_by,id) values (?,?,?,?,?,?,?,?,?,?,?,?,?,?)
2026-02-20T09:27:43.031Z DEBUG 4340 --- [Geriatric Home Care System] [           main] org.hibernate.SQL                        : insert into medications (created_at,created_by,dosage,expiration_date,form,generic_name,is_active,manufacturer,name,quantity_in_stock,reorder_level,updated_at,updated_by,id) values (?,?,?,?,?,?,?,?,?,?,?,?,?,?)
Hibernate: insert into medications (created_at,created_by,dosage,expiration_date,form,generic_name,is_active,manufacturer,name,quantity_in_stock,reorder_level,updated_at,updated_by,id) values (?,?,?,?,?,?,?,?,?,?,?,?,?,?)
2026-02-20T09:27:43.032Z DEBUG 4340 --- [Geriatric Home Care System] [           main] org.hibernate.SQL                        : insert into medications (created_at,created_by,dosage,expiration_date,form,generic_name,is_active,manufacturer,name,quantity_in_stock,reorder_level,updated_at,updated_by,id) values (?,?,?,?,?,?,?,?,?,?,?,?,?,?)
Hibernate: insert into medications (created_at,created_by,dosage,expiration_date,form,generic_name,is_active,manufacturer,name,quantity_in_stock,reorder_level,updated_at,updated_by,id) values (?,?,?,?,?,?,?,?,?,?,?,?,?,?)
2026-02-20T09:27:43.033Z DEBUG 4340 --- [Geriatric Home Care System] [           main] org.hibernate.SQL                        : select m1_0.id,m1_0.created_at,m1_0.created_by,m1_0.dosage,m1_0.expiration_date,m1_0.form,m1_0.generic_name,m1_0.is_active,m1_0.manufacturer,m1_0.name,m1_0.quantity_in_stock,m1_0.reorder_level,m1_0.updated_at,m1_0.updated_by from medications m1_0 where m1_0.is_active=true and m1_0.expiration_date<current_date
Hibernate: select m1_0.id,m1_0.created_at,m1_0.created_by,m1_0.dosage,m1_0.expiration_date,m1_0.form,m1_0.generic_name,m1_0.is_active,m1_0.manufacturer,m1_0.name,m1_0.quantity_in_stock,m1_0.reorder_level,m1_0.updated_at,m1_0.updated_by from medications m1_0 where m1_0.is_active=true and m1_0.expiration_date<current_date
]]></system-out>
  </testcase>
  <testcase name="shouldFindMedicationById" classname="com.geriatriccare.unit.repository.MedicationRepositoryTest" time="0.017"/>
  <testcase name="shouldFindMedicationsByInjectionForm" classname="com.geriatriccare.unit.repository.MedicationRepositoryTest" time="0.033">
    <system-out><![CDATA[2026-02-20T09:27:43.080Z DEBUG 4340 --- [Geriatric Home Care System] [           main] org.hibernate.SQL                        : insert into users (created_at,created_by,deleted,deleted_at,deleted_by,email,email_verification_token,email_verification_token_expiry,email_verified,failed_login_attempts,first_name,last_login_at,last_login_ip,last_name,locked_until,mfa_enabled,mfa_secret,must_change_password,password,password_changed_at,phone_number,preferences,profile_picture_url,role,status,updated_at,updated_by,username,id) values (?,?,?,?,?,?,?,?,?,?,?,?,?,?,?,?,?,?,?,?,?,?,?,?,?,?,?,?,?)
Hibernate: insert into users (created_at,created_by,deleted,deleted_at,deleted_by,email,email_verification_token,email_verification_token_expiry,email_verified,failed_login_attempts,first_name,last_login_at,last_login_ip,last_name,locked_until,mfa_enabled,mfa_secret,must_change_password,password,password_changed_at,phone_number,preferences,profile_picture_url,role,status,updated_at,updated_by,username,id) values (?,?,?,?,?,?,?,?,?,?,?,?,?,?,?,?,?,?,?,?,?,?,?,?,?,?,?,?,?)
2026-02-20T09:27:43.083Z DEBUG 4340 --- [Geriatric Home Care System] [           main] org.hibernate.SQL                        : insert into medications (created_at,created_by,dosage,expiration_date,form,generic_name,is_active,manufacturer,name,quantity_in_stock,reorder_level,updated_at,updated_by,id) values (?,?,?,?,?,?,?,?,?,?,?,?,?,?)
Hibernate: insert into medications (created_at,created_by,dosage,expiration_date,form,generic_name,is_active,manufacturer,name,quantity_in_stock,reorder_level,updated_at,updated_by,id) values (?,?,?,?,?,?,?,?,?,?,?,?,?,?)
2026-02-20T09:27:43.084Z DEBUG 4340 --- [Geriatric Home Care System] [           main] org.hibernate.SQL                        : insert into medications (created_at,created_by,dosage,expiration_date,form,generic_name,is_active,manufacturer,name,quantity_in_stock,reorder_level,updated_at,updated_by,id) values (?,?,?,?,?,?,?,?,?,?,?,?,?,?)
Hibernate: insert into medications (created_at,created_by,dosage,expiration_date,form,generic_name,is_active,manufacturer,name,quantity_in_stock,reorder_level,updated_at,updated_by,id) values (?,?,?,?,?,?,?,?,?,?,?,?,?,?)
2026-02-20T09:27:43.084Z DEBUG 4340 --- [Geriatric Home Care System] [           main] org.hibernate.SQL                        : insert into medications (created_at,created_by,dosage,expiration_date,form,generic_name,is_active,manufacturer,name,quantity_in_stock,reorder_level,updated_at,updated_by,id) values (?,?,?,?,?,?,?,?,?,?,?,?,?,?)
Hibernate: insert into medications (created_at,created_by,dosage,expiration_date,form,generic_name,is_active,manufacturer,name,quantity_in_stock,reorder_level,updated_at,updated_by,id) values (?,?,?,?,?,?,?,?,?,?,?,?,?,?)
2026-02-20T09:27:43.085Z DEBUG 4340 --- [Geriatric Home Care System] [           main] org.hibernate.SQL                        : insert into medications (created_at,created_by,dosage,expiration_date,form,generic_name,is_active,manufacturer,name,quantity_in_stock,reorder_level,updated_at,updated_by,id) values (?,?,?,?,?,?,?,?,?,?,?,?,?,?)
Hibernate: insert into medications (created_at,created_by,dosage,expiration_date,form,generic_name,is_active,manufacturer,name,quantity_in_stock,reorder_level,updated_at,updated_by,id) values (?,?,?,?,?,?,?,?,?,?,?,?,?,?)
2026-02-20T09:27:43.086Z DEBUG 4340 --- [Geriatric Home Care System] [           main] org.hibernate.SQL                        : select m1_0.id,m1_0.created_at,m1_0.created_by,m1_0.dosage,m1_0.expiration_date,m1_0.form,m1_0.generic_name,m1_0.is_active,m1_0.manufacturer,m1_0.name,m1_0.quantity_in_stock,m1_0.reorder_level,m1_0.updated_at,m1_0.updated_by from medications m1_0 where m1_0.form=? and m1_0.is_active
Hibernate: select m1_0.id,m1_0.created_at,m1_0.created_by,m1_0.dosage,m1_0.expiration_date,m1_0.form,m1_0.generic_name,m1_0.is_active,m1_0.manufacturer,m1_0.name,m1_0.quantity_in_stock,m1_0.reorder_level,m1_0.updated_at,m1_0.updated_by from medications m1_0 where m1_0.form=? and m1_0.is_active
]]></system-out>
  </testcase>
  <testcase name="shouldNotFindInactiveMedicationById" classname="com.geriatriccare.unit.repository.MedicationRepositoryTest" time="0.035">
    <system-out><![CDATA[2026-02-20T09:27:43.104Z DEBUG 4340 --- [Geriatric Home Care System] [           main] org.hibernate.SQL                        : insert into users (created_at,created_by,deleted,deleted_at,deleted_by,email,email_verification_token,email_verification_token_expiry,email_verified,failed_login_attempts,first_name,last_login_at,last_login_ip,last_name,locked_until,mfa_enabled,mfa_secret,must_change_password,password,password_changed_at,phone_number,preferences,profile_picture_url,role,status,updated_at,updated_by,username,id) values (?,?,?,?,?,?,?,?,?,?,?,?,?,?,?,?,?,?,?,?,?,?,?,?,?,?,?,?,?)
Hibernate: insert into users (created_at,created_by,deleted,deleted_at,deleted_by,email,email_verification_token,email_verification_token_expiry,email_verified,failed_login_attempts,first_name,last_login_at,last_login_ip,last_name,locked_until,mfa_enabled,mfa_secret,must_change_password,password,password_changed_at,phone_number,preferences,profile_picture_url,role,status,updated_at,updated_by,username,id) values (?,?,?,?,?,?,?,?,?,?,?,?,?,?,?,?,?,?,?,?,?,?,?,?,?,?,?,?,?)
2026-02-20T09:27:43.106Z DEBUG 4340 --- [Geriatric Home Care System] [           main] org.hibernate.SQL                        : insert into medications (created_at,created_by,dosage,expiration_date,form,generic_name,is_active,manufacturer,name,quantity_in_stock,reorder_level,updated_at,updated_by,id) values (?,?,?,?,?,?,?,?,?,?,?,?,?,?)
Hibernate: insert into medications (created_at,created_by,dosage,expiration_date,form,generic_name,is_active,manufacturer,name,quantity_in_stock,reorder_level,updated_at,updated_by,id) values (?,?,?,?,?,?,?,?,?,?,?,?,?,?)
2026-02-20T09:27:43.107Z DEBUG 4340 --- [Geriatric Home Care System] [           main] org.hibernate.SQL                        : insert into medications (created_at,created_by,dosage,expiration_date,form,generic_name,is_active,manufacturer,name,quantity_in_stock,reorder_level,updated_at,updated_by,id) values (?,?,?,?,?,?,?,?,?,?,?,?,?,?)
Hibernate: insert into medications (created_at,created_by,dosage,expiration_date,form,generic_name,is_active,manufacturer,name,quantity_in_stock,reorder_level,updated_at,updated_by,id) values (?,?,?,?,?,?,?,?,?,?,?,?,?,?)
2026-02-20T09:27:43.108Z DEBUG 4340 --- [Geriatric Home Care System] [           main] org.hibernate.SQL                        : insert into medications (created_at,created_by,dosage,expiration_date,form,generic_name,is_active,manufacturer,name,quantity_in_stock,reorder_level,updated_at,updated_by,id) values (?,?,?,?,?,?,?,?,?,?,?,?,?,?)
Hibernate: insert into medications (created_at,created_by,dosage,expiration_date,form,generic_name,is_active,manufacturer,name,quantity_in_stock,reorder_level,updated_at,updated_by,id) values (?,?,?,?,?,?,?,?,?,?,?,?,?,?)
2026-02-20T09:27:43.109Z DEBUG 4340 --- [Geriatric Home Care System] [           main] org.hibernate.SQL                        : insert into medications (created_at,created_by,dosage,expiration_date,form,generic_name,is_active,manufacturer,name,quantity_in_stock,reorder_level,updated_at,updated_by,id) values (?,?,?,?,?,?,?,?,?,?,?,?,?,?)
Hibernate: insert into medications (created_at,created_by,dosage,expiration_date,form,generic_name,is_active,manufacturer,name,quantity_in_stock,reorder_level,updated_at,updated_by,id) values (?,?,?,?,?,?,?,?,?,?,?,?,?,?)
2026-02-20T09:27:43.118Z DEBUG 4340 --- [Geriatric Home Care System] [           main] org.hibernate.SQL                        : update medications set created_by=?,dosage=?,expiration_date=?,form=?,generic_name=?,is_active=?,manufacturer=?,name=?,quantity_in_stock=?,reorder_level=?,updated_at=?,updated_by=? where id=?
Hibernate: update medications set created_by=?,dosage=?,expiration_date=?,form=?,generic_name=?,is_active=?,manufacturer=?,name=?,quantity_in_stock=?,reorder_level=?,updated_at=?,updated_by=? where id=?
2026-02-20T09:27:43.123Z DEBUG 4340 --- [Geriatric Home Care System] [           main] org.hibernate.SQL                        : select m1_0.id,m1_0.created_at,m1_0.created_by,m1_0.dosage,m1_0.expiration_date,m1_0.form,m1_0.generic_name,m1_0.is_active,m1_0.manufacturer,m1_0.name,m1_0.quantity_in_stock,m1_0.reorder_level,m1_0.updated_at,m1_0.updated_by from medications m1_0 where m1_0.id=? and m1_0.is_active
Hibernate: select m1_0.id,m1_0.created_at,m1_0.created_by,m1_0.dosage,m1_0.expiration_date,m1_0.form,m1_0.generic_name,m1_0.is_active,m1_0.manufacturer,m1_0.name,m1_0.quantity_in_stock,m1_0.reorder_level,m1_0.updated_at,m1_0.updated_by from medications m1_0 where m1_0.id=? and m1_0.is_active
]]></system-out>
  </testcase>
  <testcase name="shouldReturnEmptyWhenNoMedicationsMatchForm" classname="com.geriatriccare.unit.repository.MedicationRepositoryTest" time="0.027">
    <system-out><![CDATA[2026-02-20T09:27:43.142Z DEBUG 4340 --- [Geriatric Home Care System] [           main] org.hibernate.SQL                        : insert into users (created_at,created_by,deleted,deleted_at,deleted_by,email,email_verification_token,email_verification_token_expiry,email_verified,failed_login_attempts,first_name,last_login_at,last_login_ip,last_name,locked_until,mfa_enabled,mfa_secret,must_change_password,password,password_changed_at,phone_number,preferences,profile_picture_url,role,status,updated_at,updated_by,username,id) values (?,?,?,?,?,?,?,?,?,?,?,?,?,?,?,?,?,?,?,?,?,?,?,?,?,?,?,?,?)
Hibernate: insert into users (created_at,created_by,deleted,deleted_at,deleted_by,email,email_verification_token,email_verification_token_expiry,email_verified,failed_login_attempts,first_name,last_login_at,last_login_ip,last_name,locked_until,mfa_enabled,mfa_secret,must_change_password,password,password_changed_at,phone_number,preferences,profile_picture_url,role,status,updated_at,updated_by,username,id) values (?,?,?,?,?,?,?,?,?,?,?,?,?,?,?,?,?,?,?,?,?,?,?,?,?,?,?,?,?)
2026-02-20T09:27:43.146Z DEBUG 4340 --- [Geriatric Home Care System] [           main] org.hibernate.SQL                        : insert into medications (created_at,created_by,dosage,expiration_date,form,generic_name,is_active,manufacturer,name,quantity_in_stock,reorder_level,updated_at,updated_by,id) values (?,?,?,?,?,?,?,?,?,?,?,?,?,?)
Hibernate: insert into medications (created_at,created_by,dosage,expiration_date,form,generic_name,is_active,manufacturer,name,quantity_in_stock,reorder_level,updated_at,updated_by,id) values (?,?,?,?,?,?,?,?,?,?,?,?,?,?)
2026-02-20T09:27:43.149Z DEBUG 4340 --- [Geriatric Home Care System] [           main] org.hibernate.SQL                        : insert into medications (created_at,created_by,dosage,expiration_date,form,generic_name,is_active,manufacturer,name,quantity_in_stock,reorder_level,updated_at,updated_by,id) values (?,?,?,?,?,?,?,?,?,?,?,?,?,?)
Hibernate: insert into medications (created_at,created_by,dosage,expiration_date,form,generic_name,is_active,manufacturer,name,quantity_in_stock,reorder_level,updated_at,updated_by,id) values (?,?,?,?,?,?,?,?,?,?,?,?,?,?)
2026-02-20T09:27:43.150Z DEBUG 4340 --- [Geriatric Home Care System] [           main] org.hibernate.SQL                        : insert into medications (created_at,created_by,dosage,expiration_date,form,generic_name,is_active,manufacturer,name,quantity_in_stock,reorder_level,updated_at,updated_by,id) values (?,?,?,?,?,?,?,?,?,?,?,?,?,?)
Hibernate: insert into medications (created_at,created_by,dosage,expiration_date,form,generic_name,is_active,manufacturer,name,quantity_in_stock,reorder_level,updated_at,updated_by,id) values (?,?,?,?,?,?,?,?,?,?,?,?,?,?)
2026-02-20T09:27:43.153Z DEBUG 4340 --- [Geriatric Home Care System] [           main] org.hibernate.SQL                        : insert into medications (created_at,created_by,dosage,expiration_date,form,generic_name,is_active,manufacturer,name,quantity_in_stock,reorder_level,updated_at,updated_by,id) values (?,?,?,?,?,?,?,?,?,?,?,?,?,?)
Hibernate: insert into medications (created_at,created_by,dosage,expiration_date,form,generic_name,is_active,manufacturer,name,quantity_in_stock,reorder_level,updated_at,updated_by,id) values (?,?,?,?,?,?,?,?,?,?,?,?,?,?)
2026-02-20T09:27:43.153Z DEBUG 4340 --- [Geriatric Home Care System] [           main] org.hibernate.SQL                        : select m1_0.id,m1_0.created_at,m1_0.created_by,m1_0.dosage,m1_0.expiration_date,m1_0.form,m1_0.generic_name,m1_0.is_active,m1_0.manufacturer,m1_0.name,m1_0.quantity_in_stock,m1_0.reorder_level,m1_0.updated_at,m1_0.updated_by from medications m1_0 where m1_0.form=? and m1_0.is_active
Hibernate: select m1_0.id,m1_0.created_at,m1_0.created_by,m1_0.dosage,m1_0.expiration_date,m1_0.form,m1_0.generic_name,m1_0.is_active,m1_0.manufacturer,m1_0.name,m1_0.quantity_in_stock,m1_0.reorder_level,m1_0.updated_at,m1_0.updated_by from medications m1_0 where m1_0.form=? and m1_0.is_active
]]></system-out>
  </testcase>
  <testcase name="shouldFindMedicationsByManufacturer" classname="com.geriatriccare.unit.repository.MedicationRepositoryTest" time="0.031">
    <system-out><![CDATA[2026-02-20T09:27:43.172Z DEBUG 4340 --- [Geriatric Home Care System] [           main] org.hibernate.SQL                        : insert into users (created_at,created_by,deleted,deleted_at,deleted_by,email,email_verification_token,email_verification_token_expiry,email_verified,failed_login_attempts,first_name,last_login_at,last_login_ip,last_name,locked_until,mfa_enabled,mfa_secret,must_change_password,password,password_changed_at,phone_number,preferences,profile_picture_url,role,status,updated_at,updated_by,username,id) values (?,?,?,?,?,?,?,?,?,?,?,?,?,?,?,?,?,?,?,?,?,?,?,?,?,?,?,?,?)
Hibernate: insert into users (created_at,created_by,deleted,deleted_at,deleted_by,email,email_verification_token,email_verification_token_expiry,email_verified,failed_login_attempts,first_name,last_login_at,last_login_ip,last_name,locked_until,mfa_enabled,mfa_secret,must_change_password,password,password_changed_at,phone_number,preferences,profile_picture_url,role,status,updated_at,updated_by,username,id) values (?,?,?,?,?,?,?,?,?,?,?,?,?,?,?,?,?,?,?,?,?,?,?,?,?,?,?,?,?)
2026-02-20T09:27:43.176Z DEBUG 4340 --- [Geriatric Home Care System] [           main] org.hibernate.SQL                        : insert into medications (created_at,created_by,dosage,expiration_date,form,generic_name,is_active,manufacturer,name,quantity_in_stock,reorder_level,updated_at,updated_by,id) values (?,?,?,?,?,?,?,?,?,?,?,?,?,?)
Hibernate: insert into medications (created_at,created_by,dosage,expiration_date,form,generic_name,is_active,manufacturer,name,quantity_in_stock,reorder_level,updated_at,updated_by,id) values (?,?,?,?,?,?,?,?,?,?,?,?,?,?)
2026-02-20T09:27:43.177Z DEBUG 4340 --- [Geriatric Home Care System] [           main] org.hibernate.SQL                        : insert into medications (created_at,created_by,dosage,expiration_date,form,generic_name,is_active,manufacturer,name,quantity_in_stock,reorder_level,updated_at,updated_by,id) values (?,?,?,?,?,?,?,?,?,?,?,?,?,?)
Hibernate: insert into medications (created_at,created_by,dosage,expiration_date,form,generic_name,is_active,manufacturer,name,quantity_in_stock,reorder_level,updated_at,updated_by,id) values (?,?,?,?,?,?,?,?,?,?,?,?,?,?)
2026-02-20T09:27:43.178Z DEBUG 4340 --- [Geriatric Home Care System] [           main] org.hibernate.SQL                        : insert into medications (created_at,created_by,dosage,expiration_date,form,generic_name,is_active,manufacturer,name,quantity_in_stock,reorder_level,updated_at,updated_by,id) values (?,?,?,?,?,?,?,?,?,?,?,?,?,?)
Hibernate: insert into medications (created_at,created_by,dosage,expiration_date,form,generic_name,is_active,manufacturer,name,quantity_in_stock,reorder_level,updated_at,updated_by,id) values (?,?,?,?,?,?,?,?,?,?,?,?,?,?)
2026-02-20T09:27:43.180Z DEBUG 4340 --- [Geriatric Home Care System] [           main] org.hibernate.SQL                        : insert into medications (created_at,created_by,dosage,expiration_date,form,generic_name,is_active,manufacturer,name,quantity_in_stock,reorder_level,updated_at,updated_by,id) values (?,?,?,?,?,?,?,?,?,?,?,?,?,?)
Hibernate: insert into medications (created_at,created_by,dosage,expiration_date,form,generic_name,is_active,manufacturer,name,quantity_in_stock,reorder_level,updated_at,updated_by,id) values (?,?,?,?,?,?,?,?,?,?,?,?,?,?)
2026-02-20T09:27:43.181Z DEBUG 4340 --- [Geriatric Home Care System] [           main] org.hibernate.SQL                        : update medications set created_by=?,dosage=?,expiration_date=?,form=?,generic_name=?,is_active=?,manufacturer=?,name=?,quantity_in_stock=?,reorder_level=?,updated_at=?,updated_by=? where id=?
Hibernate: update medications set created_by=?,dosage=?,expiration_date=?,form=?,generic_name=?,is_active=?,manufacturer=?,name=?,quantity_in_stock=?,reorder_level=?,updated_at=?,updated_by=? where id=?
2026-02-20T09:27:43.184Z DEBUG 4340 --- [Geriatric Home Care System] [           main] org.hibernate.SQL                        : select m1_0.id,m1_0.created_at,m1_0.created_by,m1_0.dosage,m1_0.expiration_date,m1_0.form,m1_0.generic_name,m1_0.is_active,m1_0.manufacturer,m1_0.name,m1_0.quantity_in_stock,m1_0.reorder_level,m1_0.updated_at,m1_0.updated_by from medications m1_0 where upper(m1_0.manufacturer)=upper(?) and m1_0.is_active
[...]
Hibernate: insert into medications (created_at,created_by,dosage,expiration_date,form,generic_name,is_active,manufacturer,name,quantity_in_stock,reorder_level,updated_at,updated_by,id) values (?,?,?,?,?,?,?,?,?,?,?,?,?,?)
2026-02-20T09:27:43.454Z DEBUG 4340 --- [Geriatric Home Care System] [           main] org.hibernate.SQL                        : insert into medications (created_at,created_by,dosage,expiration_date,form,generic_name,is_active,manufacturer,name,quantity_in_stock,reorder_level,updated_at,updated_by,id) values (?,?,?,?,?,?,?,?,?,?,?,?,?,?)
Hibernate: insert into medications (created_at,created_by,dosage,expiration_date,form,generic_name,is_active,manufacturer,name,quantity_in_stock,reorder_level,updated_at,updated_by,id) values (?,?,?,?,?,?,?,?,?,?,?,?,?,?)
2026-02-20T09:27:43.454Z DEBUG 4340 --- [Geriatric Home Care System] [           main] org.hibernate.SQL                        : select m1_0.id,m1_0.created_at,m1_0.created_by,m1_0.dosage,m1_0.expiration_date,m1_0.form,m1_0.generic_name,m1_0.is_active,m1_0.manufacturer,m1_0.name,m1_0.quantity_in_stock,m1_0.reorder_level,m1_0.updated_at,m1_0.updated_by from medications m1_0 where m1_0.id=? and m1_0.is_active
Hibernate: select m1_0.id,m1_0.created_at,m1_0.created_by,m1_0.dosage,m1_0.expiration_date,m1_0.form,m1_0.generic_name,m1_0.is_active,m1_0.manufacturer,m1_0.name,m1_0.quantity_in_stock,m1_0.reorder_level,m1_0.updated_at,m1_0.updated_by from medications m1_0 where m1_0.id=? and m1_0.is_active
]]></system-out>
  </testcase>
  <testcase name="shouldFindMedicationsByForm" classname="com.geriatriccare.unit.repository.MedicationRepositoryTest" time="0.017">
    <system-out><![CDATA[2026-02-20T09:27:43.466Z DEBUG 4340 --- [Geriatric Home Care System] [           main] org.hibernate.SQL                        : insert into users (created_at,created_by,deleted,deleted_at,deleted_by,email,email_verification_token,email_verification_token_expiry,email_verified,failed_login_attempts,first_name,last_login_at,last_login_ip,last_name,locked_until,mfa_enabled,mfa_secret,must_change_password,password,password_changed_at,phone_number,preferences,profile_picture_url,role,status,updated_at,updated_by,username,id) values (?,?,?,?,?,?,?,?,?,?,?,?,?,?,?,?,?,?,?,?,?,?,?,?,?,?,?,?,?)
Hibernate: insert into users (created_at,created_by,deleted,deleted_at,deleted_by,email,email_verification_token,email_verification_token_expiry,email_verified,failed_login_attempts,first_name,last_login_at,last_login_ip,last_name,locked_until,mfa_enabled,mfa_secret,must_change_password,password,password_changed_at,phone_number,preferences,profile_picture_url,role,status,updated_at,updated_by,username,id) values (?,?,?,?,?,?,?,?,?,?,?,?,?,?,?,?,?,?,?,?,?,?,?,?,?,?,?,?,?)
2026-02-20T09:27:43.468Z DEBUG 4340 --- [Geriatric Home Care System] [           main] org.hibernate.SQL                        : insert into medications (created_at,created_by,dosage,expiration_date,form,generic_name,is_active,manufacturer,name,quantity_in_stock,reorder_level,updated_at,updated_by,id) values (?,?,?,?,?,?,?,?,?,?,?,?,?,?)
Hibernate: insert into medications (created_at,created_by,dosage,expiration_date,form,generic_name,is_active,manufacturer,name,quantity_in_stock,reorder_level,updated_at,updated_by,id) values (?,?,?,?,?,?,?,?,?,?,?,?,?,?)
2026-02-20T09:27:43.469Z DEBUG 4340 --- [Geriatric Home Care System] [           main] org.hibernate.SQL                        : insert into medications (created_at,created_by,dosage,expiration_date,form,generic_name,is_active,manufacturer,name,quantity_in_stock,reorder_level,updated_at,updated_by,id) values (?,?,?,?,?,?,?,?,?,?,?,?,?,?)
Hibernate: insert into medications (created_at,created_by,dosage,expiration_date,form,generic_name,is_active,manufacturer,name,quantity_in_stock,reorder_level,updated_at,updated_by,id) values (?,?,?,?,?,?,?,?,?,?,?,?,?,?)
2026-02-20T09:27:43.469Z DEBUG 4340 --- [Geriatric Home Care System] [           main] org.hibernate.SQL                        : insert into medications (created_at,created_by,dosage,expiration_date,form,generic_name,is_active,manufacturer,name,quantity_in_stock,reorder_level,updated_at,updated_by,id) values (?,?,?,?,?,?,?,?,?,?,?,?,?,?)
Hibernate: insert into medications (created_at,created_by,dosage,expiration_date,form,generic_name,is_active,manufacturer,name,quantity_in_stock,reorder_level,updated_at,updated_by,id) values (?,?,?,?,?,?,?,?,?,?,?,?,?,?)
2026-02-20T09:27:43.472Z DEBUG 4340 --- [Geriatric Home Care System] [           main] org.hibernate.SQL                        : insert into medications (created_at,created_by,dosage,expiration_date,form,generic_name,is_active,manufacturer,name,quantity_in_stock,reorder_level,updated_at,updated_by,id) values (?,?,?,?,?,?,?,?,?,?,?,?,?,?)
Hibernate: insert into medications (created_at,created_by,dosage,expiration_date,form,generic_name,is_active,manufacturer,name,quantity_in_stock,reorder_level,updated_at,updated_by,id) values (?,?,?,?,?,?,?,?,?,?,?,?,?,?)
2026-02-20T09:27:43.472Z DEBUG 4340 --- [Geriatric Home Care System] [           main] org.hibernate.SQL                        : select m1_0.id,m1_0.created_at,m1_0.created_by,m1_0.dosage,m1_0.expiration_date,m1_0.form,m1_0.generic_name,m1_0.is_active,m1_0.manufacturer,m1_0.name,m1_0.quantity_in_stock,m1_0.reorder_level,m1_0.updated_at,m1_0.updated_by from medications m1_0 where m1_0.form=? and m1_0.is_active
Hibernate: select m1_0.id,m1_0.created_at,m1_0.created_by,m1_0.dosage,m1_0.expiration_date,m1_0.form,m1_0.generic_name,m1_0.is_active,m1_0.manufacturer,m1_0.name,m1_0.quantity_in_stock,m1_0.reorder_level,m1_0.updated_at,m1_0.updated_by from medications m1_0 where m1_0.form=? and m1_0.is_active
]]></system-out>
  </testcase>
  <testcase name="shouldFindOnlyActiveMedications" classname="com.geriatriccare.unit.repository.MedicationRepositoryTest" time="0.022">
    <system-out><![CDATA[2026-02-20T09:27:43.489Z DEBUG 4340 --- [Geriatric Home Care System] [           main] org.hibernate.SQL                        : insert into users (created_at,created_by,deleted,deleted_at,deleted_by,email,email_verification_token,email_verification_token_expiry,email_verified,failed_login_attempts,first_name,last_login_at,last_login_ip,last_name,locked_until,mfa_enabled,mfa_secret,must_change_password,password,password_changed_at,phone_number,preferences,profile_picture_url,role,status,updated_at,updated_by,username,id) values (?,?,?,?,?,?,?,?,?,?,?,?,?,?,?,?,?,?,?,?,?,?,?,?,?,?,?,?,?)
Hibernate: insert into users (created_at,created_by,deleted,deleted_at,deleted_by,email,email_verification_token,email_verification_token_expiry,email_verified,failed_login_attempts,first_name,last_login_at,last_login_ip,last_name,locked_until,mfa_enabled,mfa_secret,must_change_password,password,password_changed_at,phone_number,preferences,profile_picture_url,role,status,updated_at,updated_by,username,id) values (?,?,?,?,?,?,?,?,?,?,?,?,?,?,?,?,?,?,?,?,?,?,?,?,?,?,?,?,?)
2026-02-20T09:27:43.491Z DEBUG 4340 --- [Geriatric Home Care System] [           main] org.hibernate.SQL                        : insert into medications (created_at,created_by,dosage,expiration_date,form,generic_name,is_active,manufacturer,name,quantity_in_stock,reorder_level,updated_at,updated_by,id) values (?,?,?,?,?,?,?,?,?,?,?,?,?,?)
Hibernate: insert into medications (created_at,created_by,dosage,expiration_date,form,generic_name,is_active,manufacturer,name,quantity_in_stock,reorder_level,updated_at,updated_by,id) values (?,?,?,?,?,?,?,?,?,?,?,?,?,?)
2026-02-20T09:27:43.492Z DEBUG 4340 --- [Geriatric Home Care System] [           main] org.hibernate.SQL                        : insert into medications (created_at,created_by,dosage,expiration_date,form,generic_name,is_active,manufacturer,name,quantity_in_stock,reorder_level,updated_at,updated_by,id) values (?,?,?,?,?,?,?,?,?,?,?,?,?,?)
Hibernate: insert into medications (created_at,created_by,dosage,expiration_date,form,generic_name,is_active,manufacturer,name,quantity_in_stock,reorder_level,updated_at,updated_by,id) values (?,?,?,?,?,?,?,?,?,?,?,?,?,?)
2026-02-20T09:27:43.492Z DEBUG 4340 --- [Geriatric Home Care System] [           main] org.hibernate.SQL                        : insert into medications (created_at,created_by,dosage,expiration_date,form,generic_name,is_active,manufacturer,name,quantity_in_stock,reorder_level,updated_at,updated_by,id) values (?,?,?,?,?,?,?,?,?,?,?,?,?,?)
Hibernate: insert into medications (created_at,created_by,dosage,expiration_date,form,generic_name,is_active,manufacturer,name,quantity_in_stock,reorder_level,updated_at,updated_by,id) values (?,?,?,?,?,?,?,?,?,?,?,?,?,?)
2026-02-20T09:27:43.495Z DEBUG 4340 --- [Geriatric Home Care System] [           main] org.hibernate.SQL                        : insert into medications (created_at,created_by,dosage,expiration_date,form,generic_name,is_active,manufacturer,name,quantity_in_stock,reorder_level,updated_at,updated_by,id) values (?,?,?,?,?,?,?,?,?,?,?,?,?,?)
Hibernate: insert into medications (created_at,created_by,dosage,expiration_date,form,generic_name,is_active,manufacturer,name,quantity_in_stock,reorder_level,updated_at,updated_by,id) values (?,?,?,?,?,?,?,?,?,?,?,?,?,?)
2026-02-20T09:27:43.496Z DEBUG 4340 --- [Geriatric Home Care System] [           main] org.hibernate.SQL                        : update medications set created_by=?,dosage=?,expiration_date=?,form=?,generic_name=?,is_active=?,manufacturer=?,name=?,quantity_in_stock=?,reorder_level=?,updated_at=?,updated_by=? where id=?
Hibernate: update medications set created_by=?,dosage=?,expiration_date=?,form=?,generic_name=?,is_active=?,manufacturer=?,name=?,quantity_in_stock=?,reorder_level=?,updated_at=?,updated_by=? where id=?
2026-02-20T09:27:43.497Z DEBUG 4340 --- [Geriatric Home Care System] [           main] org.hibernate.SQL                        : select m1_0.id,m1_0.created_at,m1_0.created_by,m1_0.dosage,m1_0.expiration_date,m1_0.form,m1_0.generic_name,m1_0.is_active,m1_0.manufacturer,m1_0.name,m1_0.quantity_in_stock,m1_0.reorder_level,m1_0.updated_at,m1_0.updated_by from medications m1_0 where m1_0.is_active
Hibernate: select m1_0.id,m1_0.created_at,m1_0.created_by,m1_0.dosage,m1_0.expiration_date,m1_0.form,m1_0.generic_name,m1_0.is_active,m1_0.manufacturer,m1_0.name,m1_0.quantity_in_stock,m1_0.reorder_level,m1_0.updated_at,m1_0.updated_by from medications m1_0 where m1_0.is_active
]]></system-out>
  </testcase>
  <testcase name="shouldNotIncludeExpiredInExpiringSoonResults" classname="com.geriatriccare.unit.repository.MedicationRepositoryTest" time="0.015">
    <system-out><![CDATA[2026-02-20T09:27:43.506Z DEBUG 4340 --- [Geriatric Home Care System] [           main] org.hibernate.SQL                        : insert into users (created_at,created_by,deleted,deleted_at,deleted_by,email,email_verification_token,email_verification_token_expiry,email_verified,failed_login_attempts,first_name,last_login_at,last_login_ip,last_name,locked_until,mfa_enabled,mfa_secret,must_change_password,password,password_changed_at,phone_number,preferences,profile_picture_url,role,status,updated_at,updated_by,username,id) values (?,?,?,?,?,?,?,?,?,?,?,?,?,?,?,?,?,?,?,?,?,?,?,?,?,?,?,?,?)
Hibernate: insert into users (created_at,created_by,deleted,deleted_at,deleted_by,email,email_verification_token,email_verification_token_expiry,email_verified,failed_login_attempts,first_name,last_login_at,last_login_ip,last_name,locked_until,mfa_enabled,mfa_secret,must_change_password,password,password_changed_at,phone_number,preferences,profile_picture_url,role,status,updated_at,updated_by,username,id) values (?,?,?,?,?,?,?,?,?,?,?,?,?,?,?,?,?,?,?,?,?,?,?,?,?,?,?,?,?)
2026-02-20T09:27:43.509Z DEBUG 4340 --- [Geriatric Home Care System] [           main] org.hibernate.SQL                        : insert into medications (created_at,created_by,dosage,expiration_date,form,generic_name,is_active,manufacturer,name,quantity_in_stock,reorder_level,updated_at,updated_by,id) values (?,?,?,?,?,?,?,?,?,?,?,?,?,?)
Hibernate: insert into medications (created_at,created_by,dosage,expiration_date,form,generic_name,is_active,manufacturer,name,quantity_in_stock,reorder_level,updated_at,updated_by,id) values (?,?,?,?,?,?,?,?,?,?,?,?,?,?)
2026-02-20T09:27:43.509Z DEBUG 4340 --- [Geriatric Home Care System] [           main] org.hibernate.SQL                        : insert into medications (created_at,created_by,dosage,expiration_date,form,generic_name,is_active,manufacturer,name,quantity_in_stock,reorder_level,updated_at,updated_by,id) values (?,?,?,?,?,?,?,?,?,?,?,?,?,?)
Hibernate: insert into medications (created_at,created_by,dosage,expiration_date,form,generic_name,is_active,manufacturer,name,quantity_in_stock,reorder_level,updated_at,updated_by,id) values (?,?,?,?,?,?,?,?,?,?,?,?,?,?)
2026-02-20T09:27:43.510Z DEBUG 4340 --- [Geriatric Home Care System] [           main] org.hibernate.SQL                        : insert into medications (created_at,created_by,dosage,expiration_date,form,generic_name,is_active,manufacturer,name,quantity_in_stock,reorder_level,updated_at,updated_by,id) values (?,?,?,?,?,?,?,?,?,?,?,?,?,?)
Hibernate: insert into medications (created_at,created_by,dosage,expiration_date,form,generic_name,is_active,manufacturer,name,quantity_in_stock,reorder_level,updated_at,updated_by,id) values (?,?,?,?,?,?,?,?,?,?,?,?,?,?)
2026-02-20T09:27:43.510Z DEBUG 4340 --- [Geriatric Home Care System] [           main] org.hibernate.SQL                        : insert into medications (created_at,created_by,dosage,expiration_date,form,generic_name,is_active,manufacturer,name,quantity_in_stock,reorder_level,updated_at,updated_by,id) values (?,?,?,?,?,?,?,?,?,?,?,?,?,?)
Hibernate: insert into medications (created_at,created_by,dosage,expiration_date,form,generic_name,is_active,manufacturer,name,quantity_in_stock,reorder_level,updated_at,updated_by,id) values (?,?,?,?,?,?,?,?,?,?,?,?,?,?)
2026-02-20T09:27:43.511Z DEBUG 4340 --- [Geriatric Home Care System] [           main] org.hibernate.SQL                        : select m1_0.id,m1_0.created_at,m1_0.created_by,m1_0.dosage,m1_0.expiration_date,m1_0.form,m1_0.generic_name,m1_0.is_active,m1_0.manufacturer,m1_0.name,m1_0.quantity_in_stock,m1_0.reorder_level,m1_0.updated_at,m1_0.updated_by from medications m1_0 where m1_0.is_active=true and m1_0.expiration_date between current_date and ?
Hibernate: select m1_0.id,m1_0.created_at,m1_0.created_by,m1_0.dosage,m1_0.expiration_date,m1_0.form,m1_0.generic_name,m1_0.is_active,m1_0.manufacturer,m1_0.name,m1_0.quantity_in_stock,m1_0.reorder_level,m1_0.updated_at,m1_0.updated_by from medications m1_0 where m1_0.is_active=true and m1_0.expiration_date between current_date and ?
]]></system-out>
  </testcase>
  <testcase name="shouldFindLowStockMedications" classname="com.geriatriccare.unit.repository.MedicationRepositoryTest" time="0.016">
    <system-out><![CDATA[2026-02-20T09:27:43.526Z DEBUG 4340 --- [Geriatric Home Care System] [           main] org.hibernate.SQL                        : insert into users (created_at,created_by,deleted,deleted_at,deleted_by,email,email_verification_token,email_verification_token_expiry,email_verified,failed_login_attempts,first_name,last_login_at,last_login_ip,last_name,locked_until,mfa_enabled,mfa_secret,must_change_password,password,password_changed_at,phone_number,preferences,profile_picture_url,role,status,updated_at,updated_by,username,id) values (?,?,?,?,?,?,?,?,?,?,?,?,?,?,?,?,?,?,?,?,?,?,?,?,?,?,?,?,?)
Hibernate: insert into users (created_at,created_by,deleted,deleted_at,deleted_by,email,email_verification_token,email_verification_token_expiry,email_verified,failed_login_attempts,first_name,last_login_at,last_login_ip,last_name,locked_until,mfa_enabled,mfa_secret,must_change_password,password,password_changed_at,phone_number,preferences,profile_picture_url,role,status,updated_at,updated_by,username,id) values (?,?,?,?,?,?,?,?,?,?,?,?,?,?,?,?,?,?,?,?,?,?,?,?,?,?,?,?,?)
2026-02-20T09:27:43.528Z DEBUG 4340 --- [Geriatric Home Care System] [           main] org.hibernate.SQL                        : insert into medications (created_at,created_by,dosage,expiration_date,form,generic_name,is_active,manufacturer,name,quantity_in_stock,reorder_level,updated_at,updated_by,id) values (?,?,?,?,?,?,?,?,?,?,?,?,?,?)
Hibernate: insert into medications (created_at,created_by,dosage,expiration_date,form,generic_name,is_active,manufacturer,name,quantity_in_stock,reorder_level,updated_at,updated_by,id) values (?,?,?,?,?,?,?,?,?,?,?,?,?,?)
2026-02-20T09:27:43.529Z DEBUG 4340 --- [Geriatric Home Care System] [           main] org.hibernate.SQL                        : insert into medications (created_at,created_by,dosage,expiration_date,form,generic_name,is_active,manufacturer,name,quantity_in_stock,reorder_level,updated_at,updated_by,id) values (?,?,?,?,?,?,?,?,?,?,?,?,?,?)
Hibernate: insert into medications (created_at,created_by,dosage,expiration_date,form,generic_name,is_active,manufacturer,name,quantity_in_stock,reorder_level,updated_at,updated_by,id) values (?,?,?,?,?,?,?,?,?,?,?,?,?,?)
2026-02-20T09:27:43.529Z DEBUG 4340 --- [Geriatric Home Care System] [           main] org.hibernate.SQL                        : insert into medications (created_at,created_by,dosage,expiration_date,form,generic_name,is_active,manufacturer,name,quantity_in_stock,reorder_level,updated_at,updated_by,id) values (?,?,?,?,?,?,?,?,?,?,?,?,?,?)
Hibernate: insert into medications (created_at,created_by,dosage,expiration_date,form,generic_name,is_active,manufacturer,name,quantity_in_stock,reorder_level,updated_at,updated_by,id) values (?,?,?,?,?,?,?,?,?,?,?,?,?,?)
2026-02-20T09:27:43.530Z DEBUG 4340 --- [Geriatric Home Care System] [           main] org.hibernate.SQL                        : insert into medications (created_at,created_by,dosage,expiration_date,form,generic_name,is_active,manufacturer,name,quantity_in_stock,reorder_level,updated_at,updated_by,id) values (?,?,?,?,?,?,?,?,?,?,?,?,?,?)
Hibernate: insert into medications (created_at,created_by,dosage,expiration_date,form,generic_name,is_active,manufacturer,name,quantity_in_stock,reorder_level,updated_at,updated_by,id) values (?,?,?,?,?,?,?,?,?,?,?,?,?,?)
2026-02-20T09:27:43.531Z DEBUG 4340 --- [Geriatric Home Care System] [           main] org.hibernate.SQL                        : select m1_0.id,m1_0.created_at,m1_0.created_by,m1_0.dosage,m1_0.expiration_date,m1_0.form,m1_0.generic_name,m1_0.is_active,m1_0.manufacturer,m1_0.name,m1_0.quantity_in_stock,m1_0.reorder_level,m1_0.updated_at,m1_0.updated_by from medications m1_0 where m1_0.is_active=true and m1_0.quantity_in_stock<=m1_0.reorder_level
Hibernate: select m1_0.id,m1_0.created_at,m1_0.created_by,m1_0.dosage,m1_0.expiration_date,m1_0.form,m1_0.generic_name,m1_0.is_active,m1_0.manufacturer,m1_0.name,m1_0.quantity_in_stock,m1_0.reorder_level,m1_0.updated_at,m1_0.updated_by from medications m1_0 where m1_0.is_active=true and m1_0.quantity_in_stock<=m1_0.reorder_level
]]></system-out>
  </testcase>
  <testcase name="shouldReturnEmptyWhenNotFound" classname="com.geriatriccare.unit.repository.MedicationRepositoryTest" time="0.006">
    <system-out><![CDATA[2026-02-20T09:27:43.540Z DEBUG 4340 --- [Geriatric Home Care System] [           main] org.hibernate.SQL                        : select m1_0.id,m1_0.created_at,m1_0.created_by,m1_0.dosage,m1_0.expiration_date,m1_0.form,m1_0.generic_name,m1_0.is_active,m1_0.manufacturer,m1_0.name,m1_0.quantity_in_stock,m1_0.reorder_level,m1_0.updated_at,m1_0.updated_by from medications m1_0 where m1_0.id=?
Hibernate: select m1_0.id,m1_0.created_at,m1_0.created_by,m1_0.dosage,m1_0.expiration_date,m1_0.form,m1_0.generic_name,m1_0.is_active,m1_0.manufacturer,m1_0.name,m1_0.quantity_in_stock,m1_0.reorder_level,m1_0.updated_at,m1_0.updated_by from medications m1_0 where m1_0.id=?
]]></system-out>
  </testcase>
</testsuite>