<?xml version="1.0" encoding="UTF-8"?>
<testsuite xmlns:xsi="http://www.w3.org/2001/XMLSchema-instance" xsi:noNamespaceSchemaLocation="https://maven.apache.org/surefire/maven-surefire-plugin/xsd/surefire-test-report-3.0.xsd" version="3.0" name="com.geriatriccare.integration.api.DashboardApiTest" time="6.853" tests="9" errors="0" skipped="0" failures="0">
  <properties>
[...]
</properties>
  <testcase name="postStatistics_emptyBody_returns200" classname="com.geriatriccare.integration.api.DashboardApiTest" time="0.463">
    <system-out><![CDATA[
  .   ____          _            __ _ _
 /\\ / ___'_ __ _ _(_)_ __  __ _ \ \ \ \
( ( )\___ | '_ | '_| | '_ \/ _` | \ \ \ \
 \\/  ___)| |_)| | | | | || (_| |  ) ) ) )
  '  |____| .__|_| |_|_| |_\__, | / / / /
 =========|_|==============|___/=/_/_/_/
 :: Spring Boot ::                (v3.2.0)

2026-02-18T21:34:39.175Z  INFO 9078 --- [Geriatric Home Care System] [           main] c.g.integration.api.DashboardApiTest     : Starting DashboardApiTest using Java 17.0.17 with PID 9078 (started by codespace in /workspaces/geriatric-home-care-java)
2026-02-18T21:34:39.175Z  INFO 9078 --- [Geriatric Home Care System] [           main] c.g.integration.api.DashboardApiTest     : The following 1 profile is active: "test"
2026-02-18T21:34:39.766Z  WARN 9078 --- [Geriatric Home Care System] [           main] org.hibernate.dialect.Dialect            : HHH000511: The 2.2.0 version for [org.hibernate.dialect.PostgreSQLDialect] is no longer supported, hence certain features may not work properly. The minimum supported version is 11.0.0. Check the community dialects project for available legacy versions.
2026-02-18T21:34:39.767Z  WARN 9078 --- [Geriatric Home Care System] [           main] org.hibernate.orm.deprecation            : HHH90000025: PostgreSQLDialect does not need to be specified explicitly using 'hibernate.dialect' (remove the property setting and it will be selected by default)
2026-02-18T21:34:40.013Z DEBUG 9078 --- [Geriatric Home Care System] [           main] org.hibernate.SQL                        : alter table if exists care_plan_templates drop constraint if exists FKlcorcjmr7l6htyjdjoa9f7he1
2026-02-18T21:34:40.013Z DEBUG 9078 --- [Geriatric Home Care System] [           main] org.hibernate.SQL                        : alter table if exists care_plans drop constraint if exists FKof70oep6dqrg2sosil1vwlp2m
2026-02-18T21:34:40.013Z DEBUG 9078 --- [Geriatric Home Care System] [           main] org.hibernate.SQL                        : alter table if exists care_plans drop constraint if exists FK300sutt4cisnuj3v9p33mhcj
2026-02-18T21:34:40.013Z DEBUG 9078 --- [Geriatric Home Care System] [           main] org.hibernate.SQL                        : alter table if exists care_plans drop constraint if exists FKpw3witvl1xxkor8axo2si7rot
2026-02-18T21:34:40.013Z DEBUG 9078 --- [Geriatric Home Care System] [           main] org.hibernate.SQL                        : alter table if exists care_task_templates drop constraint if exists FKq8m28b6smcgjs96nidi7y1fx2
2026-02-18T21:34:40.016Z DEBUG 9078 --- [Geriatric Home Care System] [           main] org.hibernate.SQL                        : alter table if exists care_tasks drop constraint if exists FKrco9brw2cr6tjk6r3w4wc8yx8
2026-02-18T21:34:40.016Z DEBUG 9078 --- [Geriatric Home Care System] [           main] org.hibernate.SQL                        : alter table if exists medical_specialties drop constraint if exists FKopvnsmewctm3u4tb8y86mnwss
2026-02-18T21:34:40.016Z DEBUG 9078 --- [Geriatric Home Care System] [           main] org.hibernate.SQL                        : alter table if exists medications drop constraint if exists FKj3eykmor8aarm28inp05fvp79
2026-02-18T21:34:40.016Z DEBUG 9078 --- [Geriatric Home Care System] [           main] org.hibernate.SQL                        : alter table if exists medications drop constraint if exists FK3yq08nlqi4gnimrf9mwr4gmhi
2026-02-18T21:34:40.016Z DEBUG 9078 --- [Geriatric Home Care System] [           main] org.hibernate.SQL                        : alter table if exists patient_caregivers drop constraint if exists FKt6gpw452tc1qi6mk0i46hdrj7
2026-02-18T21:34:40.017Z DEBUG 9078 --- [Geriatric Home Care System] [           main] org.hibernate.SQL                        : alter table if exists patient_caregivers drop constraint if exists FKeufjwtohknbi4w3p2xfq4sw4n
2026-02-18T21:34:40.017Z DEBUG 9078 --- [Geriatric Home Care System] [           main] org.hibernate.SQL                        : alter table if exists patient_caregivers drop constraint if exists FKcoybsvpbaumogb4akh8rr2jai
2026-02-18T21:34:40.017Z DEBUG 9078 --- [Geriatric Home Care System] [           main] org.hibernate.SQL                        : alter table if exists patient_family_members drop constraint if exists FK2dctcovlc1xljctriqwvlgvxi
2026-02-18T21:34:40.017Z DEBUG 9078 --- [Geriatric Home Care System] [           main] org.hibernate.SQL                        : alter table if exists patient_family_members drop constraint if exists FKmjd4xovo9qfhlex5v2tl8w377
2026-02-18T21:34:40.017Z DEBUG 9078 --- [Geriatric Home Care System] [           main] org.hibernate.SQL                        : alter table if exists patient_family_members drop constraint if exists FK7gbnfnj6ydryvwlccu1636cou
2026-02-18T21:34:40.017Z DEBUG 9078 --- [Geriatric Home Care System] [           main] org.hibernate.SQL                        : drop table if exists adherence_reports cascade
2026-02-18T21:34:40.017Z DEBUG 9078 --- [Geriatric Home Care System] [           main] org.hibernate.SQL                        : drop table if exists ai_audit_logs cascade
2026-02-18T21:34:40.017Z DEBUG 9078 --- [Geriatric Home Care System] [           main] org.hibernate.SQL                        : drop table if exists alert_rules cascade
2026-02-18T21:34:40.017Z DEBUG 9078 --- [Geriatric Home Care System] [           main] org.hibernate.SQL                        : drop table if exists alerts cascade
2026-02-18T21:34:40.017Z DEBUG 9078 --- [Geriatric Home Care System] [           main] org.hibernate.SQL                        : drop table if exists care_plan_templates cascade
2026-02-18T21:34:40.017Z DEBUG 9078 --- [Geriatric Home Care System] [           main] org.hibernate.SQL                        : drop table if exists care_plans cascade
2026-02-18T21:34:40.017Z DEBUG 9078 --- [Geriatric Home Care System] [           main] org.hibernate.SQL                        : drop table if exists care_task_templates cascade
2026-02-18T21:34:40.017Z DEBUG 9078 --- [Geriatric Home Care System] [           main] org.hibernate.SQL                        : drop table if exists care_tasks cascade
2026-02-18T21:34:40.017Z DEBUG 9078 --- [Geriatric Home Care System] [           main] org.hibernate.SQL                        : drop table if exists diagnoses cascade
2026-02-18T21:34:40.017Z DEBUG 9078 --- [Geriatric Home Care System] [           main] org.hibernate.SQL                        : drop table if exists drug_catalog cascade
2026-02-18T21:34:40.017Z DEBUG 9078 --- [Geriatric Home Care System] [           main] org.hibernate.SQL                        : drop table if exists drug_interactions cascade
2026-02-18T21:34:40.017Z DEBUG 9078 --- [Geriatric Home Care System] [           main] org.hibernate.SQL                        : drop table if exists medical_specialties cascade
2026-02-18T21:34:40.017Z DEBUG 9078 --- [Geriatric Home Care System] [           main] org.hibernate.SQL                        : drop table if exists medication_adherence_reports cascade
2026-02-18T21:34:40.017Z DEBUG 9078 --- [Geriatric Home Care System] [           main] org.hibernate.SQL                        : drop table if exists medications cascade
2026-02-18T21:34:40.017Z DEBUG 9078 --- [Geriatric Home Care System] [           main] org.hibernate.SQL                        : drop table if exists password_history cascade
2026-02-18T21:34:40.017Z DEBUG 9078 --- [Geriatric Home Care System] [           main] org.hibernate.SQL                        : drop table if exists patient_caregivers cascade
2026-02-18T21:34:40.017Z DEBUG 9078 --- [Geriatric Home Care System] [           main] org.hibernate.SQL                        : drop table if exists patient_family_members cascade
2026-02-18T21:34:40.017Z DEBUG 9078 --- [Geriatric Home Care System] [           main] org.hibernate.SQL                        : drop table if exists patients cascade
2026-02-18T21:34:40.017Z DEBUG 9078 --- [Geriatric Home Care System] [           main] org.hibernate.SQL                        : drop table if exists procedures cascade
2026-02-18T21:34:40.017Z DEBUG 9078 --- [Geriatric Home Care System] [           main] org.hibernate.SQL                        : drop table if exists prompt_templates cascade
2026-02-18T21:34:40.017Z DEBUG 9078 --- [Geriatric Home Care System] [           main] org.hibernate.SQL                        : drop table if exists users cascade
2026-02-18T21:34:40.017Z DEBUG 9078 --- [Geriatric Home Care System] [           main] org.hibernate.SQL                        : drop table if exists vital_signs cascade
2026-02-18T21:34:40.017Z DEBUG 9078 --- [Geriatric Home Care System] [           main] org.hibernate.SQL                        : create table adherence_reports (adherence_percentage float(53), completed_tasks integer, missed_tasks integer, total_tasks integer, end_date timestamp(6) not null, expires_at timestamp(6), file_size bigint, generated_at timestamp(6) not null, start_date timestamp(6) not null, format varchar(10) check (format in ('PDF','CSV','JSON')), generated_by uuid, id uuid not null, patient_id uuid not null, time_period varchar(20) not null check (time_period in ('LAST_7_DAYS','LAST_30_DAYS','LAST_90_DAYS','CUSTOM')), trend varchar(20), report_type varchar(30) not null check (report_type in ('CARE_PLAN_ADHERENCE','MEDICATION_ADHERENCE','VITAL_SIGNS_SUMMARY','HEALTH_OUTCOMES','ALERT_SUMMARY')), file_path varchar(500), report_summary varchar(1000), report_title varchar(255), primary key (id))
2026-02-18T21:34:40.018Z DEBUG 9078 --- [Geriatric Home Care System] [           main] org.hibernate.SQL                        : create table ai_audit_logs (approved boolean, confidence_score float(53), success boolean not null, tokens_used integer, approved_at timestamp(6), response_time_ms bigint, timestamp timestamp(6) not null, approved_by uuid, id uuid not null, patient_id uuid, user_id uuid, request_type varchar(50) not null, error_message TEXT, prompt TEXT, response TEXT, primary key (id))
2026-02-18T21:34:40.019Z DEBUG 9078 --- [Geriatric Home Care System] [           main] org.hibernate.SQL                        : create table alert_rules (cooldown_minutes integer, is_active boolean not null, threshold_value float(53) not null, threshold_value_max float(53), created_at timestamp(6) not null, updated_at timestamp(6), created_by uuid, id uuid not null, patient_id uuid, comparison_operator varchar(20) not null check (comparison_operator in ('GREATER_THAN','LESS_THAN','BETWEEN','EQUALS')), severity varchar(20) not null check (severity in ('INFO','WARNING','CRITICAL')), vital_sign_type varchar(30) not null check (vital_sign_type in ('BLOOD_PRESSURE','HEART_RATE','TEMPERATURE','RESPIRATORY_RATE','OXYGEN_SATURATION')), alert_message varchar(500) not null, primary key (id))
2026-02-18T21:34:40.020Z DEBUG 9078 --- [Geriatric Home Care System] [           main] org.hibernate.SQL                        : create table alerts (acknowledged_at timestamp(6), created_at timestamp(6) not null, resolved_at timestamp(6), triggered_at timestamp(6) not null, acknowledged_by uuid, id uuid not null, patient_id uuid not null, resolved_by uuid, triggered_rule_id uuid not null, vital_sign_id uuid not null, severity varchar(20) not null check (severity in ('INFO','WARNING','CRITICAL')), status varchar(20) not null check (status in ('NEW','ACKNOWLEDGED','RESOLVED')), message varchar(500) not null, notes varchar(1000), primary key (id))
2026-02-18T21:34:40.020Z DEBUG 9078 --- [Geriatric Home Care System] [           main] org.hibernate.SQL                        : create table care_plan_templates (is_active boolean not null, created_at timestamp(6) not null, updated_at timestamp(6), created_by_id uuid not null, id uuid not null, category varchar(255), default_priority varchar(255) not null check (default_priority in ('LOW','MEDIUM','HIGH','URGENT')), description TEXT, name varchar(255) not null, primary key (id))
2026-02-18T21:34:40.020Z DEBUG 9078 --- [Geriatric Home Care System] [           main] org.hibernate.SQL                        : create table care_plans (end_date date, is_active boolean not null, start_date date not null, created_at timestamp(6) not null, updated_at timestamp(6), assigned_caregiver_id uuid, created_by_user_id uuid not null, id uuid not null, patient_id uuid not null, description TEXT, priority varchar(255) not null check (priority in ('LOW','MEDIUM','HIGH','URGENT')), status varchar(255) not null check (status in ('DRAFT','ACTIVE','COMPLETED','SUSPENDED','CANCELLED')), title varchar(255) not null, primary key (id))
2026-02-18T21:34:40.021Z DEBUG 9078 --- [Geriatric Home Care System] [           main] org.hibernate.SQL                        : create table care_task_templates (estimated_duration_minutes integer, requires_caregiver_presence boolean not null, scheduled_time time(6), created_at timestamp(6) not null, id uuid not null, template_id uuid not null, category varchar(255) not null check (category in ('MEDICATION','PERSONAL_CARE','NUTRITION','MOBILITY','SAFETY','SOCIAL','MEDICAL','HYGIENE','MENTAL_HEALTH','EMERGENCY')), description TEXT, frequency varchar(255) not null check (frequency in ('ONCE','DAILY','TWICE_DAILY','THREE_TIMES_DAILY','FOUR_TIMES_DAILY','WEEKLY','BIWEEKLY','MONTHLY','AS_NEEDED')), instructions TEXT, priority varchar(255) not null check (priority in ('LOW','MEDIUM','HIGH','URGENT')), task_name varchar(255) not null, primary key (id))
2026-02-18T21:34:40.021Z DEBUG 9078 --- [Geriatric Home Care System] [           main] org.hibernate.SQL                        : create table care_tasks (estimated_duration_minutes integer, is_active boolean not null, requires_caregiver_presence boolean, scheduled_time time(6), created_at timestamp(6) not null, updated_at timestamp(6), care_plan_id uuid not null, id uuid not null, category varchar(255) not null check (category in ('MEDICATION','PERSONAL_CARE','NUTRITION','MOBILITY','SAFETY','SOCIAL','MEDICAL','HYGIENE','MENTAL_HEALTH','EMERGENCY')), description TEXT, frequency varchar(255) not null check (frequency in ('ONCE','DAILY','TWICE_DAILY','THREE_TIMES_DAILY','FOUR_TIMES_DAILY','WEEKLY','BIWEEKLY','MONTHLY','AS_NEEDED')), instructions TEXT, priority varchar(255) not null check (priority in ('LOW','MEDIUM','HIGH','URGENT')), task_name varchar(255) not null, primary key (id))
2026-02-18T21:34:40.021Z DEBUG 9078 --- [Geriatric Home Care System] [           main] org.hibernate.SQL                        : create table diagnoses (is_active boolean not null, created_at timestamp(6) not null, updated_at timestamp(6) not null, id uuid not null, code varchar(20) not null unique, severity varchar(20), created_by varchar(50), updated_by varchar(50), category varchar(100), name varchar(200) not null, clinical_notes TEXT, description TEXT, synonyms TEXT, primary key (id))
2026-02-18T21:34:40.022Z DEBUG 9078 --- [Geriatric Home Care System] [           main] org.hibernate.SQL                        : create table drug_catalog (is_active boolean not null, created_at timestamp(6) not null, updated_at timestamp(6) not null, id uuid not null, controlled_substance_schedule varchar(20), created_by varchar(50), fda_status varchar(50), updated_by varchar(50), category varchar(100), therapeutic_class varchar(100), generic_name varchar(200) not null, brand_names TEXT, contraindications TEXT, description TEXT, dosage_forms TEXT, geriatric_considerations TEXT, indications TEXT, interactions TEXT, side_effects TEXT, strength_options TEXT, primary key (id))
2026-02-18T21:34:40.022Z DEBUG 9078 --- [Geriatric Home Care System] [           main] org.hibernate.SQL                        : create table drug_interactions (created_at timestamp(6), updated_at timestamp(6), id uuid not null, description TEXT, medication1name varchar(255) not null, medication2name varchar(255) not null, recommendation TEXT, severity varchar(255) not null check (severity in ('MINOR','MODERATE','SEVERE','CONTRAINDICATED')), primary key (id))
2026-02-18T21:34:40.022Z DEBUG 9078 --- [Geriatric Home Care System] [           main] org.hibernate.SQL                        : create table medical_specialties (is_active boolean not null, created_at timestamp(6) not null, updated_at timestamp(6) not null, id uuid not null, parent_specialty_id uuid, code varchar(20) not null unique, created_by varchar(50), updated_by varchar(50), name varchar(100) not null, typical_patient_population varchar(200), common_conditions TEXT, description TEXT, primary key (id))
2026-02-18T21:34:40.023Z DEBUG 9078 --- [Geriatric Home Care System] [           main] org.hibernate.SQL                        : create table medication_adherence_reports (adherence_percentage float(53), evening_adherence float(53), is_high_risk boolean, late_doses integer, missed_doses integer, morning_adherence float(53), taken_doses integer, total_scheduled_doses integer, weekday_adherence float(53), weekend_adherence float(53), end_date timestamp(6) not null, expires_at timestamp(6), file_size bigint, generated_at timestamp(6) not null, start_date timestamp(6) not null, format varchar(10) check (format in ('PDF','CSV','JSON')), generated_by uuid, id uuid not null, medication_id uuid, patient_id uuid not null, time_period varchar(20) not null check (time_period in ('LAST_7_DAYS','LAST_30_DAYS','LAST_90_DAYS','CUSTOM')), trend varchar(20), report_type varchar(30) not null check (report_type in ('CARE_PLAN_ADHERENCE','MEDICATION_ADHERENCE','VITAL_SIGNS_SUMMARY','HEALTH_OUTCOMES','ALERT_SUMMARY')), most_missed_time varchar(50), file_path varchar(500), report_summary varchar(1000), report_title varchar(255), primary key (id))
2026-02-18T21:34:40.023Z DEBUG 9078 --- [Geriatric Home Care System] [           main] org.hibernate.SQL                        : create table medications (expiration_date date not null, is_active boolean not null, quantity_in_stock integer not null, reorder_level integer not null, created_at timestamp(6) not null, updated_at timestamp(6) not null, created_by uuid not null, id uuid not null, updated_by uuid not null, dosage varchar(255) not null, form varchar(255) not null check (form in ('TABLET','CAPSULE','LIQUID','INJECTION','TOPICAL')), generic_name varchar(255), manufacturer varchar(255), name varchar(255) not null, primary key (id))
2026-02-18T21:34:40.024Z DEBUG 9078 --- [Geriatric Home Care System] [           main] org.hibernate.SQL                        : create table password_history (changed_at timestamp(6) not null, id uuid not null, user_id uuid not null, password_hash varchar(255) not null, primary key (id))
2026-02-18T21:34:40.025Z DEBUG 9078 --- [Geriatric Home Care System] [           main] org.hibernate.SQL                        : create table patient_caregivers (is_active boolean not null, is_primary boolean not null, assigned_at timestamp(6) not null, updated_at timestamp(6), assigned_by_id uuid not null, caregiver_id uuid not null, patient_id uuid not null, primary key (caregiver_id, patient_id))
2026-02-18T21:34:40.026Z DEBUG 9078 --- [Geriatric Home Care System] [           main] org.hibernate.SQL                        : create table patient_family_members (is_active boolean not null, assigned_at timestamp(6) not null, created_at timestamp(6) not null, updated_at timestamp(6), assigned_by_id uuid not null, family_member_id uuid not null, id uuid not null, patient_id uuid not null, primary key (id), unique (patient_id, family_member_id))
2026-02-18T21:34:40.026Z DEBUG 9078 --- [Geriatric Home Care System] [           main] org.hibernate.SQL                        : create table patients (date_of_birth date not null, is_active boolean not null, created_at timestamp(6) not null, updated_at timestamp(6), id uuid not null, emergency_contact varchar(255), emergency_phone varchar(255), first_name varchar(255) not null, last_name varchar(255) not null, medical_conditions TEXT, primary key (id))
2026-02-18T21:34:40.026Z DEBUG 9078 --- [Geriatric Home Care System] [           main] org.hibernate.SQL                        : create table procedures (estimated_duration_minutes integer, is_active boolean not null, created_at timestamp(6) not null, updated_at timestamp(6) not null, id uuid not null, code varchar(20) not null unique, created_by varchar(50), updated_by varchar(50), category varchar(100), typical_specialty varchar(100), name varchar(200) not null, description TEXT, post_care_instructions TEXT, preparation TEXT, required_equipment TEXT, primary key (id))
2026-02-18T21:34:40.027Z DEBUG 9078 --- [Geriatric Home Care System] [           main] org.hibernate.SQL                        : create table prompt_templates (is_active boolean not null, version integer not null, created_at timestamp(6) not null, updated_at timestamp(6), created_by uuid, id uuid not null, updated_by uuid, category varchar(50) not null check (category in ('MEDICATION_RECOMMENDATION','DRUG_INTERACTION','DOSAGE_CALCULATION','CARE_PLAN','SYMPTOM_ANALYSIS','ADVERSE_EVENT','MEDICATION_REVIEW')), name varchar(100) not null, description TEXT, expected_variables TEXT, medical_context TEXT, safety_guidelines TEXT, template TEXT not null, primary key (id), unique (name, version))
2026-02-18T21:34:40.027Z DEBUG 9078 --- [Geriatric Home Care System] [           main] org.hibernate.SQL                        : create table users (deleted boolean not null, email_verified boolean not null, failed_login_attempts integer not null, mfa_enabled boolean not null, must_change_password boolean not null, created_at timestamp(6) not null, deleted_at timestamp(6), email_verification_token_expiry timestamp(6), last_login_at timestamp(6), locked_until timestamp(6), password_changed_at timestamp(6), updated_at timestamp(6) not null, id uuid not null, phone_number varchar(20), role varchar(20) not null check (role in ('ADMIN','PHYSICIAN','CAREGIVER','FAMILY','PATIENT')), status varchar(30) not null check (status in ('ACTIVE','INACTIVE','SUSPENDED','PENDING_VERIFICATION')), last_login_ip varchar(45), created_by varchar(50), first_name varchar(50) not null, last_name varchar(50) not null, updated_by varchar(50), username varchar(50) not null unique, email varchar(100) not null unique, email_verification_token varchar(100), mfa_secret varchar(100), profile_picture_url varchar(500), deleted_by varchar(255), password varchar(255) not null, preferences TEXT, primary key (id))
2026-02-18T21:34:40.028Z DEBUG 9078 --- [Geriatric Home Care System] [           main] org.hibernate.SQL                        : create table vital_signs (blood_pressure_diastolic integer, blood_pressure_systolic integer, deleted boolean not null, heart_rate integer, oxygen_saturation integer, respiratory_rate integer, temperature float(53), created_at timestamp(6) not null, measured_at timestamp(6) not null, id uuid not null, patient_id uuid not null, recorded_by uuid, measurement_method varchar(20), position varchar(20), notes varchar(500), primary key (id))
2026-02-18T21:34:40.028Z DEBUG 9078 --- [Geriatric Home Care System] [           main] org.hibernate.SQL                        : create index idx_report_patient on adherence_reports (patient_id)
2026-02-18T21:34:40.028Z DEBUG 9078 --- [Geriatric Home Care System] [           main] org.hibernate.SQL                        : create index idx_report_type on adherence_reports (report_type)
2026-02-18T21:34:40.028Z DEBUG 9078 --- [Geriatric Home Care System] [           main] org.hibernate.SQL                        : create index idx_report_generated on adherence_reports (generated_at)
2026-02-18T21:34:40.028Z DEBUG 9078 --- [Geriatric Home Care System] [           main] org.hibernate.SQL                        : create index idx_timestamp on ai_audit_logs (timestamp)
2026-02-18T21:34:40.028Z DEBUG 9078 --- [Geriatric Home Care System] [           main] org.hibernate.SQL                        : create index idx_user_id on ai_audit_logs (user_id)
2026-02-18T21:34:40.028Z DEBUG 9078 --- [Geriatric Home Care System] [           main] org.hibernate.SQL                        : create index idx_patient_id on ai_audit_logs (patient_id)
2026-02-18T21:34:40.028Z DEBUG 9078 --- [Geriatric Home Care System] [           main] org.hibernate.SQL                        : create index idx_alert_rule_patient on alert_rules (patient_id)
2026-02-18T21:34:40.028Z DEBUG 9078 --- [Geriatric Home Care System] [           main] org.hibernate.SQL                        : create index idx_alert_rule_active on alert_rules (is_active)
2026-02-18T21:34:40.028Z DEBUG 9078 --- [Geriatric Home Care System] [           main] org.hibernate.SQL                        : create index idx_alert_patient on alerts (patient_id)
2026-02-18T21:34:40.028Z DEBUG 9078 --- [Geriatric Home Care System] [           main] org.hibernate.SQL                        : create index idx_alert_status on alerts (status)
2026-02-18T21:34:40.028Z DEBUG 9078 --- [Geriatric Home Care System] [           main] org.hibernate.SQL                        : create index idx_alert_triggered on alerts (triggered_at)
2026-02-18T21:34:40.029Z DEBUG 9078 --- [Geriatric Home Care System] [           main] org.hibernate.SQL                        : create index idx_diagnosis_code on diagnoses (code)
2026-02-18T21:34:40.029Z DEBUG 9078 --- [Geriatric Home Care System] [           main] org.hibernate.SQL                        : create index idx_diagnosis_category on diagnoses (category)
2026-02-18T21:34:40.029Z DEBUG 9078 --- [Geriatric Home Care System] [           main] org.hibernate.SQL                        : create index idx_diagnosis_active on diagnoses (is_active)
2026-02-18T21:34:40.029Z DEBUG 9078 --- [Geriatric Home Care System] [           main] org.hibernate.SQL                        : create index idx_drug_generic on drug_catalog (generic_name)
2026-02-18T21:34:40.029Z DEBUG 9078 --- [Geriatric Home Care System] [           main] org.hibernate.SQL                        : create index idx_drug_category on drug_catalog (category)
2026-02-18T21:34:40.029Z DEBUG 9078 --- [Geriatric Home Care System] [           main] org.hibernate.SQL                        : create index idx_drug_active on drug_catalog (is_active)
2026-02-18T21:34:40.029Z DEBUG 9078 --- [Geriatric Home Care System] [           main] org.hibernate.SQL                        : create index idx_specialty_code on medical_specialties (code)
2026-02-18T21:34:40.029Z DEBUG 9078 --- [Geriatric Home Care System] [           main] org.hibernate.SQL                        : create index idx_specialty_active on medical_specialties (is_active)
2026-02-18T21:34:40.029Z DEBUG 9078 --- [Geriatric Home Care System] [           main] org.hibernate.SQL                        : create index idx_med_report_patient on medication_adherence_reports (patient_id)
2026-02-18T21:34:40.029Z DEBUG 9078 --- [Geriatric Home Care System] [           main] org.hibernate.SQL                        : create index idx_med_report_medication on medication_adherence_reports (medication_id)
2026-02-18T21:34:40.029Z DEBUG 9078 --- [Geriatric Home Care System] [           main] org.hibernate.SQL                        : create index idx_med_report_generated on medication_adherence_reports (generated_at)
2026-02-18T21:34:40.029Z DEBUG 9078 --- [Geriatric Home Care System] [           main] org.hibernate.SQL                        : create index idx_procedure_code on procedures (code)
2026-02-18T21:34:40.029Z DEBUG 9078 --- [Geriatric Home Care System] [           main] org.hibernate.SQL                        : create index idx_procedure_category on procedures (category)
2026-02-18T21:34:40.029Z DEBUG 9078 --- [Geriatric Home Care System] [           main] org.hibernate.SQL                        : create index idx_procedure_active on procedures (is_active)
2026-02-18T21:34:40.030Z DEBUG 9078 --- [Geriatric Home Care System] [           main] org.hibernate.SQL                        : create index idx_prompt_category on prompt_templates (category)
2026-02-18T21:34:40.030Z DEBUG 9078 --- [Geriatric Home Care System] [           main] org.hibernate.SQL                        : create index idx_prompt_active on prompt_templates (is_active)
2026-02-18T21:34:40.030Z DEBUG 9078 --- [Geriatric Home Care System] [           main] org.hibernate.SQL                        : create index idx_user_email on users (email)
2026-02-18T21:34:40.030Z DEBUG 9078 --- [Geriatric Home Care System] [           main] org.hibernate.SQL                        : create index idx_user_username on users (username)
2026-02-18T21:34:40.030Z DEBUG 9078 --- [Geriatric Home Care System] [           main] org.hibernate.SQL                        : create index idx_user_role on users (role)
2026-02-18T21:34:40.030Z DEBUG 9078 --- [Geriatric Home Care System] [           main] org.hibernate.SQL                        : create index idx_user_status on users (status)
2026-02-18T21:34:40.030Z DEBUG 9078 --- [Geriatric Home Care System] [           main] org.hibernate.SQL                        : create index idx_vital_patient_measured on vital_signs (patient_id, measured_at)
2026-02-18T21:34:40.030Z DEBUG 9078 --- [Geriatric Home Care System] [           main] org.hibernate.SQL                        : create index idx_vital_measured_at on vital_signs (measured_at)
2026-02-18T21:34:40.030Z DEBUG 9078 --- [Geriatric Home Care System] [           main] org.hibernate.SQL                        : alter table if exists care_plan_templates add constraint FKlcorcjmr7l6htyjdjoa9f7he1 foreign key (created_by_id) references users
2026-02-18T21:34:40.031Z DEBUG 9078 --- [Geriatric Home Care System] [           main] org.hibernate.SQL                        : alter table if exists care_plans add constraint FKof70oep6dqrg2sosil1vwlp2m foreign key (assigned_caregiver_id) references users
2026-02-18T21:34:40.031Z DEBUG 9078 --- [Geriatric Home Care System] [           main] org.hibernate.SQL                        : alter table if exists care_plans add constraint FK300sutt4cisnuj3v9p33mhcj foreign key (created_by_user_id) references users
2026-02-18T21:34:40.032Z DEBUG 9078 --- [Geriatric Home Care System] [           main] org.hibernate.SQL                        : alter table if exists care_plans add constraint FKpw3witvl1xxkor8axo2si7rot foreign key (patient_id) references patients
2026-02-18T21:34:40.034Z DEBUG 9078 --- [Geriatric Home Care System] [           main] org.hibernate.SQL                        : alter table if exists care_task_templates add constraint FKq8m28b6smcgjs96nidi7y1fx2 foreign key (template_id) references care_plan_templates
2026-02-18T21:34:40.034Z DEBUG 9078 --- [Geriatric Home Care System] [           main] org.hibernate.SQL                        : alter table if exists care_tasks add constraint FKrco9brw2cr6tjk6r3w4wc8yx8 foreign key (care_plan_id) references care_plans
2026-02-18T21:34:40.034Z DEBUG 9078 --- [Geriatric Home Care System] [           main] org.hibernate.SQL                        : alter table if exists medical_specialties add constraint FKopvnsmewctm3u4tb8y86mnwss foreign key (parent_specialty_id) references medical_specialties
2026-02-18T21:34:40.035Z DEBUG 9078 --- [Geriatric Home Care System] [           main] org.hibernate.SQL                        : alter table if exists medications add constraint FKj3eykmor8aarm28inp05fvp79 foreign key (created_by) references users
2026-02-18T21:34:40.035Z DEBUG 9078 --- [Geriatric Home Care System] [           main] org.hibernate.SQL                        : alter table if exists medications add constraint FK3yq08nlqi4gnimrf9mwr4gmhi foreign key (updated_by) references users
2026-02-18T21:34:40.035Z DEBUG 9078 --- [Geriatric Home Care System] [           main] org.hibernate.SQL                        : alter table if exists patient_caregivers add constraint FKt6gpw452tc1qi6mk0i46hdrj7 foreign key (assigned_by_id) references users
2026-02-18T21:34:40.036Z DEBUG 9078 --- [Geriatric Home Care System] [           main] org.hibernate.SQL                        : alter table if exists patient_caregivers add constraint FKeufjwtohknbi4w3p2xfq4sw4n foreign key (caregiver_id) references users
2026-02-18T21:34:40.036Z DEBUG 9078 --- [Geriatric Home Care System] [           main] org.hibernate.SQL                        : alter table if exists patient_caregivers add constraint FKcoybsvpbaumogb4akh8rr2jai foreign key (patient_id) references patients
2026-02-18T21:34:40.036Z DEBUG 9078 --- [Geriatric Home Care System] [           main] org.hibernate.SQL                        : alter table if exists patient_family_members add constraint FK2dctcovlc1xljctriqwvlgvxi foreign key (assigned_by_id) references users
2026-02-18T21:34:40.037Z DEBUG 9078 --- [Geriatric Home Care System] [           main] org.hibernate.SQL                        : alter table if exists patient_family_members add constraint FKmjd4xovo9qfhlex5v2tl8w377 foreign key (family_member_id) references users
2026-02-18T21:34:40.037Z DEBUG 9078 --- [Geriatric Home Care System] [           main] org.hibernate.SQL                        : alter table if exists patient_family_members add constraint FK7gbnfnj6ydryvwlccu1636cou foreign key (patient_id) references patients
2026-02-18T21:34:41.000Z  INFO 9078 --- [Geriatric Home Care System] [           main] c.g.service.security.EncryptionService   : Initializing encryption keys
2026-02-18T21:34:41.000Z  INFO 9078 --- [Geriatric Home Care System] [           main] c.g.service.security.EncryptionService   : Encryption keys initialized. Current version: 1
2026-02-18T21:34:41.024Z DEBUG 9078 --- [Geriatric Home Care System] [           main] org.hibernate.SQL                        : select count(*) from alert_rules ar1_0
2026-02-18T21:34:41.025Z  INFO 9078 --- [Geriatric Home Care System] [           main] c.g.service.DefaultAlertRulesService     : Initializing default alert rules for geriatric patients...
2026-02-18T21:34:41.028Z DEBUG 9078 --- [Geriatric Home Care System] [           main] org.hibernate.SQL                        : insert into alert_rules (alert_message,comparison_operator,cooldown_minutes,created_at,created_by,is_active,patient_id,severity,threshold_value,threshold_value_max,updated_at,vital_sign_type,id) values (?,?,?,?,?,?,?,?,?,?,?,?,?)
2026-02-18T21:34:41.029Z DEBUG 9078 --- [Geriatric Home Care System] [           main] org.hibernate.SQL                        : insert into alert_rules (alert_message,comparison_operator,cooldown_minutes,created_at,created_by,is_active,patient_id,severity,threshold_value,threshold_value_max,updated_at,vital_sign_type,id) values (?,?,?,?,?,?,?,?,?,?,?,?,?)
2026-02-18T21:34:41.029Z DEBUG 9078 --- [Geriatric Home Care System] [           main] org.hibernate.SQL                        : insert into alert_rules (alert_message,comparison_operator,cooldown_minutes,created_at,created_by,is_active,patient_id,severity,threshold_value,threshold_value_max,updated_at,vital_sign_type,id) values (?,?,?,?,?,?,?,?,?,?,?,?,?)
2026-02-18T21:34:41.029Z DEBUG 9078 --- [Geriatric Home Care System] [           main] org.hibernate.SQL                        : insert into alert_rules (alert_message,comparison_operator,cooldown_minutes,created_at,created_by,is_active,patient_id,severity,threshold_value,threshold_value_max,updated_at,vital_sign_type,id) values (?,?,?,?,?,?,?,?,?,?,?,?,?)
2026-02-18T21:34:41.029Z DEBUG 9078 --- [Geriatric Home Care System] [           main] org.hibernate.SQL                        : insert into alert_rules (alert_message,comparison_operator,cooldown_minutes,created_at,created_by,is_active,patient_id,severity,threshold_value,threshold_value_max,updated_at,vital_sign_type,id) values (?,?,?,?,?,?,?,?,?,?,?,?,?)
2026-02-18T21:34:41.029Z DEBUG 9078 --- [Geriatric Home Care System] [           main] org.hibernate.SQL                        : insert into alert_rules (alert_message,comparison_operator,cooldown_minutes,created_at,created_by,is_active,patient_id,severity,threshold_value,threshold_value_max,updated_at,vital_sign_type,id) values (?,?,?,?,?,?,?,?,?,?,?,?,?)
2026-02-18T21:34:41.030Z DEBUG 9078 --- [Geriatric Home Care System] [           main] org.hibernate.SQL                        : insert into alert_rules (alert_message,comparison_operator,cooldown_minutes,created_at,created_by,is_active,patient_id,severity,threshold_value,threshold_value_max,updated_at,vital_sign_type,id) values (?,?,?,?,?,?,?,?,?,?,?,?,?)
2026-02-18T21:34:41.030Z DEBUG 9078 --- [Geriatric Home Care System] [           main] org.hibernate.SQL                        : insert into alert_rules (alert_message,comparison_operator,cooldown_minutes,created_at,created_by,is_active,patient_id,severity,threshold_value,threshold_value_max,updated_at,vital_sign_type,id) values (?,?,?,?,?,?,?,?,?,?,?,?,?)
2026-02-18T21:34:41.030Z DEBUG 9078 --- [Geriatric Home Care System] [           main] org.hibernate.SQL                        : insert into alert_rules (alert_message,comparison_operator,cooldown_minutes,created_at,created_by,is_active,patient_id,severity,threshold_value,threshold_value_max,updated_at,vital_sign_type,id) values (?,?,?,?,?,?,?,?,?,?,?,?,?)
2026-02-18T21:34:41.030Z DEBUG 9078 --- [Geriatric Home Care System] [           main] org.hibernate.SQL                        : insert into alert_rules (alert_message,comparison_operator,cooldown_minutes,created_at,created_by,is_active,patient_id,severity,threshold_value,threshold_value_max,updated_at,vital_sign_type,id) values (?,?,?,?,?,?,?,?,?,?,?,?,?)
2026-02-18T21:34:41.030Z DEBUG 9078 --- [Geriatric Home Care System] [           main] org.hibernate.SQL                        : insert into alert_rules (alert_message,comparison_operator,cooldown_minutes,created_at,created_by,is_active,patient_id,severity,threshold_value,threshold_value_max,updated_at,vital_sign_type,id) values (?,?,?,?,?,?,?,?,?,?,?,?,?)
2026-02-18T21:34:41.030Z DEBUG 9078 --- [Geriatric Home Care System] [           main] org.hibernate.SQL                        : insert into alert_rules (alert_message,comparison_operator,cooldown_minutes,created_at,created_by,is_active,patient_id,severity,threshold_value,threshold_value_max,updated_at,vital_sign_type,id) values (?,?,?,?,?,?,?,?,?,?,?,?,?)
2026-02-18T21:34:41.030Z DEBUG 9078 --- [Geriatric Home Care System] [           main] org.hibernate.SQL                        : insert into alert_rules (alert_message,comparison_operator,cooldown_minutes,created_at,created_by,is_active,patient_id,severity,threshold_value,threshold_value_max,updated_at,vital_sign_type,id) values (?,?,?,?,?,?,?,?,?,?,?,?,?)
2026-02-18T21:34:41.031Z DEBUG 9078 --- [Geriatric Home Care System] [           main] org.hibernate.SQL                        : insert into alert_rules (alert_message,comparison_operator,cooldown_minutes,created_at,created_by,is_active,patient_id,severity,threshold_value,threshold_value_max,updated_at,vital_sign_type,id) values (?,?,?,?,?,?,?,?,?,?,?,?,?)
2026-02-18T21:34:41.031Z DEBUG 9078 --- [Geriatric Home Care System] [           main] org.hibernate.SQL                        : insert into alert_rules (alert_message,comparison_operator,cooldown_minutes,created_at,created_by,is_active,patient_id,severity,threshold_value,threshold_value_max,updated_at,vital_sign_type,id) values (?,?,?,?,?,?,?,?,?,?,?,?,?)
2026-02-18T21:34:41.031Z DEBUG 9078 --- [Geriatric Home Care System] [           main] org.hibernate.SQL                        : insert into alert_rules (alert_message,comparison_operator,cooldown_minutes,created_at,created_by,is_active,patient_id,severity,threshold_value,threshold_value_max,updated_at,vital_sign_type,id) values (?,?,?,?,?,?,?,?,?,?,?,?,?)
2026-02-18T21:34:41.031Z DEBUG 9078 --- [Geriatric Home Care System] [           main] org.hibernate.SQL                        : insert into alert_rules (alert_message,comparison_operator,cooldown_minutes,created_at,created_by,is_active,patient_id,severity,threshold_value,threshold_value_max,updated_at,vital_sign_type,id) values (?,?,?,?,?,?,?,?,?,?,?,?,?)
2026-02-18T21:34:41.031Z DEBUG 9078 --- [Geriatric Home Care System] [           main] org.hibernate.SQL                        : insert into alert_rules (alert_message,comparison_operator,cooldown_minutes,created_at,created_by,is_active,patient_id,severity,threshold_value,threshold_value_max,updated_at,vital_sign_type,id) values (?,?,?,?,?,?,?,?,?,?,?,?,?)
2026-02-18T21:34:41.031Z  INFO 9078 --- [Geriatric Home Care System] [           main] c.g.service.DefaultAlertRulesService     : ✅ Created 18 default alert rules
2026-02-18T21:34:41.954Z  INFO 9078 --- [Geriatric Home Care System] [           main] c.g.integration.api.DashboardApiTest     : Started DashboardApiTest in 2.81 seconds (process running for 140.55)
2026-02-18T21:34:41.979Z  WARN 9078 --- [Geriatric Home Care System] [-auto-14-exec-1] o.s.w.s.h.HandlerMappingIntrospector     : Cache miss for REQUEST dispatch to '/api/auth/register' (previous null). Performing MatchableHandlerMapping lookup. This is logged once only at WARN level, and every time at TRACE.
2026-02-18T21:34:41.988Z  INFO 9078 --- [Geriatric Home Care System] [-auto-14-exec-1] c.g.controller.api.v1.AuthController     : Registration request received for email: admin@test.com
2026-02-18T21:34:41.989Z  INFO 9078 --- [Geriatric Home Care System] [-auto-14-exec-1] com.geriatriccare.service.AuthService    : Attempting to register user with email: admin@test.com
2026-02-18T21:34:41.990Z DEBUG 9078 --- [Geriatric Home Care System] [-auto-14-exec-1] org.hibernate.SQL                        : select u1_0.id,u1_0.created_at,u1_0.created_by,u1_0.deleted,u1_0.deleted_at,u1_0.deleted_by,u1_0.email,u1_0.email_verification_token,u1_0.email_verification_token_expiry,u1_0.email_verified,u1_0.failed_login_attempts,u1_0.first_name,u1_0.last_login_at,u1_0.last_login_ip,u1_0.last_name,u1_0.locked_until,u1_0.mfa_enabled,u1_0.mfa_secret,u1_0.must_change_password,u1_0.password,u1_0.password_changed_at,u1_0.phone_number,u1_0.preferences,u1_0.profile_picture_url,u1_0.role,u1_0.status,u1_0.updated_at,u1_0.updated_by,u1_0.username from users u1_0 where u1_0.email=?
2026-02-18T21:34:41.992Z DEBUG 9078 --- [Geriatric Home Care System] [-auto-14-exec-1] org.hibernate.SQL                        : select u1_0.id from users u1_0 where u1_0.username=? fetch first ? rows only
2026-02-18T21:34:42.081Z  INFO 9078 --- [Geriatric Home Care System] [-auto-14-exec-1] com.geriatriccare.service.AuthService    : User registered successfully with ID: 0a3ab1db-a763-4f6f-bb86-eaefeea69ddb
2026-02-18T21:34:42.086Z DEBUG 9078 --- [Geriatric Home Care System] [-auto-14-exec-1] org.hibernate.SQL                        : insert into users (created_at,created_by,deleted,deleted_at,deleted_by,email,email_verification_token,email_verification_token_expiry,email_verified,failed_login_attempts,first_name,last_login_at,last_login_ip,last_name,locked_until,mfa_enabled,mfa_secret,must_change_password,password,password_changed_at,phone_number,preferences,profile_picture_url,role,status,updated_at,updated_by,username,id) values (?,?,?,?,?,?,?,?,?,?,?,?,?,?,?,?,?,?,?,?,?,?,?,?,?,?,?,?,?)
2026-02-18T21:34:42.087Z  INFO 9078 --- [Geriatric Home Care System] [-auto-14-exec-1] c.g.controller.api.v1.AuthController     : User registered successfully: admin@test.com
2026-02-18T21:34:42.092Z  INFO 9078 --- [Geriatric Home Care System] [-auto-14-exec-2] c.g.controller.api.v1.AuthController     : Registration request received for email: physician@test.com
2026-02-18T21:34:42.093Z  INFO 9078 --- [Geriatric Home Care System] [-auto-14-exec-2] com.geriatriccare.service.AuthService    : Attempting to register user with email: physician@test.com
2026-02-18T21:34:42.093Z DEBUG 9078 --- [Geriatric Home Care System] [-auto-14-exec-2] org.hibernate.SQL                        : select u1_0.id,u1_0.created_at,u1_0.created_by,u1_0.deleted,u1_0.deleted_at,u1_0.deleted_by,u1_0.email,u1_0.email_verification_token,u1_0.email_verification_token_expiry,u1_0.email_verified,u1_0.failed_login_attempts,u1_0.first_name,u1_0.last_login_at,u1_0.last_login_ip,u1_0.last_name,u1_0.locked_until,u1_0.mfa_enabled,u1_0.mfa_secret,u1_0.must_change_password,u1_0.password,u1_0.password_changed_at,u1_0.phone_number,u1_0.preferences,u1_0.profile_picture_url,u1_0.role,u1_0.status,u1_0.updated_at,u1_0.updated_by,u1_0.username from users u1_0 where u1_0.email=?
2026-02-18T21:34:42.094Z DEBUG 9078 --- [Geriatric Home Care System] [-auto-14-exec-2] org.hibernate.SQL                        : select u1_0.id from users u1_0 where u1_0.username=? fetch first ? rows only
2026-02-18T21:34:42.174Z  INFO 9078 --- [Geriatric Home Care System] [-auto-14-exec-2] com.geriatriccare.service.AuthService    : User registered successfully with ID: 28d5942e-9a82-498d-ac33-a0b3e168756c
2026-02-18T21:34:42.179Z DEBUG 9078 --- [Geriatric Home Care System] [-auto-14-exec-2] org.hibernate.SQL                        : insert into users (created_at,created_by,deleted,deleted_at,deleted_by,email,email_verification_token,email_verification_token_expiry,email_verified,failed_login_attempts,first_name,last_login_at,last_login_ip,last_name,locked_until,mfa_enabled,mfa_secret,must_change_password,password,password_changed_at,phone_number,preferences,profile_picture_url,role,status,updated_at,updated_by,username,id) values (?,?,?,?,?,?,?,?,?,?,?,?,?,?,?,?,?,?,?,?,?,?,?,?,?,?,?,?,?)
2026-02-18T21:34:42.179Z  INFO 9078 --- [Geriatric Home Care System] [-auto-14-exec-2] c.g.controller.api.v1.AuthController     : User registered successfully: physician@test.com
2026-02-18T21:34:42.183Z  INFO 9078 --- [Geriatric Home Care System] [-auto-14-exec-3] c.g.controller.api.v1.AuthController     : Registration request received for email: caregiver@test.com
2026-02-18T21:34:42.183Z  INFO 9078 --- [Geriatric Home Care System] [-auto-14-exec-3] com.geriatriccare.service.AuthService    : Attempting to register user with email: caregiver@test.com
2026-02-18T21:34:42.185Z DEBUG 9078 --- [Geriatric Home Care System] [-auto-14-exec-3] org.hibernate.SQL                        : select u1_0.id,u1_0.created_at,u1_0.created_by,u1_0.deleted,u1_0.deleted_at,u1_0.deleted_by,u1_0.email,u1_0.email_verification_token,u1_0.email_verification_token_expiry,u1_0.email_verified,u1_0.failed_login_attempts,u1_0.first_name,u1_0.last_login_at,u1_0.last_login_ip,u1_0.last_name,u1_0.locked_until,u1_0.mfa_enabled,u1_0.mfa_secret,u1_0.must_change_password,u1_0.password,u1_0.password_changed_at,u1_0.phone_number,u1_0.preferences,u1_0.profile_picture_url,u1_0.role,u1_0.status,u1_0.updated_at,u1_0.updated_by,u1_0.username from users u1_0 where u1_0.email=?
2026-02-18T21:34:42.186Z DEBUG 9078 --- [Geriatric Home Care System] [-auto-14-exec-3] org.hibernate.SQL                        : select u1_0.id from users u1_0 where u1_0.username=? fetch first ? rows only
2026-02-18T21:34:42.274Z  INFO 9078 --- [Geriatric Home Care System] [-auto-14-exec-3] com.geriatriccare.service.AuthService    : User registered successfully with ID: c6e40d79-0ea6-4f59-86d1-60c486da3ce4
2026-02-18T21:34:42.276Z DEBUG 9078 --- [Geriatric Home Care System] [-auto-14-exec-3] org.hibernate.SQL                        : insert into users (created_at,created_by,deleted,deleted_at,deleted_by,email,email_verification_token,email_verification_token_expiry,email_verified,failed_login_attempts,first_name,last_login_at,last_login_ip,last_name,locked_until,mfa_enabled,mfa_secret,must_change_password,password,password_changed_at,phone_number,preferences,profile_picture_url,role,status,updated_at,updated_by,username,id) values (?,?,?,?,?,?,?,?,?,?,?,?,?,?,?,?,?,?,?,?,?,?,?,?,?,?,?,?,?)
2026-02-18T21:34:42.276Z  INFO 9078 --- [Geriatric Home Care System] [-auto-14-exec-3] c.g.controller.api.v1.AuthController     : User registered successfully: caregiver@test.com
2026-02-18T21:34:42.285Z  INFO 9078 --- [Geriatric Home Care System] [-auto-14-exec-4] c.g.controller.api.v1.AuthController     : Registration request received for email: family@test.com
2026-02-18T21:34:42.285Z  INFO 9078 --- [Geriatric Home Care System] [-auto-14-exec-4] com.geriatriccare.service.AuthService    : Attempting to register user with email: family@test.com
2026-02-18T21:34:42.286Z DEBUG 9078 --- [Geriatric Home Care System] [-auto-14-exec-4] org.hibernate.SQL                        : select u1_0.id,u1_0.created_at,u1_0.created_by,u1_0.deleted,u1_0.deleted_at,u1_0.deleted_by,u1_0.email,u1_0.email_verification_token,u1_0.email_verification_token_expiry,u1_0.email_verified,u1_0.failed_login_attempts,u1_0.first_name,u1_0.last_login_at,u1_0.last_login_ip,u1_0.last_name,u1_0.locked_until,u1_0.mfa_enabled,u1_0.mfa_secret,u1_0.must_change_password,u1_0.password,u1_0.password_changed_at,u1_0.phone_number,u1_0.preferences,u1_0.profile_picture_url,u1_0.role,u1_0.status,u1_0.updated_at,u1_0.updated_by,u1_0.username from users u1_0 where u1_0.email=?
2026-02-18T21:34:42.287Z DEBUG 9078 --- [Geriatric Home Care System] [-auto-14-exec-4] org.hibernate.SQL                        : select u1_0.id from users u1_0 where u1_0.username=? fetch first ? rows only
2026-02-18T21:34:42.370Z  INFO 9078 --- [Geriatric Home Care System] [-auto-14-exec-4] com.geriatriccare.service.AuthService    : User registered successfully with ID: 59e4ee2e-ef66-484d-b01b-e18cedf8d8c1
2026-02-18T21:34:42.371Z DEBUG 9078 --- [Geriatric Home Care System] [-auto-14-exec-4] org.hibernate.SQL                        : insert into users (created_at,created_by,deleted,deleted_at,deleted_by,email,email_verification_token,email_verification_token_expiry,email_verified,failed_login_attempts,first_name,last_login_at,last_login_ip,last_name,locked_until,mfa_enabled,mfa_secret,must_change_password,password,password_changed_at,phone_number,preferences,profile_picture_url,role,status,updated_at,updated_by,username,id) values (?,?,?,?,?,?,?,?,?,?,?,?,?,?,?,?,?,?,?,?,?,?,?,?,?,?,?,?,?)
2026-02-18T21:34:42.372Z  INFO 9078 --- [Geriatric Home Care System] [-auto-14-exec-4] c.g.controller.api.v1.AuthController     : User registered successfully: family@test.com
2026-02-18T21:34:42.390Z DEBUG 9078 --- [Geriatric Home Care System] [-auto-14-exec-5] org.hibernate.SQL                        : select u1_0.id,u1_0.created_at,u1_0.created_by,u1_0.deleted,u1_0.deleted_at,u1_0.deleted_by,u1_0.email,u1_0.email_verification_token,u1_0.email_verification_token_expiry,u1_0.email_verified,u1_0.failed_login_attempts,u1_0.first_name,u1_0.last_login_at,u1_0.last_login_ip,u1_0.last_name,u1_0.locked_until,u1_0.mfa_enabled,u1_0.mfa_secret,u1_0.must_change_password,u1_0.password,u1_0.password_changed_at,u1_0.phone_number,u1_0.preferences,u1_0.profile_picture_url,u1_0.role,u1_0.status,u1_0.updated_at,u1_0.updated_by,u1_0.username from users u1_0 where u1_0.username=?
2026-02-18T21:34:42.391Z DEBUG 9078 --- [Geriatric Home Care System] [-auto-14-exec-5] org.hibernate.SQL                        : select u1_0.id,u1_0.created_at,u1_0.created_by,u1_0.deleted,u1_0.deleted_at,u1_0.deleted_by,u1_0.email,u1_0.email_verification_token,u1_0.email_verification_token_expiry,u1_0.email_verified,u1_0.failed_login_attempts,u1_0.first_name,u1_0.last_login_at,u1_0.last_login_ip,u1_0.last_name,u1_0.locked_until,u1_0.mfa_enabled,u1_0.mfa_secret,u1_0.must_change_password,u1_0.password,u1_0.password_changed_at,u1_0.phone_number,u1_0.preferences,u1_0.profile_picture_url,u1_0.role,u1_0.status,u1_0.updated_at,u1_0.updated_by,u1_0.username from users u1_0 where u1_0.email=?
2026-02-18T21:34:42.396Z  INFO 9078 --- [Geriatric Home Care System] [-auto-14-exec-5] c.g.controller.DashboardController       : POST /api/dashboard/statistics
2026-02-18T21:34:42.396Z  INFO 9078 --- [Geriatric Home Care System] [-auto-14-exec-5] c.g.service.DashboardService             : Generating health outcomes dashboard
2026-02-18T21:34:42.397Z DEBUG 9078 --- [Geriatric Home Care System] [-auto-14-exec-5] org.hibernate.SQL                        : select count(*) from patients p1_0
2026-02-18T21:34:42.398Z DEBUG 9078 --- [Geriatric Home Care System] [-auto-14-exec-5] org.hibernate.SQL                        : select p1_0.id,p1_0.created_at,p1_0.date_of_birth,p1_0.emergency_contact,p1_0.emergency_phone,p1_0.first_name,p1_0.is_active,p1_0.last_name,p1_0.medical_conditions,p1_0.updated_at from patients p1_0 where p1_0.is_active offset ? rows fetch first ? rows only
2026-02-18T21:34:42.399Z DEBUG 9078 --- [Geriatric Home Care System] [-auto-14-exec-5] org.hibernate.SQL                        : select p1_0.id,p1_0.created_at,p1_0.date_of_birth,p1_0.emergency_contact,p1_0.emergency_phone,p1_0.first_name,p1_0.is_active,p1_0.last_name,p1_0.medical_conditions,p1_0.updated_at from patients p1_0
2026-02-18T21:34:42.401Z DEBUG 9078 --- [Geriatric Home Care System] [-auto-14-exec-5] org.hibernate.SQL                        : select vs1_0.id,vs1_0.blood_pressure_diastolic,vs1_0.blood_pressure_systolic,vs1_0.created_at,vs1_0.deleted,vs1_0.heart_rate,vs1_0.measured_at,vs1_0.measurement_method,vs1_0.notes,vs1_0.oxygen_saturation,vs1_0.patient_id,vs1_0.position,vs1_0.recorded_by,vs1_0.respiratory_rate,vs1_0.temperature from vital_signs vs1_0 offset ? rows fetch first ? rows only
2026-02-18T21:34:42.404Z DEBUG 9078 --- [Geriatric Home Care System] [-auto-14-exec-5] org.hibernate.SQL                        : select a1_0.id,a1_0.acknowledged_at,a1_0.acknowledged_by,a1_0.created_at,a1_0.message,a1_0.notes,a1_0.patient_id,a1_0.resolved_at,a1_0.resolved_by,a1_0.severity,a1_0.status,a1_0.triggered_at,a1_0.triggered_rule_id,a1_0.vital_sign_id from alerts a1_0 offset ? rows fetch first ? rows only
2026-02-18T21:34:42.407Z DEBUG 9078 --- [Geriatric Home Care System] [-auto-14-exec-5] org.hibernate.SQL                        : select ar1_0.id,ar1_0.adherence_percentage,ar1_0.completed_tasks,ar1_0.end_date,ar1_0.expires_at,ar1_0.file_path,ar1_0.file_size,ar1_0.format,ar1_0.generated_at,ar1_0.generated_by,ar1_0.missed_tasks,ar1_0.patient_id,ar1_0.report_summary,ar1_0.report_title,ar1_0.report_type,ar1_0.start_date,ar1_0.time_period,ar1_0.total_tasks,ar1_0.trend from adherence_reports ar1_0 offset ? rows fetch first ? rows only
2026-02-18T21:34:42.407Z DEBUG 9078 --- [Geriatric Home Care System] [-auto-14-exec-5] org.hibernate.SQL                        : select count(*) from care_plans cp1_0
2026-02-18T21:34:42.408Z DEBUG 9078 --- [Geriatric Home Care System] [-auto-14-exec-5] org.hibernate.SQL                        : select cp1_0.id,cp1_0.assigned_caregiver_id,cp1_0.created_at,cp1_0.created_by_user_id,cp1_0.description,cp1_0.end_date,cp1_0.is_active,cp1_0.patient_id,cp1_0.priority,cp1_0.start_date,cp1_0.status,cp1_0.title,cp1_0.updated_at from care_plans cp1_0 where cp1_0.is_active offset ? rows fetch first ? rows only
2026-02-18T21:34:42.409Z DEBUG 9078 --- [Geriatric Home Care System] [-auto-14-exec-5] org.hibernate.SQL                        : select m1_0.id,m1_0.created_at,m1_0.created_by,m1_0.dosage,m1_0.expiration_date,m1_0.form,m1_0.generic_name,m1_0.is_active,m1_0.manufacturer,m1_0.name,m1_0.quantity_in_stock,m1_0.reorder_level,m1_0.updated_at,m1_0.updated_by from medications m1_0 where m1_0.is_active
2026-02-18T21:34:42.410Z DEBUG 9078 --- [Geriatric Home Care System] [-auto-14-exec-5] org.hibernate.SQL                        : select mar1_0.id,mar1_0.adherence_percentage,mar1_0.end_date,mar1_0.evening_adherence,mar1_0.expires_at,mar1_0.file_path,mar1_0.file_size,mar1_0.format,mar1_0.generated_at,mar1_0.generated_by,mar1_0.is_high_risk,mar1_0.late_doses,mar1_0.medication_id,mar1_0.missed_doses,mar1_0.morning_adherence,mar1_0.most_missed_time,mar1_0.patient_id,mar1_0.report_summary,mar1_0.report_title,mar1_0.report_type,mar1_0.start_date,mar1_0.taken_doses,mar1_0.time_period,mar1_0.total_scheduled_doses,mar1_0.trend,mar1_0.weekday_adherence,mar1_0.weekend_adherence from medication_adherence_reports mar1_0 offset ? rows fetch first ? rows only
]]></system-out>
  </testcase>
  <testcase name="getStatistics_afterCreatingPatient_returnsData" classname="com.geriatriccare.integration.api.DashboardApiTest" time="0.428">
    <system-out><![CDATA[2026-02-18T21:34:42.428Z  INFO 9078 --- [Geriatric Home Care System] [-auto-14-exec-6] c.g.controller.api.v1.AuthController     : Registration request received for email: admin@test.com
2026-02-18T21:34:42.428Z  INFO 9078 --- [Geriatric Home Care System] [-auto-14-exec-6] com.geriatriccare.service.AuthService    : Attempting to register user with email: admin@test.com
2026-02-18T21:34:42.429Z DEBUG 9078 --- [Geriatric Home Care System] [-auto-14-exec-6] org.hibernate.SQL                        : select u1_0.id,u1_0.created_at,u1_0.created_by,u1_0.deleted,u1_0.deleted_at,u1_0.deleted_by,u1_0.email,u1_0.email_verification_token,u1_0.email_verification_token_expiry,u1_0.email_verified,u1_0.failed_login_attempts,u1_0.first_name,u1_0.last_login_at,u1_0.last_login_ip,u1_0.last_name,u1_0.locked_until,u1_0.mfa_enabled,u1_0.mfa_secret,u1_0.must_change_password,u1_0.password,u1_0.password_changed_at,u1_0.phone_number,u1_0.preferences,u1_0.profile_picture_url,u1_0.role,u1_0.status,u1_0.updated_at,u1_0.updated_by,u1_0.username from users u1_0 where u1_0.email=?
2026-02-18T21:34:42.430Z DEBUG 9078 --- [Geriatric Home Care System] [-auto-14-exec-6] org.hibernate.SQL                        : select u1_0.id from users u1_0 where u1_0.username=? fetch first ? rows only
2026-02-18T21:34:42.514Z  INFO 9078 --- [Geriatric Home Care System] [-auto-14-exec-6] com.geriatriccare.service.AuthService    : User registered successfully with ID: 56c91412-dbc3-4ee4-8da6-8accafae6922
2026-02-18T21:34:42.515Z DEBUG 9078 --- [Geriatric Home Care System] [-auto-14-exec-6] org.hibernate.SQL                        : insert into users (created_at,created_by,deleted,deleted_at,deleted_by,email,email_verification_token,email_verification_token_expiry,email_verified,failed_login_attempts,first_name,last_login_at,last_login_ip,last_name,locked_until,mfa_enabled,mfa_secret,must_change_password,password,password_changed_at,phone_number,preferences,profile_picture_url,role,status,updated_at,updated_by,username,id) values (?,?,?,?,?,?,?,?,?,?,?,?,?,?,?,?,?,?,?,?,?,?,?,?,?,?,?,?,?)
2026-02-18T21:34:42.516Z  INFO 9078 --- [Geriatric Home Care System] [-auto-14-exec-6] c.g.controller.api.v1.AuthController     : User registered successfully: admin@test.com
2026-02-18T21:34:42.520Z  INFO 9078 --- [Geriatric Home Care System] [-auto-14-exec-7] c.g.controller.api.v1.AuthController     : Registration request received for email: physician@test.com
2026-02-18T21:34:42.520Z  INFO 9078 --- [Geriatric Home Care System] [-auto-14-exec-7] com.geriatriccare.service.AuthService    : Attempting to register user with email: physician@test.com
2026-02-18T21:34:42.521Z DEBUG 9078 --- [Geriatric Home Care System] [-auto-14-exec-7] org.hibernate.SQL                        : select u1_0.id,u1_0.created_at,u1_0.created_by,u1_0.deleted,u1_0.deleted_at,u1_0.deleted_by,u1_0.email,u1_0.email_verification_token,u1_0.email_verification_token_expiry,u1_0.email_verified,u1_0.failed_login_attempts,u1_0.first_name,u1_0.last_login_at,u1_0.last_login_ip,u1_0.last_name,u1_0.locked_until,u1_0.mfa_enabled,u1_0.mfa_secret,u1_0.must_change_password,u1_0.password,u1_0.password_changed_at,u1_0.phone_number,u1_0.preferences,u1_0.profile_picture_url,u1_0.role,u1_0.status,u1_0.updated_at,u1_0.updated_by,u1_0.username from users u1_0 where u1_0.email=?
2026-02-18T21:34:42.523Z DEBUG 9078 --- [Geriatric Home Care System] [-auto-14-exec-7] org.hibernate.SQL                        : select u1_0.id from users u1_0 where u1_0.username=? fetch first ? rows only
2026-02-18T21:34:42.604Z  INFO 9078 --- [Geriatric Home Care System] [-auto-14-exec-7] com.geriatriccare.service.AuthService    : User registered successfully with ID: 4ec005c6-3594-40a8-b63f-30a4043f4cd5
2026-02-18T21:34:42.606Z DEBUG 9078 --- [Geriatric Home Care System] [-auto-14-exec-7] org.hibernate.SQL                        : insert into users (created_at,created_by,deleted,deleted_at,deleted_by,email,email_verification_token,email_verification_token_expiry,email_verified,failed_login_attempts,first_name,last_login_at,last_login_ip,last_name,locked_until,mfa_enabled,mfa_secret,must_change_password,password,password_changed_at,phone_number,preferences,profile_picture_url,role,status,updated_at,updated_by,username,id) values (?,?,?,?,?,?,?,?,?,?,?,?,?,?,?,?,?,?,?,?,?,?,?,?,?,?,?,?,?)
2026-02-18T21:34:42.606Z  INFO 9078 --- [Geriatric Home Care System] [-auto-14-exec-7] c.g.controller.api.v1.AuthController     : User registered successfully: physician@test.com
2026-02-18T21:34:42.610Z  INFO 9078 --- [Geriatric Home Care System] [-auto-14-exec-8] c.g.controller.api.v1.AuthController     : Registration request received for email: caregiver@test.com
2026-02-18T21:34:42.611Z  INFO 9078 --- [Geriatric Home Care System] [-auto-14-exec-8] com.geriatriccare.service.AuthService    : Attempting to register user with email: caregiver@test.com
2026-02-18T21:34:42.612Z DEBUG 9078 --- [Geriatric Home Care System] [-auto-14-exec-8] org.hibernate.SQL                        : select u1_0.id,u1_0.created_at,u1_0.created_by,u1_0.deleted,u1_0.deleted_at,u1_0.deleted_by,u1_0.email,u1_0.email_verification_token,u1_0.email_verification_token_expiry,u1_0.email_verified,u1_0.failed_login_attempts,u1_0.first_name,u1_0.last_login_at,u1_0.last_login_ip,u1_0.last_name,u1_0.locked_until,u1_0.mfa_enabled,u1_0.mfa_secret,u1_0.must_change_password,u1_0.password,u1_0.password_changed_at,u1_0.phone_number,u1_0.preferences,u1_0.profile_picture_url,u1_0.role,u1_0.status,u1_0.updated_at,u1_0.updated_by,u1_0.username from users u1_0 where u1_0.email=?
2026-02-18T21:34:42.612Z DEBUG 9078 --- [Geriatric Home Care System] [-auto-14-exec-8] org.hibernate.SQL                        : select u1_0.id from users u1_0 where u1_0.username=? fetch first ? rows only
2026-02-18T21:34:42.719Z  INFO 9078 --- [Geriatric Home Care System] [-auto-14-exec-8] com.geriatriccare.service.AuthService    : User registered successfully with ID: 94c9a6de-6b70-46ea-ba21-7f8a78ec4b6e
2026-02-18T21:34:42.720Z DEBUG 9078 --- [Geriatric Home Care System] [-auto-14-exec-8] org.hibernate.SQL                        : insert into users (created_at,created_by,deleted,deleted_at,deleted_by,email,email_verification_token,email_verification_token_expiry,email_verified,failed_login_attempts,first_name,last_login_at,last_login_ip,last_name,locked_until,mfa_enabled,mfa_secret,must_change_password,password,password_changed_at,phone_number,preferences,profile_picture_url,role,status,updated_at,updated_by,username,id) values (?,?,?,?,?,?,?,?,?,?,?,?,?,?,?,?,?,?,?,?,?,?,?,?,?,?,?,?,?)
2026-02-18T21:34:42.720Z  INFO 9078 --- [Geriatric Home Care System] [-auto-14-exec-8] c.g.controller.api.v1.AuthController     : User registered successfully: caregiver@test.com
2026-02-18T21:34:42.724Z  INFO 9078 --- [Geriatric Home Care System] [-auto-14-exec-9] c.g.controller.api.v1.AuthController     : Registration request received for email: family@test.com
2026-02-18T21:34:42.724Z  INFO 9078 --- [Geriatric Home Care System] [-auto-14-exec-9] com.geriatriccare.service.AuthService    : Attempting to register user with email: family@test.com
2026-02-18T21:34:42.725Z DEBUG 9078 --- [Geriatric Home Care System] [-auto-14-exec-9] org.hibernate.SQL                        : select u1_0.id,u1_0.created_at,u1_0.created_by,u1_0.deleted,u1_0.deleted_at,u1_0.deleted_by,u1_0.email,u1_0.email_verification_token,u1_0.email_verification_token_expiry,u1_0.email_verified,u1_0.failed_login_attempts,u1_0.first_name,u1_0.last_login_at,u1_0.last_login_ip,u1_0.last_name,u1_0.locked_until,u1_0.mfa_enabled,u1_0.mfa_secret,u1_0.must_change_password,u1_0.password,u1_0.password_changed_at,u1_0.phone_number,u1_0.preferences,u1_0.profile_picture_url,u1_0.role,u1_0.status,u1_0.updated_at,u1_0.updated_by,u1_0.username from users u1_0 where u1_0.email=?
2026-02-18T21:34:42.725Z DEBUG 9078 --- [Geriatric Home Care System] [-auto-14-exec-9] org.hibernate.SQL                        : select u1_0.id from users u1_0 where u1_0.username=? fetch first ? rows only
2026-02-18T21:34:42.800Z  INFO 9078 --- [Geriatric Home Care System] [-auto-14-exec-9] com.geriatriccare.service.AuthService    : User registered successfully with ID: 0b71dc25-2612-47b7-a61f-dde7fd7042b6
2026-02-18T21:34:42.802Z DEBUG 9078 --- [Geriatric Home Care System] [-auto-14-exec-9] org.hibernate.SQL                        : insert into users (created_at,created_by,deleted,deleted_at,deleted_by,email,email_verification_token,email_verification_token_expiry,email_verified,failed_login_attempts,first_name,last_login_at,last_login_ip,last_name,locked_until,mfa_enabled,mfa_secret,must_change_password,password,password_changed_at,phone_number,preferences,profile_picture_url,role,status,updated_at,updated_by,username,id) values (?,?,?,?,?,?,?,?,?,?,?,?,?,?,?,?,?,?,?,?,?,?,?,?,?,?,?,?,?)
2026-02-18T21:34:42.802Z  INFO 9078 --- [Geriatric Home Care System] [-auto-14-exec-9] c.g.controller.api.v1.AuthController     : User registered successfully: family@test.com
2026-02-18T21:34:42.808Z DEBUG 9078 --- [Geriatric Home Care System] [auto-14-exec-10] org.hibernate.SQL                        : select u1_0.id,u1_0.created_at,u1_0.created_by,u1_0.deleted,u1_0.deleted_at,u1_0.deleted_by,u1_0.email,u1_0.email_verification_token,u1_0.email_verification_token_expiry,u1_0.email_verified,u1_0.failed_login_attempts,u1_0.first_name,u1_0.last_login_at,u1_0.last_login_ip,u1_0.last_name,u1_0.locked_until,u1_0.mfa_enabled,u1_0.mfa_secret,u1_0.must_change_password,u1_0.password,u1_0.password_changed_at,u1_0.phone_number,u1_0.preferences,u1_0.profile_picture_url,u1_0.role,u1_0.status,u1_0.updated_at,u1_0.updated_by,u1_0.username from users u1_0 where u1_0.username=?
2026-02-18T21:34:42.809Z DEBUG 9078 --- [Geriatric Home Care System] [auto-14-exec-10] org.hibernate.SQL                        : select u1_0.id,u1_0.created_at,u1_0.created_by,u1_0.deleted,u1_0.deleted_at,u1_0.deleted_by,u1_0.email,u1_0.email_verification_token,u1_0.email_verification_token_expiry,u1_0.email_verified,u1_0.failed_login_attempts,u1_0.first_name,u1_0.last_login_at,u1_0.last_login_ip,u1_0.last_name,u1_0.locked_until,u1_0.mfa_enabled,u1_0.mfa_secret,u1_0.must_change_password,u1_0.password,u1_0.password_changed_at,u1_0.phone_number,u1_0.preferences,u1_0.profile_picture_url,u1_0.role,u1_0.status,u1_0.updated_at,u1_0.updated_by,u1_0.username from users u1_0 where u1_0.email=?
2026-02-18T21:34:42.817Z  INFO 9078 --- [Geriatric Home Care System] [auto-14-exec-10] c.g.controller.PatientController         : Creating new patient: Dashboard Patient
2026-02-18T21:34:42.817Z  INFO 9078 --- [Geriatric Home Care System] [auto-14-exec-10] c.geriatriccare.service.PatientService   : Creating new patient: Dashboard Patient
2026-02-18T21:34:42.817Z  INFO 9078 --- [Geriatric Home Care System] [auto-14-exec-10] c.geriatriccare.service.PatientService   : Successfully created patient with ID: b5413aba-d9ad-4513-bfc2-c1c8486caf4a
2026-02-18T21:34:42.820Z DEBUG 9078 --- [Geriatric Home Care System] [auto-14-exec-10] org.hibernate.SQL                        : insert into patients (created_at,date_of_birth,emergency_contact,emergency_phone,first_name,is_active,last_name,medical_conditions,updated_at,id) values (?,?,?,?,?,?,?,?,?,?)
2026-02-18T21:34:42.820Z DEBUG 9078 --- [Geriatric Home Care System] [auto-14-exec-10] org.hibernate.SQL                        : select pc1_0.caregiver_id,pc1_0.patient_id,pc1_0.assigned_at,pc1_0.assigned_by_id,pc1_0.is_active,pc1_0.is_primary,pc1_0.updated_at from patient_caregivers pc1_0 where pc1_0.patient_id=? and pc1_0.is_active
2026-02-18T21:34:42.823Z DEBUG 9078 --- [Geriatric Home Care System] [auto-14-exec-10] org.hibernate.SQL                        : select pfm1_0.id,pfm1_0.assigned_at,pfm1_0.assigned_by_id,pfm1_0.created_at,pfm1_0.family_member_id,pfm1_0.is_active,pfm1_0.patient_id,pfm1_0.updated_at from patient_family_members pfm1_0 where pfm1_0.patient_id=? and pfm1_0.is_active
2026-02-18T21:34:42.836Z DEBUG 9078 --- [Geriatric Home Care System] [-auto-14-exec-1] org.hibernate.SQL                        : select u1_0.id,u1_0.created_at,u1_0.created_by,u1_0.deleted,u1_0.deleted_at,u1_0.deleted_by,u1_0.email,u1_0.email_verification_token,u1_0.email_verification_token_expiry,u1_0.email_verified,u1_0.failed_login_attempts,u1_0.first_name,u1_0.last_login_at,u1_0.last_login_ip,u1_0.last_name,u1_0.locked_until,u1_0.mfa_enabled,u1_0.mfa_secret,u1_0.must_change_password,u1_0.password,u1_0.password_changed_at,u1_0.phone_number,u1_0.preferences,u1_0.profile_picture_url,u1_0.role,u1_0.status,u1_0.updated_at,u1_0.updated_by,u1_0.username from users u1_0 where u1_0.username=?
2026-02-18T21:34:42.837Z DEBUG 9078 --- [Geriatric Home Care System] [-auto-14-exec-1] org.hibernate.SQL                        : select u1_0.id,u1_0.created_at,u1_0.created_by,u1_0.deleted,u1_0.deleted_at,u1_0.deleted_by,u1_0.email,u1_0.email_verification_token,u1_0.email_verification_token_expiry,u1_0.email_verified,u1_0.failed_login_attempts,u1_0.first_name,u1_0.last_login_at,u1_0.last_login_ip,u1_0.last_name,u1_0.locked_until,u1_0.mfa_enabled,u1_0.mfa_secret,u1_0.must_change_password,u1_0.password,u1_0.password_changed_at,u1_0.phone_number,u1_0.preferences,u1_0.profile_picture_url,u1_0.role,u1_0.status,u1_0.updated_at,u1_0.updated_by,u1_0.username from users u1_0 where u1_0.email=?
2026-02-18T21:34:42.839Z  INFO 9078 --- [Geriatric Home Care System] [-auto-14-exec-1] c.g.controller.DashboardController       : GET /api/dashboard/statistics
2026-02-18T21:34:42.839Z  INFO 9078 --- [Geriatric Home Care System] [-auto-14-exec-1] c.g.service.DashboardService             : Generating health outcomes dashboard
2026-02-18T21:34:42.840Z DEBUG 9078 --- [Geriatric Home Care System] [-auto-14-exec-1] org.hibernate.SQL                        : select count(*) from patients p1_0
2026-02-18T21:34:42.840Z DEBUG 9078 --- [Geriatric Home Care System] [-auto-14-exec-1] org.hibernate.SQL                        : select p1_0.id,p1_0.created_at,p1_0.date_of_birth,p1_0.emergency_contact,p1_0.emergency_phone,p1_0.first_name,p1_0.is_active,p1_0.last_name,p1_0.medical_conditions,p1_0.updated_at from patients p1_0 where p1_0.is_active offset ? rows fetch first ? rows only
2026-02-18T21:34:42.841Z DEBUG 9078 --- [Geriatric Home Care System] [-auto-14-exec-1] org.hibernate.SQL                        : select p1_0.id,p1_0.created_at,p1_0.date_of_birth,p1_0.emergency_contact,p1_0.emergency_phone,p1_0.first_name,p1_0.is_active,p1_0.last_name,p1_0.medical_conditions,p1_0.updated_at from patients p1_0
2026-02-18T21:34:42.841Z DEBUG 9078 --- [Geriatric Home Care System] [-auto-14-exec-1] org.hibernate.SQL                        : select vs1_0.id,vs1_0.blood_pressure_diastolic,vs1_0.blood_pressure_systolic,vs1_0.created_at,vs1_0.deleted,vs1_0.heart_rate,vs1_0.measured_at,vs1_0.measurement_method,vs1_0.notes,vs1_0.oxygen_saturation,vs1_0.patient_id,vs1_0.position,vs1_0.recorded_by,vs1_0.respiratory_rate,vs1_0.temperature from vital_signs vs1_0 offset ? rows fetch first ? rows only
2026-02-18T21:34:42.842Z DEBUG 9078 --- [Geriatric Home Care System] [-auto-14-exec-1] org.hibernate.SQL                        : select a1_0.id,a1_0.acknowledged_at,a1_0.acknowledged_by,a1_0.created_at,a1_0.message,a1_0.notes,a1_0.patient_id,a1_0.resolved_at,a1_0.resolved_by,a1_0.severity,a1_0.status,a1_0.triggered_at,a1_0.triggered_rule_id,a1_0.vital_sign_id from alerts a1_0 offset ? rows fetch first ? rows only
2026-02-18T21:34:42.843Z DEBUG 9078 --- [Geriatric Home Care System] [-auto-14-exec-1] org.hibernate.SQL                        : select ar1_0.id,ar1_0.adherence_percentage,ar1_0.completed_tasks,ar1_0.end_date,ar1_0.expires_at,ar1_0.file_path,ar1_0.file_size,ar1_0.format,ar1_0.generated_at,ar1_0.generated_by,ar1_0.missed_tasks,ar1_0.patient_id,ar1_0.report_summary,ar1_0.report_title,ar1_0.report_type,ar1_0.start_date,ar1_0.time_period,ar1_0.total_tasks,ar1_0.trend from adherence_reports ar1_0 offset ? rows fetch first ? rows only
2026-02-18T21:34:42.843Z DEBUG 9078 --- [Geriatric Home Care System] [-auto-14-exec-1] org.hibernate.SQL                        : select count(*) from care_plans cp1_0
2026-02-18T21:34:42.843Z DEBUG 9078 --- [Geriatric Home Care System] [-auto-14-exec-1] org.hibernate.SQL                        : select cp1_0.id,cp1_0.assigned_caregiver_id,cp1_0.created_at,cp1_0.created_by_user_id,cp1_0.description,cp1_0.end_date,cp1_0.is_active,cp1_0.patient_id,cp1_0.priority,cp1_0.start_date,cp1_0.status,cp1_0.title,cp1_0.updated_at from care_plans cp1_0 where cp1_0.is_active offset ? rows fetch first ? rows only
2026-02-18T21:34:42.844Z DEBUG 9078 --- [Geriatric Home Care System] [-auto-14-exec-1] org.hibernate.SQL                        : select m1_0.id,m1_0.created_at,m1_0.created_by,m1_0.dosage,m1_0.expiration_date,m1_0.form,m1_0.generic_name,m1_0.is_active,m1_0.manufacturer,m1_0.name,m1_0.quantity_in_stock,m1_0.reorder_level,m1_0.updated_at,m1_0.updated_by from medications m1_0 where m1_0.is_active
2026-02-18T21:34:42.844Z DEBUG 9078 --- [Geriatric Home Care System] [-auto-14-exec-1] org.hibernate.SQL                        : select mar1_0.id,mar1_0.adherence_percentage,mar1_0.end_date,mar1_0.evening_adherence,mar1_0.expires_at,mar1_0.file_path,mar1_0.file_size,mar1_0.format,mar1_0.generated_at,mar1_0.generated_by,mar1_0.is_high_risk,mar1_0.late_doses,mar1_0.medication_id,mar1_0.missed_doses,mar1_0.morning_adherence,mar1_0.most_missed_time,mar1_0.patient_id,mar1_0.report_summary,mar1_0.report_title,mar1_0.report_type,mar1_0.start_date,mar1_0.taken_doses,mar1_0.time_period,mar1_0.total_scheduled_doses,mar1_0.trend,mar1_0.weekday_adherence,mar1_0.weekend_adherence from medication_adherence_reports mar1_0 offset ? rows fetch first ? rows only
]]></system-out>
  </testcase>
  <testcase name="getStatistics_noToken_returns401" classname="com.geriatriccare.integration.api.DashboardApiTest" time="0.437">
    <system-out><![CDATA[2026-02-18T21:34:42.858Z  INFO 9078 --- [Geriatric Home Care System] [-auto-14-exec-2] c.g.controller.api.v1.AuthController     : Registration request received for email: admin@test.com
2026-02-18T21:34:42.858Z  INFO 9078 --- [Geriatric Home Care System] [-auto-14-exec-2] com.geriatriccare.service.AuthService    : Attempting to register user with email: admin@test.com
2026-02-18T21:34:42.859Z DEBUG 9078 --- [Geriatric Home Care System] [-auto-14-exec-2] org.hibernate.SQL                        : select u1_0.id,u1_0.created_at,u1_0.created_by,u1_0.deleted,u1_0.deleted_at,u1_0.deleted_by,u1_0.email,u1_0.email_verification_token,u1_0.email_verification_token_expiry,u1_0.email_verified,u1_0.failed_login_attempts,u1_0.first_name,u1_0.last_login_at,u1_0.last_login_ip,u1_0.last_name,u1_0.locked_until,u1_0.mfa_enabled,u1_0.mfa_secret,u1_0.must_change_password,u1_0.password,u1_0.password_changed_at,u1_0.phone_number,u1_0.preferences,u1_0.profile_picture_url,u1_0.role,u1_0.status,u1_0.updated_at,u1_0.updated_by,u1_0.username from users u1_0 where u1_0.email=?
2026-02-18T21:34:42.860Z DEBUG 9078 --- [Geriatric Home Care System] [-auto-14-exec-2] org.hibernate.SQL                        : select u1_0.id from users u1_0 where u1_0.username=? fetch first ? rows only
2026-02-18T21:34:42.936Z  INFO 9078 --- [Geriatric Home Care System] [-auto-14-exec-2] com.geriatriccare.service.AuthService    : User registered successfully with ID: 18935f5d-7578-4e45-ac2f-e151950df125
2026-02-18T21:34:42.937Z DEBUG 9078 --- [Geriatric Home Care System] [-auto-14-exec-2] org.hibernate.SQL                        : insert into users (created_at,created_by,deleted,deleted_at,deleted_by,email,email_verification_token,email_verification_token_expiry,email_verified,failed_login_attempts,first_name,last_login_at,last_login_ip,last_name,locked_until,mfa_enabled,mfa_secret,must_change_password,password,password_changed_at,phone_number,preferences,profile_picture_url,role,status,updated_at,updated_by,username,id) values (?,?,?,?,?,?,?,?,?,?,?,?,?,?,?,?,?,?,?,?,?,?,?,?,?,?,?,?,?)
2026-02-18T21:34:42.938Z  INFO 9078 --- [Geriatric Home Care System] [-auto-14-exec-2] c.g.controller.api.v1.AuthController     : User registered successfully: admin@test.com
2026-02-18T21:34:43.033Z  INFO 9078 --- [Geriatric Home Care System] [-auto-14-exec-4] c.g.controller.api.v1.AuthController     : Registration request received for email: physician@test.com
2026-02-18T21:34:43.033Z  INFO 9078 --- [Geriatric Home Care System] [-auto-14-exec-4] com.geriatriccare.service.AuthService    : Attempting to register user with email: physician@test.com
2026-02-18T21:34:43.034Z DEBUG 9078 --- [Geriatric Home Care System] [-auto-14-exec-4] org.hibernate.SQL                        : select u1_0.id,u1_0.created_at,u1_0.created_by,u1_0.deleted,u1_0.deleted_at,u1_0.deleted_by,u1_0.email,u1_0.email_verification_token,u1_0.email_verification_token_expiry,u1_0.email_verified,u1_0.failed_login_attempts,u1_0.first_name,u1_0.last_login_at,u1_0.last_login_ip,u1_0.last_name,u1_0.locked_until,u1_0.mfa_enabled,u1_0.mfa_secret,u1_0.must_change_password,u1_0.password,u1_0.password_changed_at,u1_0.phone_number,u1_0.preferences,u1_0.profile_picture_url,u1_0.role,u1_0.status,u1_0.updated_at,u1_0.updated_by,u1_0.username from users u1_0 where u1_0.email=?
2026-02-18T21:34:43.035Z DEBUG 9078 --- [Geriatric Home Care System] [-auto-14-exec-4] org.hibernate.SQL                        : select u1_0.id from users u1_0 where u1_0.username=? fetch first ? rows only
2026-02-18T21:34:43.112Z  INFO 9078 --- [Geriatric Home Care System] [-auto-14-exec-4] com.geriatriccare.service.AuthService    : User registered successfully with ID: f5e45464-1717-4ee9-945a-1ecf434652e5
2026-02-18T21:34:43.113Z DEBUG 9078 --- [Geriatric Home Care System] [-auto-14-exec-4] org.hibernate.SQL                        : insert into users (created_at,created_by,deleted,deleted_at,deleted_by,email,email_verification_token,email_verification_token_expiry,email_verified,failed_login_attempts,first_name,last_login_at,last_login_ip,last_name,locked_until,mfa_enabled,mfa_secret,must_change_password,password,password_changed_at,phone_number,preferences,profile_picture_url,role,status,updated_at,updated_by,username,id) values (?,?,?,?,?,?,?,?,?,?,?,?,?,?,?,?,?,?,?,?,?,?,?,?,?,?,?,?,?)
2026-02-18T21:34:43.114Z  INFO 9078 --- [Geriatric Home Care System] [-auto-14-exec-4] c.g.controller.api.v1.AuthController     : User registered successfully: physician@test.com
2026-02-18T21:34:43.117Z  INFO 9078 --- [Geriatric Home Care System] [-auto-14-exec-6] c.g.controller.api.v1.AuthController     : Registration request received for email: caregiver@test.com
2026-02-18T21:34:43.117Z  INFO 9078 --- [Geriatric Home Care System] [-auto-14-exec-6] com.geriatriccare.service.AuthService    : Attempting to register user with email: caregiver@test.com
[...]
2026-02-18T21:34:45.553Z  INFO 9078 --- [Geriatric Home Care System] [auto-14-exec-10] c.g.controller.DashboardController       : GET /api/dashboard/statistics
2026-02-18T21:34:45.553Z  INFO 9078 --- [Geriatric Home Care System] [auto-14-exec-10] c.g.service.DashboardService             : Generating health outcomes dashboard
2026-02-18T21:34:45.553Z DEBUG 9078 --- [Geriatric Home Care System] [auto-14-exec-10] org.hibernate.SQL                        : select count(*) from patients p1_0
2026-02-18T21:34:45.553Z DEBUG 9078 --- [Geriatric Home Care System] [auto-14-exec-10] org.hibernate.SQL                        : select p1_0.id,p1_0.created_at,p1_0.date_of_birth,p1_0.emergency_contact,p1_0.emergency_phone,p1_0.first_name,p1_0.is_active,p1_0.last_name,p1_0.medical_conditions,p1_0.updated_at from patients p1_0 where p1_0.is_active offset ? rows fetch first ? rows only
2026-02-18T21:34:45.554Z DEBUG 9078 --- [Geriatric Home Care System] [auto-14-exec-10] org.hibernate.SQL                        : select p1_0.id,p1_0.created_at,p1_0.date_of_birth,p1_0.emergency_contact,p1_0.emergency_phone,p1_0.first_name,p1_0.is_active,p1_0.last_name,p1_0.medical_conditions,p1_0.updated_at from patients p1_0
2026-02-18T21:34:45.554Z DEBUG 9078 --- [Geriatric Home Care System] [auto-14-exec-10] org.hibernate.SQL                        : select vs1_0.id,vs1_0.blood_pressure_diastolic,vs1_0.blood_pressure_systolic,vs1_0.created_at,vs1_0.deleted,vs1_0.heart_rate,vs1_0.measured_at,vs1_0.measurement_method,vs1_0.notes,vs1_0.oxygen_saturation,vs1_0.patient_id,vs1_0.position,vs1_0.recorded_by,vs1_0.respiratory_rate,vs1_0.temperature from vital_signs vs1_0 offset ? rows fetch first ? rows only
2026-02-18T21:34:45.555Z DEBUG 9078 --- [Geriatric Home Care System] [auto-14-exec-10] org.hibernate.SQL                        : select a1_0.id,a1_0.acknowledged_at,a1_0.acknowledged_by,a1_0.created_at,a1_0.message,a1_0.notes,a1_0.patient_id,a1_0.resolved_at,a1_0.resolved_by,a1_0.severity,a1_0.status,a1_0.triggered_at,a1_0.triggered_rule_id,a1_0.vital_sign_id from alerts a1_0 offset ? rows fetch first ? rows only
2026-02-18T21:34:45.555Z DEBUG 9078 --- [Geriatric Home Care System] [auto-14-exec-10] org.hibernate.SQL                        : select ar1_0.id,ar1_0.adherence_percentage,ar1_0.completed_tasks,ar1_0.end_date,ar1_0.expires_at,ar1_0.file_path,ar1_0.file_size,ar1_0.format,ar1_0.generated_at,ar1_0.generated_by,ar1_0.missed_tasks,ar1_0.patient_id,ar1_0.report_summary,ar1_0.report_title,ar1_0.report_type,ar1_0.start_date,ar1_0.time_period,ar1_0.total_tasks,ar1_0.trend from adherence_reports ar1_0 offset ? rows fetch first ? rows only
2026-02-18T21:34:45.556Z DEBUG 9078 --- [Geriatric Home Care System] [auto-14-exec-10] org.hibernate.SQL                        : select count(*) from care_plans cp1_0
2026-02-18T21:34:45.556Z DEBUG 9078 --- [Geriatric Home Care System] [auto-14-exec-10] org.hibernate.SQL                        : select cp1_0.id,cp1_0.assigned_caregiver_id,cp1_0.created_at,cp1_0.created_by_user_id,cp1_0.description,cp1_0.end_date,cp1_0.is_active,cp1_0.patient_id,cp1_0.priority,cp1_0.start_date,cp1_0.status,cp1_0.title,cp1_0.updated_at from care_plans cp1_0 where cp1_0.is_active offset ? rows fetch first ? rows only
2026-02-18T21:34:45.556Z DEBUG 9078 --- [Geriatric Home Care System] [auto-14-exec-10] org.hibernate.SQL                        : select m1_0.id,m1_0.created_at,m1_0.created_by,m1_0.dosage,m1_0.expiration_date,m1_0.form,m1_0.generic_name,m1_0.is_active,m1_0.manufacturer,m1_0.name,m1_0.quantity_in_stock,m1_0.reorder_level,m1_0.updated_at,m1_0.updated_by from medications m1_0 where m1_0.is_active
2026-02-18T21:34:45.557Z DEBUG 9078 --- [Geriatric Home Care System] [auto-14-exec-10] org.hibernate.SQL                        : select mar1_0.id,mar1_0.adherence_percentage,mar1_0.end_date,mar1_0.evening_adherence,mar1_0.expires_at,mar1_0.file_path,mar1_0.file_size,mar1_0.format,mar1_0.generated_at,mar1_0.generated_by,mar1_0.is_high_risk,mar1_0.late_doses,mar1_0.medication_id,mar1_0.missed_doses,mar1_0.morning_adherence,mar1_0.most_missed_time,mar1_0.patient_id,mar1_0.report_summary,mar1_0.report_title,mar1_0.report_type,mar1_0.start_date,mar1_0.taken_doses,mar1_0.time_period,mar1_0.total_scheduled_doses,mar1_0.trend,mar1_0.weekday_adherence,mar1_0.weekend_adherence from medication_adherence_reports mar1_0 offset ? rows fetch first ? rows only
]]></system-out>
  </testcase>
  <testcase name="postStatistics_nullBody_returns200" classname="com.geriatriccare.integration.api.DashboardApiTest" time="0.423">
    <system-out><![CDATA[2026-02-18T21:34:45.577Z  INFO 9078 --- [Geriatric Home Care System] [-auto-14-exec-1] c.g.controller.api.v1.AuthController     : Registration request received for email: admin@test.com
2026-02-18T21:34:45.577Z  INFO 9078 --- [Geriatric Home Care System] [-auto-14-exec-1] com.geriatriccare.service.AuthService    : Attempting to register user with email: admin@test.com
2026-02-18T21:34:45.578Z DEBUG 9078 --- [Geriatric Home Care System] [-auto-14-exec-1] org.hibernate.SQL                        : select u1_0.id,u1_0.created_at,u1_0.created_by,u1_0.deleted,u1_0.deleted_at,u1_0.deleted_by,u1_0.email,u1_0.email_verification_token,u1_0.email_verification_token_expiry,u1_0.email_verified,u1_0.failed_login_attempts,u1_0.first_name,u1_0.last_login_at,u1_0.last_login_ip,u1_0.last_name,u1_0.locked_until,u1_0.mfa_enabled,u1_0.mfa_secret,u1_0.must_change_password,u1_0.password,u1_0.password_changed_at,u1_0.phone_number,u1_0.preferences,u1_0.profile_picture_url,u1_0.role,u1_0.status,u1_0.updated_at,u1_0.updated_by,u1_0.username from users u1_0 where u1_0.email=?
2026-02-18T21:34:45.578Z DEBUG 9078 --- [Geriatric Home Care System] [-auto-14-exec-1] org.hibernate.SQL                        : select u1_0.id from users u1_0 where u1_0.username=? fetch first ? rows only
2026-02-18T21:34:45.688Z  INFO 9078 --- [Geriatric Home Care System] [-auto-14-exec-1] com.geriatriccare.service.AuthService    : User registered successfully with ID: a06c819c-71be-4b51-9ca4-3f312f88803b
2026-02-18T21:34:45.689Z DEBUG 9078 --- [Geriatric Home Care System] [-auto-14-exec-1] org.hibernate.SQL                        : insert into users (created_at,created_by,deleted,deleted_at,deleted_by,email,email_verification_token,email_verification_token_expiry,email_verified,failed_login_attempts,first_name,last_login_at,last_login_ip,last_name,locked_until,mfa_enabled,mfa_secret,must_change_password,password,password_changed_at,phone_number,preferences,profile_picture_url,role,status,updated_at,updated_by,username,id) values (?,?,?,?,?,?,?,?,?,?,?,?,?,?,?,?,?,?,?,?,?,?,?,?,?,?,?,?,?)
2026-02-18T21:34:45.690Z  INFO 9078 --- [Geriatric Home Care System] [-auto-14-exec-1] c.g.controller.api.v1.AuthController     : User registered successfully: admin@test.com
2026-02-18T21:34:45.698Z  INFO 9078 --- [Geriatric Home Care System] [-auto-14-exec-3] c.g.controller.api.v1.AuthController     : Registration request received for email: physician@test.com
2026-02-18T21:34:45.698Z  INFO 9078 --- [Geriatric Home Care System] [-auto-14-exec-3] com.geriatriccare.service.AuthService    : Attempting to register user with email: physician@test.com
2026-02-18T21:34:45.698Z DEBUG 9078 --- [Geriatric Home Care System] [-auto-14-exec-3] org.hibernate.SQL                        : select u1_0.id,u1_0.created_at,u1_0.created_by,u1_0.deleted,u1_0.deleted_at,u1_0.deleted_by,u1_0.email,u1_0.email_verification_token,u1_0.email_verification_token_expiry,u1_0.email_verified,u1_0.failed_login_attempts,u1_0.first_name,u1_0.last_login_at,u1_0.last_login_ip,u1_0.last_name,u1_0.locked_until,u1_0.mfa_enabled,u1_0.mfa_secret,u1_0.must_change_password,u1_0.password,u1_0.password_changed_at,u1_0.phone_number,u1_0.preferences,u1_0.profile_picture_url,u1_0.role,u1_0.status,u1_0.updated_at,u1_0.updated_by,u1_0.username from users u1_0 where u1_0.email=?
2026-02-18T21:34:45.699Z DEBUG 9078 --- [Geriatric Home Care System] [-auto-14-exec-3] org.hibernate.SQL                        : select u1_0.id from users u1_0 where u1_0.username=? fetch first ? rows only
2026-02-18T21:34:45.778Z  INFO 9078 --- [Geriatric Home Care System] [-auto-14-exec-3] com.geriatriccare.service.AuthService    : User registered successfully with ID: c554f59a-84dc-4762-9593-e07b085ce7ba
2026-02-18T21:34:45.780Z DEBUG 9078 --- [Geriatric Home Care System] [-auto-14-exec-3] org.hibernate.SQL                        : insert into users (created_at,created_by,deleted,deleted_at,deleted_by,email,email_verification_token,email_verification_token_expiry,email_verified,failed_login_attempts,first_name,last_login_at,last_login_ip,last_name,locked_until,mfa_enabled,mfa_secret,must_change_password,password,password_changed_at,phone_number,preferences,profile_picture_url,role,status,updated_at,updated_by,username,id) values (?,?,?,?,?,?,?,?,?,?,?,?,?,?,?,?,?,?,?,?,?,?,?,?,?,?,?,?,?)
2026-02-18T21:34:45.780Z  INFO 9078 --- [Geriatric Home Care System] [-auto-14-exec-3] c.g.controller.api.v1.AuthController     : User registered successfully: physician@test.com
2026-02-18T21:34:45.783Z  INFO 9078 --- [Geriatric Home Care System] [-auto-14-exec-2] c.g.controller.api.v1.AuthController     : Registration request received for email: caregiver@test.com
2026-02-18T21:34:45.783Z  INFO 9078 --- [Geriatric Home Care System] [-auto-14-exec-2] com.geriatriccare.service.AuthService    : Attempting to register user with email: caregiver@test.com
2026-02-18T21:34:45.784Z DEBUG 9078 --- [Geriatric Home Care System] [-auto-14-exec-2] org.hibernate.SQL                        : select u1_0.id,u1_0.created_at,u1_0.created_by,u1_0.deleted,u1_0.deleted_at,u1_0.deleted_by,u1_0.email,u1_0.email_verification_token,u1_0.email_verification_token_expiry,u1_0.email_verified,u1_0.failed_login_attempts,u1_0.first_name,u1_0.last_login_at,u1_0.last_login_ip,u1_0.last_name,u1_0.locked_until,u1_0.mfa_enabled,u1_0.mfa_secret,u1_0.must_change_password,u1_0.password,u1_0.password_changed_at,u1_0.phone_number,u1_0.preferences,u1_0.profile_picture_url,u1_0.role,u1_0.status,u1_0.updated_at,u1_0.updated_by,u1_0.username from users u1_0 where u1_0.email=?
2026-02-18T21:34:45.785Z DEBUG 9078 --- [Geriatric Home Care System] [-auto-14-exec-2] org.hibernate.SQL                        : select u1_0.id from users u1_0 where u1_0.username=? fetch first ? rows only
2026-02-18T21:34:45.858Z  INFO 9078 --- [Geriatric Home Care System] [-auto-14-exec-2] com.geriatriccare.service.AuthService    : User registered successfully with ID: 75184459-1fc5-4aa2-915a-749bbc67b87a
2026-02-18T21:34:45.859Z DEBUG 9078 --- [Geriatric Home Care System] [-auto-14-exec-2] org.hibernate.SQL                        : insert into users (created_at,created_by,deleted,deleted_at,deleted_by,email,email_verification_token,email_verification_token_expiry,email_verified,failed_login_attempts,first_name,last_login_at,last_login_ip,last_name,locked_until,mfa_enabled,mfa_secret,must_change_password,password,password_changed_at,phone_number,preferences,profile_picture_url,role,status,updated_at,updated_by,username,id) values (?,?,?,?,?,?,?,?,?,?,?,?,?,?,?,?,?,?,?,?,?,?,?,?,?,?,?,?,?)
2026-02-18T21:34:45.859Z  INFO 9078 --- [Geriatric Home Care System] [-auto-14-exec-2] c.g.controller.api.v1.AuthController     : User registered successfully: caregiver@test.com
2026-02-18T21:34:45.862Z  INFO 9078 --- [Geriatric Home Care System] [-auto-14-exec-2] c.g.controller.api.v1.AuthController     : Registration request received for email: family@test.com
2026-02-18T21:34:45.863Z  INFO 9078 --- [Geriatric Home Care System] [-auto-14-exec-2] com.geriatriccare.service.AuthService    : Attempting to register user with email: family@test.com
2026-02-18T21:34:45.863Z DEBUG 9078 --- [Geriatric Home Care System] [-auto-14-exec-2] org.hibernate.SQL                        : select u1_0.id,u1_0.created_at,u1_0.created_by,u1_0.deleted,u1_0.deleted_at,u1_0.deleted_by,u1_0.email,u1_0.email_verification_token,u1_0.email_verification_token_expiry,u1_0.email_verified,u1_0.failed_login_attempts,u1_0.first_name,u1_0.last_login_at,u1_0.last_login_ip,u1_0.last_name,u1_0.locked_until,u1_0.mfa_enabled,u1_0.mfa_secret,u1_0.must_change_password,u1_0.password,u1_0.password_changed_at,u1_0.phone_number,u1_0.preferences,u1_0.profile_picture_url,u1_0.role,u1_0.status,u1_0.updated_at,u1_0.updated_by,u1_0.username from users u1_0 where u1_0.email=?
2026-02-18T21:34:45.864Z DEBUG 9078 --- [Geriatric Home Care System] [-auto-14-exec-2] org.hibernate.SQL                        : select u1_0.id from users u1_0 where u1_0.username=? fetch first ? rows only
2026-02-18T21:34:45.948Z  INFO 9078 --- [Geriatric Home Care System] [-auto-14-exec-2] com.geriatriccare.service.AuthService    : User registered successfully with ID: 42606000-5eba-40b9-8783-42eb336d6b78
2026-02-18T21:34:45.951Z DEBUG 9078 --- [Geriatric Home Care System] [-auto-14-exec-2] org.hibernate.SQL                        : insert into users (created_at,created_by,deleted,deleted_at,deleted_by,email,email_verification_token,email_verification_token_expiry,email_verified,failed_login_attempts,first_name,last_login_at,last_login_ip,last_name,locked_until,mfa_enabled,mfa_secret,must_change_password,password,password_changed_at,phone_number,preferences,profile_picture_url,role,status,updated_at,updated_by,username,id) values (?,?,?,?,?,?,?,?,?,?,?,?,?,?,?,?,?,?,?,?,?,?,?,?,?,?,?,?,?)
2026-02-18T21:34:45.953Z  INFO 9078 --- [Geriatric Home Care System] [-auto-14-exec-2] c.g.controller.api.v1.AuthController     : User registered successfully: family@test.com
2026-02-18T21:34:45.967Z DEBUG 9078 --- [Geriatric Home Care System] [-auto-14-exec-4] org.hibernate.SQL                        : select u1_0.id,u1_0.created_at,u1_0.created_by,u1_0.deleted,u1_0.deleted_at,u1_0.deleted_by,u1_0.email,u1_0.email_verification_token,u1_0.email_verification_token_expiry,u1_0.email_verified,u1_0.failed_login_attempts,u1_0.first_name,u1_0.last_login_at,u1_0.last_login_ip,u1_0.last_name,u1_0.locked_until,u1_0.mfa_enabled,u1_0.mfa_secret,u1_0.must_change_password,u1_0.password,u1_0.password_changed_at,u1_0.phone_number,u1_0.preferences,u1_0.profile_picture_url,u1_0.role,u1_0.status,u1_0.updated_at,u1_0.updated_by,u1_0.username from users u1_0 where u1_0.username=?
2026-02-18T21:34:45.968Z DEBUG 9078 --- [Geriatric Home Care System] [-auto-14-exec-4] org.hibernate.SQL                        : select u1_0.id,u1_0.created_at,u1_0.created_by,u1_0.deleted,u1_0.deleted_at,u1_0.deleted_by,u1_0.email,u1_0.email_verification_token,u1_0.email_verification_token_expiry,u1_0.email_verified,u1_0.failed_login_attempts,u1_0.first_name,u1_0.last_login_at,u1_0.last_login_ip,u1_0.last_name,u1_0.locked_until,u1_0.mfa_enabled,u1_0.mfa_secret,u1_0.must_change_password,u1_0.password,u1_0.password_changed_at,u1_0.phone_number,u1_0.preferences,u1_0.profile_picture_url,u1_0.role,u1_0.status,u1_0.updated_at,u1_0.updated_by,u1_0.username from users u1_0 where u1_0.email=?
2026-02-18T21:34:45.970Z  INFO 9078 --- [Geriatric Home Care System] [-auto-14-exec-4] c.g.controller.DashboardController       : POST /api/dashboard/statistics
2026-02-18T21:34:45.970Z  INFO 9078 --- [Geriatric Home Care System] [-auto-14-exec-4] c.g.service.DashboardService             : Generating health outcomes dashboard
2026-02-18T21:34:45.970Z DEBUG 9078 --- [Geriatric Home Care System] [-auto-14-exec-4] org.hibernate.SQL                        : select count(*) from patients p1_0
2026-02-18T21:34:45.973Z DEBUG 9078 --- [Geriatric Home Care System] [-auto-14-exec-4] org.hibernate.SQL                        : select p1_0.id,p1_0.created_at,p1_0.date_of_birth,p1_0.emergency_contact,p1_0.emergency_phone,p1_0.first_name,p1_0.is_active,p1_0.last_name,p1_0.medical_conditions,p1_0.updated_at from patients p1_0 where p1_0.is_active offset ? rows fetch first ? rows only
2026-02-18T21:34:45.973Z DEBUG 9078 --- [Geriatric Home Care System] [-auto-14-exec-4] org.hibernate.SQL                        : select p1_0.id,p1_0.created_at,p1_0.date_of_birth,p1_0.emergency_contact,p1_0.emergency_phone,p1_0.first_name,p1_0.is_active,p1_0.last_name,p1_0.medical_conditions,p1_0.updated_at from patients p1_0
2026-02-18T21:34:45.974Z DEBUG 9078 --- [Geriatric Home Care System] [-auto-14-exec-4] org.hibernate.SQL                        : select vs1_0.id,vs1_0.blood_pressure_diastolic,vs1_0.blood_pressure_systolic,vs1_0.created_at,vs1_0.deleted,vs1_0.heart_rate,vs1_0.measured_at,vs1_0.measurement_method,vs1_0.notes,vs1_0.oxygen_saturation,vs1_0.patient_id,vs1_0.position,vs1_0.recorded_by,vs1_0.respiratory_rate,vs1_0.temperature from vital_signs vs1_0 offset ? rows fetch first ? rows only
2026-02-18T21:34:45.974Z DEBUG 9078 --- [Geriatric Home Care System] [-auto-14-exec-4] org.hibernate.SQL                        : select a1_0.id,a1_0.acknowledged_at,a1_0.acknowledged_by,a1_0.created_at,a1_0.message,a1_0.notes,a1_0.patient_id,a1_0.resolved_at,a1_0.resolved_by,a1_0.severity,a1_0.status,a1_0.triggered_at,a1_0.triggered_rule_id,a1_0.vital_sign_id from alerts a1_0 offset ? rows fetch first ? rows only
2026-02-18T21:34:45.975Z DEBUG 9078 --- [Geriatric Home Care System] [-auto-14-exec-4] org.hibernate.SQL                        : select ar1_0.id,ar1_0.adherence_percentage,ar1_0.completed_tasks,ar1_0.end_date,ar1_0.expires_at,ar1_0.file_path,ar1_0.file_size,ar1_0.format,ar1_0.generated_at,ar1_0.generated_by,ar1_0.missed_tasks,ar1_0.patient_id,ar1_0.report_summary,ar1_0.report_title,ar1_0.report_type,ar1_0.start_date,ar1_0.time_period,ar1_0.total_tasks,ar1_0.trend from adherence_reports ar1_0 offset ? rows fetch first ? rows only
2026-02-18T21:34:45.975Z DEBUG 9078 --- [Geriatric Home Care System] [-auto-14-exec-4] org.hibernate.SQL                        : select count(*) from care_plans cp1_0
2026-02-18T21:34:45.978Z DEBUG 9078 --- [Geriatric Home Care System] [-auto-14-exec-4] org.hibernate.SQL                        : select cp1_0.id,cp1_0.assigned_caregiver_id,cp1_0.created_at,cp1_0.created_by_user_id,cp1_0.description,cp1_0.end_date,cp1_0.is_active,cp1_0.patient_id,cp1_0.priority,cp1_0.start_date,cp1_0.status,cp1_0.title,cp1_0.updated_at from care_plans cp1_0 where cp1_0.is_active offset ? rows fetch first ? rows only
2026-02-18T21:34:45.978Z DEBUG 9078 --- [Geriatric Home Care System] [-auto-14-exec-4] org.hibernate.SQL                        : select m1_0.id,m1_0.created_at,m1_0.created_by,m1_0.dosage,m1_0.expiration_date,m1_0.form,m1_0.generic_name,m1_0.is_active,m1_0.manufacturer,m1_0.name,m1_0.quantity_in_stock,m1_0.reorder_level,m1_0.updated_at,m1_0.updated_by from medications m1_0 where m1_0.is_active
2026-02-18T21:34:45.979Z DEBUG 9078 --- [Geriatric Home Care System] [-auto-14-exec-4] org.hibernate.SQL                        : select mar1_0.id,mar1_0.adherence_percentage,mar1_0.end_date,mar1_0.evening_adherence,mar1_0.expires_at,mar1_0.file_path,mar1_0.file_size,mar1_0.format,mar1_0.generated_at,mar1_0.generated_by,mar1_0.is_high_risk,mar1_0.late_doses,mar1_0.medication_id,mar1_0.missed_doses,mar1_0.morning_adherence,mar1_0.most_missed_time,mar1_0.patient_id,mar1_0.report_summary,mar1_0.report_title,mar1_0.report_type,mar1_0.start_date,mar1_0.taken_doses,mar1_0.time_period,mar1_0.total_scheduled_doses,mar1_0.trend,mar1_0.weekday_adherence,mar1_0.weekend_adherence from medication_adherence_reports mar1_0 offset ? rows fetch first ? rows only
]]></system-out>
  </testcase>
</testsuite>